ERROR - 2025-12-08 15:50:14 --> Error connecting to the database: mysqli_sql_exception: Access denied for user 'root'@'localhost' (using password: NO) in C:\wamp64\www\backendUASmoba\system\Database\MySQLi\Connection.php:201
Stack trace:
#0 C:\wamp64\www\backendUASmoba\system\Database\MySQLi\Connection.php(201): mysqli->real_connect('127.0.0.1', 'root', Object(SensitiveParameterValue), 'uasmoba1', 3306, '', 0)
#1 C:\wamp64\www\backendUASmoba\system\Database\BaseConnection.php(419): CodeIgniter\Database\MySQLi\Connection->connect(false)
#2 C:\wamp64\www\backendUASmoba\system\Database\BaseConnection.php(614): CodeIgniter\Database\BaseConnection->initialize()
#3 C:\wamp64\www\backendUASmoba\system\Database\BaseBuilder.php(1649): CodeIgniter\Database\BaseConnection->query('SELECT *\nFROM `...', Array, false)
#4 C:\wamp64\www\backendUASmoba\system\Model.php(286): CodeIgniter\Database\BaseBuilder->get()
#5 C:\wamp64\www\backendUASmoba\system\BaseModel.php(677): CodeIgniter\Model->doFindAll(0, 0)
#6 C:\wamp64\www\backendUASmoba\app\Controllers\ResepController.php(18): CodeIgniter\BaseModel->findAll()
#7 C:\wamp64\www\backendUASmoba\system\CodeIgniter.php(933): App\Controllers\ResepController->index()
#8 C:\wamp64\www\backendUASmoba\system\CodeIgniter.php(507): CodeIgniter\CodeIgniter->runController(Object(App\Controllers\ResepController))
#9 C:\wamp64\www\backendUASmoba\system\CodeIgniter.php(354): CodeIgniter\CodeIgniter->handleRequest(NULL, Object(Config\Cache), false)
#10 C:\wamp64\www\backendUASmoba\system\Boot.php(363): CodeIgniter\CodeIgniter->run()
#11 C:\wamp64\www\backendUASmoba\system\Boot.php(68): CodeIgniter\Boot::runCodeIgniter(Object(CodeIgniter\CodeIgniter))
#12 C:\wamp64\www\backendUASmoba\public\index.php(59): CodeIgniter\Boot::bootWeb(Object(Config\Paths))
#13 C:\wamp64\www\backendUASmoba\system\rewrite.php(44): require_once('C:\\wamp64\\www\\b...')
#14 {main}

Next CodeIgniter\Database\Exceptions\DatabaseException: Access denied for user '****'@'localhost' (using password: NO) in C:\wamp64\www\backendUASmoba\system\Database\MySQLi\Connection.php:246
Stack trace:
#0 C:\wamp64\www\backendUASmoba\system\Database\BaseConnection.php(419): CodeIgniter\Database\MySQLi\Connection->connect(false)
#1 C:\wamp64\www\backendUASmoba\system\Database\BaseConnection.php(614): CodeIgniter\Database\BaseConnection->initialize()
#2 C:\wamp64\www\backendUASmoba\system\Database\BaseBuilder.php(1649): CodeIgniter\Database\BaseConnection->query('SELECT *\nFROM `...', Array, false)
#3 C:\wamp64\www\backendUASmoba\system\Model.php(286): CodeIgniter\Database\BaseBuilder->get()
#4 C:\wamp64\www\backendUASmoba\system\BaseModel.php(677): CodeIgniter\Model->doFindAll(0, 0)
#5 C:\wamp64\www\backendUASmoba\app\Controllers\ResepController.php(18): CodeIgniter\BaseModel->findAll()
#6 C:\wamp64\www\backendUASmoba\system\CodeIgniter.php(933): App\Controllers\ResepController->index()
#7 C:\wamp64\www\backendUASmoba\system\CodeIgniter.php(507): CodeIgniter\CodeIgniter->runController(Object(App\Controllers\ResepController))
#8 C:\wamp64\www\backendUASmoba\system\CodeIgniter.php(354): CodeIgniter\CodeIgniter->handleRequest(NULL, Object(Config\Cache), false)
#9 C:\wamp64\www\backendUASmoba\system\Boot.php(363): CodeIgniter\CodeIgniter->run()
#10 C:\wamp64\www\backendUASmoba\system\Boot.php(68): CodeIgniter\Boot::runCodeIgniter(Object(CodeIgniter\CodeIgniter))
#11 C:\wamp64\www\backendUASmoba\public\index.php(59): CodeIgniter\Boot::bootWeb(Object(Config\Paths))
#12 C:\wamp64\www\backendUASmoba\system\rewrite.php(44): require_once('C:\\wamp64\\www\\b...')
#13 {main}
CRITICAL - 2025-12-08 15:50:14 --> CodeIgniter\Database\Exceptions\DatabaseException: Unable to connect to the database.
Main connection [MySQLi]: Access denied for user '****'@'localhost' (using password: NO)
[Method: GET, Route: api/resep]
in SYSTEMPATH\Database\BaseConnection.php on line 465.
 1 SYSTEMPATH\Database\BaseConnection.php(614): CodeIgniter\Database\BaseConnection->initialize()
 2 SYSTEMPATH\Database\BaseBuilder.php(1649): CodeIgniter\Database\BaseConnection->query('SELECT *
FROM `recipes`', [], false)
 3 SYSTEMPATH\Model.php(286): CodeIgniter\Database\BaseBuilder->get()
 4 SYSTEMPATH\BaseModel.php(677): CodeIgniter\Model->doFindAll(0, 0)
 5 APPPATH\Controllers\ResepController.php(18): CodeIgniter\BaseModel->findAll()
 6 SYSTEMPATH\CodeIgniter.php(933): App\Controllers\ResepController->index()
 7 SYSTEMPATH\CodeIgniter.php(507): CodeIgniter\CodeIgniter->runController(Object(App\Controllers\ResepController))
 8 SYSTEMPATH\CodeIgniter.php(354): CodeIgniter\CodeIgniter->handleRequest(null, Object(Config\Cache), false)
 9 SYSTEMPATH\Boot.php(363): CodeIgniter\CodeIgniter->run()
10 SYSTEMPATH\Boot.php(68): CodeIgniter\Boot::runCodeIgniter(Object(CodeIgniter\CodeIgniter))
11 FCPATH\index.php(59): CodeIgniter\Boot::bootWeb(Object(Config\Paths))
12 SYSTEMPATH\rewrite.php(44): require_once('C:\\wamp64\\www\\backendUASmoba\\public\\index.php')
ERROR - 2025-12-08 15:52:31 --> Error connecting to the database: mysqli_sql_exception: Access denied for user 'root'@'localhost' (using password: NO) in C:\wamp64\www\backendUASmoba\system\Database\MySQLi\Connection.php:201
Stack trace:
#0 C:\wamp64\www\backendUASmoba\system\Database\MySQLi\Connection.php(201): mysqli->real_connect('127.0.0.1', 'root', Object(SensitiveParameterValue), 'uasmoba1', 3306, '', 0)
#1 C:\wamp64\www\backendUASmoba\system\Database\BaseConnection.php(419): CodeIgniter\Database\MySQLi\Connection->connect(false)
#2 C:\wamp64\www\backendUASmoba\system\Database\BaseConnection.php(614): CodeIgniter\Database\BaseConnection->initialize()
#3 C:\wamp64\www\backendUASmoba\system\Database\BaseBuilder.php(1649): CodeIgniter\Database\BaseConnection->query('SELECT *\nFROM `...', Array, false)
#4 C:\wamp64\www\backendUASmoba\system\Model.php(286): CodeIgniter\Database\BaseBuilder->get()
#5 C:\wamp64\www\backendUASmoba\system\BaseModel.php(677): CodeIgniter\Model->doFindAll(0, 0)
#6 C:\wamp64\www\backendUASmoba\app\Controllers\ResepController.php(18): CodeIgniter\BaseModel->findAll()
#7 C:\wamp64\www\backendUASmoba\system\CodeIgniter.php(933): App\Controllers\ResepController->index()
#8 C:\wamp64\www\backendUASmoba\system\CodeIgniter.php(507): CodeIgniter\CodeIgniter->runController(Object(App\Controllers\ResepController))
#9 C:\wamp64\www\backendUASmoba\system\CodeIgniter.php(354): CodeIgniter\CodeIgniter->handleRequest(NULL, Object(Config\Cache), false)
#10 C:\wamp64\www\backendUASmoba\system\Boot.php(363): CodeIgniter\CodeIgniter->run()
#11 C:\wamp64\www\backendUASmoba\system\Boot.php(68): CodeIgniter\Boot::runCodeIgniter(Object(CodeIgniter\CodeIgniter))
#12 C:\wamp64\www\backendUASmoba\public\index.php(59): CodeIgniter\Boot::bootWeb(Object(Config\Paths))
#13 C:\wamp64\www\backendUASmoba\system\rewrite.php(44): require_once('C:\\wamp64\\www\\b...')
#14 {main}

Next CodeIgniter\Database\Exceptions\DatabaseException: Access denied for user '****'@'localhost' (using password: NO) in C:\wamp64\www\backendUASmoba\system\Database\MySQLi\Connection.php:246
Stack trace:
#0 C:\wamp64\www\backendUASmoba\system\Database\BaseConnection.php(419): CodeIgniter\Database\MySQLi\Connection->connect(false)
#1 C:\wamp64\www\backendUASmoba\system\Database\BaseConnection.php(614): CodeIgniter\Database\BaseConnection->initialize()
#2 C:\wamp64\www\backendUASmoba\system\Database\BaseBuilder.php(1649): CodeIgniter\Database\BaseConnection->query('SELECT *\nFROM `...', Array, false)
#3 C:\wamp64\www\backendUASmoba\system\Model.php(286): CodeIgniter\Database\BaseBuilder->get()
#4 C:\wamp64\www\backendUASmoba\system\BaseModel.php(677): CodeIgniter\Model->doFindAll(0, 0)
#5 C:\wamp64\www\backendUASmoba\app\Controllers\ResepController.php(18): CodeIgniter\BaseModel->findAll()
#6 C:\wamp64\www\backendUASmoba\system\CodeIgniter.php(933): App\Controllers\ResepController->index()
#7 C:\wamp64\www\backendUASmoba\system\CodeIgniter.php(507): CodeIgniter\CodeIgniter->runController(Object(App\Controllers\ResepController))
#8 C:\wamp64\www\backendUASmoba\system\CodeIgniter.php(354): CodeIgniter\CodeIgniter->handleRequest(NULL, Object(Config\Cache), false)
#9 C:\wamp64\www\backendUASmoba\system\Boot.php(363): CodeIgniter\CodeIgniter->run()
#10 C:\wamp64\www\backendUASmoba\system\Boot.php(68): CodeIgniter\Boot::runCodeIgniter(Object(CodeIgniter\CodeIgniter))
#11 C:\wamp64\www\backendUASmoba\public\index.php(59): CodeIgniter\Boot::bootWeb(Object(Config\Paths))
#12 C:\wamp64\www\backendUASmoba\system\rewrite.php(44): require_once('C:\\wamp64\\www\\b...')
#13 {main}
CRITICAL - 2025-12-08 15:52:31 --> CodeIgniter\Database\Exceptions\DatabaseException: Unable to connect to the database.
Main connection [MySQLi]: Access denied for user '****'@'localhost' (using password: NO)
[Method: GET, Route: api/resep]
in SYSTEMPATH\Database\BaseConnection.php on line 465.
 1 SYSTEMPATH\Database\BaseConnection.php(614): CodeIgniter\Database\BaseConnection->initialize()
 2 SYSTEMPATH\Database\BaseBuilder.php(1649): CodeIgniter\Database\BaseConnection->query('SELECT *
FROM `recipes`', [], false)
 3 SYSTEMPATH\Model.php(286): CodeIgniter\Database\BaseBuilder->get()
 4 SYSTEMPATH\BaseModel.php(677): CodeIgniter\Model->doFindAll(0, 0)
 5 APPPATH\Controllers\ResepController.php(18): CodeIgniter\BaseModel->findAll()
 6 SYSTEMPATH\CodeIgniter.php(933): App\Controllers\ResepController->index()
 7 SYSTEMPATH\CodeIgniter.php(507): CodeIgniter\CodeIgniter->runController(Object(App\Controllers\ResepController))
 8 SYSTEMPATH\CodeIgniter.php(354): CodeIgniter\CodeIgniter->handleRequest(null, Object(Config\Cache), false)
 9 SYSTEMPATH\Boot.php(363): CodeIgniter\CodeIgniter->run()
10 SYSTEMPATH\Boot.php(68): CodeIgniter\Boot::runCodeIgniter(Object(CodeIgniter\CodeIgniter))
11 FCPATH\index.php(59): CodeIgniter\Boot::bootWeb(Object(Config\Paths))
12 SYSTEMPATH\rewrite.php(44): require_once('C:\\wamp64\\www\\backendUASmoba\\public\\index.php')
ERROR - 2025-12-08 15:52:33 --> Error connecting to the database: mysqli_sql_exception: Access denied for user 'root'@'localhost' (using password: NO) in C:\wamp64\www\backendUASmoba\system\Database\MySQLi\Connection.php:201
Stack trace:
#0 C:\wamp64\www\backendUASmoba\system\Database\MySQLi\Connection.php(201): mysqli->real_connect('127.0.0.1', 'root', Object(SensitiveParameterValue), 'uasmoba1', 3306, '', 0)
#1 C:\wamp64\www\backendUASmoba\system\Database\BaseConnection.php(419): CodeIgniter\Database\MySQLi\Connection->connect(false)
#2 C:\wamp64\www\backendUASmoba\system\Database\BaseConnection.php(614): CodeIgniter\Database\BaseConnection->initialize()
#3 C:\wamp64\www\backendUASmoba\system\Database\BaseBuilder.php(1649): CodeIgniter\Database\BaseConnection->query('SELECT *\nFROM `...', Array, false)
#4 C:\wamp64\www\backendUASmoba\system\Model.php(286): CodeIgniter\Database\BaseBuilder->get()
#5 C:\wamp64\www\backendUASmoba\system\BaseModel.php(677): CodeIgniter\Model->doFindAll(0, 0)
#6 C:\wamp64\www\backendUASmoba\app\Controllers\ResepController.php(18): CodeIgniter\BaseModel->findAll()
#7 C:\wamp64\www\backendUASmoba\system\CodeIgniter.php(933): App\Controllers\ResepController->index()
#8 C:\wamp64\www\backendUASmoba\system\CodeIgniter.php(507): CodeIgniter\CodeIgniter->runController(Object(App\Controllers\ResepController))
#9 C:\wamp64\www\backendUASmoba\system\CodeIgniter.php(354): CodeIgniter\CodeIgniter->handleRequest(NULL, Object(Config\Cache), false)
#10 C:\wamp64\www\backendUASmoba\system\Boot.php(363): CodeIgniter\CodeIgniter->run()
#11 C:\wamp64\www\backendUASmoba\system\Boot.php(68): CodeIgniter\Boot::runCodeIgniter(Object(CodeIgniter\CodeIgniter))
#12 C:\wamp64\www\backendUASmoba\public\index.php(59): CodeIgniter\Boot::bootWeb(Object(Config\Paths))
#13 C:\wamp64\www\backendUASmoba\system\rewrite.php(44): require_once('C:\\wamp64\\www\\b...')
#14 {main}

Next CodeIgniter\Database\Exceptions\DatabaseException: Access denied for user '****'@'localhost' (using password: NO) in C:\wamp64\www\backendUASmoba\system\Database\MySQLi\Connection.php:246
Stack trace:
#0 C:\wamp64\www\backendUASmoba\system\Database\BaseConnection.php(419): CodeIgniter\Database\MySQLi\Connection->connect(false)
#1 C:\wamp64\www\backendUASmoba\system\Database\BaseConnection.php(614): CodeIgniter\Database\BaseConnection->initialize()
#2 C:\wamp64\www\backendUASmoba\system\Database\BaseBuilder.php(1649): CodeIgniter\Database\BaseConnection->query('SELECT *\nFROM `...', Array, false)
#3 C:\wamp64\www\backendUASmoba\system\Model.php(286): CodeIgniter\Database\BaseBuilder->get()
#4 C:\wamp64\www\backendUASmoba\system\BaseModel.php(677): CodeIgniter\Model->doFindAll(0, 0)
#5 C:\wamp64\www\backendUASmoba\app\Controllers\ResepController.php(18): CodeIgniter\BaseModel->findAll()
#6 C:\wamp64\www\backendUASmoba\system\CodeIgniter.php(933): App\Controllers\ResepController->index()
#7 C:\wamp64\www\backendUASmoba\system\CodeIgniter.php(507): CodeIgniter\CodeIgniter->runController(Object(App\Controllers\ResepController))
#8 C:\wamp64\www\backendUASmoba\system\CodeIgniter.php(354): CodeIgniter\CodeIgniter->handleRequest(NULL, Object(Config\Cache), false)
#9 C:\wamp64\www\backendUASmoba\system\Boot.php(363): CodeIgniter\CodeIgniter->run()
#10 C:\wamp64\www\backendUASmoba\system\Boot.php(68): CodeIgniter\Boot::runCodeIgniter(Object(CodeIgniter\CodeIgniter))
#11 C:\wamp64\www\backendUASmoba\public\index.php(59): CodeIgniter\Boot::bootWeb(Object(Config\Paths))
#12 C:\wamp64\www\backendUASmoba\system\rewrite.php(44): require_once('C:\\wamp64\\www\\b...')
#13 {main}
CRITICAL - 2025-12-08 15:52:33 --> CodeIgniter\Database\Exceptions\DatabaseException: Unable to connect to the database.
Main connection [MySQLi]: Access denied for user '****'@'localhost' (using password: NO)
[Method: GET, Route: api/resep]
in SYSTEMPATH\Database\BaseConnection.php on line 465.
 1 SYSTEMPATH\Database\BaseConnection.php(614): CodeIgniter\Database\BaseConnection->initialize()
 2 SYSTEMPATH\Database\BaseBuilder.php(1649): CodeIgniter\Database\BaseConnection->query('SELECT *
FROM `recipes`', [], false)
 3 SYSTEMPATH\Model.php(286): CodeIgniter\Database\BaseBuilder->get()
 4 SYSTEMPATH\BaseModel.php(677): CodeIgniter\Model->doFindAll(0, 0)
 5 APPPATH\Controllers\ResepController.php(18): CodeIgniter\BaseModel->findAll()
 6 SYSTEMPATH\CodeIgniter.php(933): App\Controllers\ResepController->index()
 7 SYSTEMPATH\CodeIgniter.php(507): CodeIgniter\CodeIgniter->runController(Object(App\Controllers\ResepController))
 8 SYSTEMPATH\CodeIgniter.php(354): CodeIgniter\CodeIgniter->handleRequest(null, Object(Config\Cache), false)
 9 SYSTEMPATH\Boot.php(363): CodeIgniter\CodeIgniter->run()
10 SYSTEMPATH\Boot.php(68): CodeIgniter\Boot::runCodeIgniter(Object(CodeIgniter\CodeIgniter))
11 FCPATH\index.php(59): CodeIgniter\Boot::bootWeb(Object(Config\Paths))
12 SYSTEMPATH\rewrite.php(44): require_once('C:\\wamp64\\www\\backendUASmoba\\public\\index.php')
ERROR - 2025-12-08 15:52:36 --> Error connecting to the database: mysqli_sql_exception: Access denied for user 'root'@'localhost' (using password: NO) in C:\wamp64\www\backendUASmoba\system\Database\MySQLi\Connection.php:201
Stack trace:
#0 C:\wamp64\www\backendUASmoba\system\Database\MySQLi\Connection.php(201): mysqli->real_connect('127.0.0.1', 'root', Object(SensitiveParameterValue), 'uasmoba1', 3306, '', 0)
#1 C:\wamp64\www\backendUASmoba\system\Database\BaseConnection.php(419): CodeIgniter\Database\MySQLi\Connection->connect(false)
#2 C:\wamp64\www\backendUASmoba\system\Database\BaseConnection.php(614): CodeIgniter\Database\BaseConnection->initialize()
#3 C:\wamp64\www\backendUASmoba\system\Database\BaseBuilder.php(1649): CodeIgniter\Database\BaseConnection->query('SELECT *\nFROM `...', Array, false)
#4 C:\wamp64\www\backendUASmoba\system\Model.php(330): CodeIgniter\Database\BaseBuilder->get()
#5 C:\wamp64\www\backendUASmoba\system\BaseModel.php(715): CodeIgniter\Model->doFirst()
#6 C:\wamp64\www\backendUASmoba\app\Filters\AuthFilter.php(27): CodeIgniter\BaseModel->first()
#7 C:\wamp64\www\backendUASmoba\system\Filters\Filters.php(241): App\Filters\AuthFilter->before(Object(CodeIgniter\HTTP\IncomingRequest), NULL)
#8 C:\wamp64\www\backendUASmoba\system\Filters\Filters.php(221): CodeIgniter\Filters\Filters->runBefore(Array)
#9 C:\wamp64\www\backendUASmoba\system\CodeIgniter.php(479): CodeIgniter\Filters\Filters->run('api/myrecipes', 'before')
#10 C:\wamp64\www\backendUASmoba\system\CodeIgniter.php(354): CodeIgniter\CodeIgniter->handleRequest(NULL, Object(Config\Cache), false)
#11 C:\wamp64\www\backendUASmoba\system\Boot.php(363): CodeIgniter\CodeIgniter->run()
#12 C:\wamp64\www\backendUASmoba\system\Boot.php(68): CodeIgniter\Boot::runCodeIgniter(Object(CodeIgniter\CodeIgniter))
#13 C:\wamp64\www\backendUASmoba\public\index.php(59): CodeIgniter\Boot::bootWeb(Object(Config\Paths))
#14 C:\wamp64\www\backendUASmoba\system\rewrite.php(44): require_once('C:\\wamp64\\www\\b...')
#15 {main}

Next CodeIgniter\Database\Exceptions\DatabaseException: Access denied for user '****'@'localhost' (using password: NO) in C:\wamp64\www\backendUASmoba\system\Database\MySQLi\Connection.php:246
Stack trace:
#0 C:\wamp64\www\backendUASmoba\system\Database\BaseConnection.php(419): CodeIgniter\Database\MySQLi\Connection->connect(false)
#1 C:\wamp64\www\backendUASmoba\system\Database\BaseConnection.php(614): CodeIgniter\Database\BaseConnection->initialize()
#2 C:\wamp64\www\backendUASmoba\system\Database\BaseBuilder.php(1649): CodeIgniter\Database\BaseConnection->query('SELECT *\nFROM `...', Array, false)
#3 C:\wamp64\www\backendUASmoba\system\Model.php(330): CodeIgniter\Database\BaseBuilder->get()
#4 C:\wamp64\www\backendUASmoba\system\BaseModel.php(715): CodeIgniter\Model->doFirst()
#5 C:\wamp64\www\backendUASmoba\app\Filters\AuthFilter.php(27): CodeIgniter\BaseModel->first()
#6 C:\wamp64\www\backendUASmoba\system\Filters\Filters.php(241): App\Filters\AuthFilter->before(Object(CodeIgniter\HTTP\IncomingRequest), NULL)
#7 C:\wamp64\www\backendUASmoba\system\Filters\Filters.php(221): CodeIgniter\Filters\Filters->runBefore(Array)
#8 C:\wamp64\www\backendUASmoba\system\CodeIgniter.php(479): CodeIgniter\Filters\Filters->run('api/myrecipes', 'before')
#9 C:\wamp64\www\backendUASmoba\system\CodeIgniter.php(354): CodeIgniter\CodeIgniter->handleRequest(NULL, Object(Config\Cache), false)
#10 C:\wamp64\www\backendUASmoba\system\Boot.php(363): CodeIgniter\CodeIgniter->run()
#11 C:\wamp64\www\backendUASmoba\system\Boot.php(68): CodeIgniter\Boot::runCodeIgniter(Object(CodeIgniter\CodeIgniter))
#12 C:\wamp64\www\backendUASmoba\public\index.php(59): CodeIgniter\Boot::bootWeb(Object(Config\Paths))
#13 C:\wamp64\www\backendUASmoba\system\rewrite.php(44): require_once('C:\\wamp64\\www\\b...')
#14 {main}
CRITICAL - 2025-12-08 15:52:36 --> CodeIgniter\Database\Exceptions\DatabaseException: Unable to connect to the database.
Main connection [MySQLi]: Access denied for user '****'@'localhost' (using password: NO)
[Method: GET, Route: api/myrecipes]
in SYSTEMPATH\Database\BaseConnection.php on line 465.
 1 SYSTEMPATH\Database\BaseConnection.php(614): CodeIgniter\Database\BaseConnection->initialize()
 2 SYSTEMPATH\Database\BaseBuilder.php(1649): CodeIgniter\Database\BaseConnection->query('SELECT *
FROM `member_token`
WHERE `auth_key` = :auth_key:
 LIMIT 1', [...], false)
 3 SYSTEMPATH\Model.php(330): CodeIgniter\Database\BaseBuilder->get()
 4 SYSTEMPATH\BaseModel.php(715): CodeIgniter\Model->doFirst()
 5 APPPATH\Filters\AuthFilter.php(27): CodeIgniter\BaseModel->first()
 6 SYSTEMPATH\Filters\Filters.php(241): App\Filters\AuthFilter->before(Object(CodeIgniter\HTTP\IncomingRequest), null)
 7 SYSTEMPATH\Filters\Filters.php(221): CodeIgniter\Filters\Filters->runBefore([...])
 8 SYSTEMPATH\CodeIgniter.php(479): CodeIgniter\Filters\Filters->run('api/myrecipes', 'before')
 9 SYSTEMPATH\CodeIgniter.php(354): CodeIgniter\CodeIgniter->handleRequest(null, Object(Config\Cache), false)
10 SYSTEMPATH\Boot.php(363): CodeIgniter\CodeIgniter->run()
11 SYSTEMPATH\Boot.php(68): CodeIgniter\Boot::runCodeIgniter(Object(CodeIgniter\CodeIgniter))
12 FCPATH\index.php(59): CodeIgniter\Boot::bootWeb(Object(Config\Paths))
13 SYSTEMPATH\rewrite.php(44): require_once('C:\\wamp64\\www\\backendUASmoba\\public\\index.php')
ERROR - 2025-12-08 15:52:38 --> Error connecting to the database: mysqli_sql_exception: Access denied for user 'root'@'localhost' (using password: NO) in C:\wamp64\www\backendUASmoba\system\Database\MySQLi\Connection.php:201
Stack trace:
#0 C:\wamp64\www\backendUASmoba\system\Database\MySQLi\Connection.php(201): mysqli->real_connect('127.0.0.1', 'root', Object(SensitiveParameterValue), 'uasmoba1', 3306, '', 0)
#1 C:\wamp64\www\backendUASmoba\system\Database\BaseConnection.php(419): CodeIgniter\Database\MySQLi\Connection->connect(false)
#2 C:\wamp64\www\backendUASmoba\system\Database\BaseConnection.php(614): CodeIgniter\Database\BaseConnection->initialize()
#3 C:\wamp64\www\backendUASmoba\system\Database\BaseBuilder.php(1649): CodeIgniter\Database\BaseConnection->query('SELECT *\nFROM `...', Array, false)
#4 C:\wamp64\www\backendUASmoba\system\Model.php(330): CodeIgniter\Database\BaseBuilder->get()
#5 C:\wamp64\www\backendUASmoba\system\BaseModel.php(715): CodeIgniter\Model->doFirst()
#6 C:\wamp64\www\backendUASmoba\app\Filters\AuthFilter.php(27): CodeIgniter\BaseModel->first()
#7 C:\wamp64\www\backendUASmoba\system\Filters\Filters.php(241): App\Filters\AuthFilter->before(Object(CodeIgniter\HTTP\IncomingRequest), NULL)
#8 C:\wamp64\www\backendUASmoba\system\Filters\Filters.php(221): CodeIgniter\Filters\Filters->runBefore(Array)
#9 C:\wamp64\www\backendUASmoba\system\CodeIgniter.php(479): CodeIgniter\Filters\Filters->run('api/myrecipes', 'before')
#10 C:\wamp64\www\backendUASmoba\system\CodeIgniter.php(354): CodeIgniter\CodeIgniter->handleRequest(NULL, Object(Config\Cache), false)
#11 C:\wamp64\www\backendUASmoba\system\Boot.php(363): CodeIgniter\CodeIgniter->run()
#12 C:\wamp64\www\backendUASmoba\system\Boot.php(68): CodeIgniter\Boot::runCodeIgniter(Object(CodeIgniter\CodeIgniter))
#13 C:\wamp64\www\backendUASmoba\public\index.php(59): CodeIgniter\Boot::bootWeb(Object(Config\Paths))
#14 C:\wamp64\www\backendUASmoba\system\rewrite.php(44): require_once('C:\\wamp64\\www\\b...')
#15 {main}

Next CodeIgniter\Database\Exceptions\DatabaseException: Access denied for user '****'@'localhost' (using password: NO) in C:\wamp64\www\backendUASmoba\system\Database\MySQLi\Connection.php:246
Stack trace:
#0 C:\wamp64\www\backendUASmoba\system\Database\BaseConnection.php(419): CodeIgniter\Database\MySQLi\Connection->connect(false)
#1 C:\wamp64\www\backendUASmoba\system\Database\BaseConnection.php(614): CodeIgniter\Database\BaseConnection->initialize()
#2 C:\wamp64\www\backendUASmoba\system\Database\BaseBuilder.php(1649): CodeIgniter\Database\BaseConnection->query('SELECT *\nFROM `...', Array, false)
#3 C:\wamp64\www\backendUASmoba\system\Model.php(330): CodeIgniter\Database\BaseBuilder->get()
#4 C:\wamp64\www\backendUASmoba\system\BaseModel.php(715): CodeIgniter\Model->doFirst()
#5 C:\wamp64\www\backendUASmoba\app\Filters\AuthFilter.php(27): CodeIgniter\BaseModel->first()
#6 C:\wamp64\www\backendUASmoba\system\Filters\Filters.php(241): App\Filters\AuthFilter->before(Object(CodeIgniter\HTTP\IncomingRequest), NULL)
#7 C:\wamp64\www\backendUASmoba\system\Filters\Filters.php(221): CodeIgniter\Filters\Filters->runBefore(Array)
#8 C:\wamp64\www\backendUASmoba\system\CodeIgniter.php(479): CodeIgniter\Filters\Filters->run('api/myrecipes', 'before')
#9 C:\wamp64\www\backendUASmoba\system\CodeIgniter.php(354): CodeIgniter\CodeIgniter->handleRequest(NULL, Object(Config\Cache), false)
#10 C:\wamp64\www\backendUASmoba\system\Boot.php(363): CodeIgniter\CodeIgniter->run()
#11 C:\wamp64\www\backendUASmoba\system\Boot.php(68): CodeIgniter\Boot::runCodeIgniter(Object(CodeIgniter\CodeIgniter))
#12 C:\wamp64\www\backendUASmoba\public\index.php(59): CodeIgniter\Boot::bootWeb(Object(Config\Paths))
#13 C:\wamp64\www\backendUASmoba\system\rewrite.php(44): require_once('C:\\wamp64\\www\\b...')
#14 {main}
CRITICAL - 2025-12-08 15:52:38 --> CodeIgniter\Database\Exceptions\DatabaseException: Unable to connect to the database.
Main connection [MySQLi]: Access denied for user '****'@'localhost' (using password: NO)
[Method: GET, Route: api/myrecipes]
in SYSTEMPATH\Database\BaseConnection.php on line 465.
 1 SYSTEMPATH\Database\BaseConnection.php(614): CodeIgniter\Database\BaseConnection->initialize()
 2 SYSTEMPATH\Database\BaseBuilder.php(1649): CodeIgniter\Database\BaseConnection->query('SELECT *
FROM `member_token`
WHERE `auth_key` = :auth_key:
 LIMIT 1', [...], false)
 3 SYSTEMPATH\Model.php(330): CodeIgniter\Database\BaseBuilder->get()
 4 SYSTEMPATH\BaseModel.php(715): CodeIgniter\Model->doFirst()
 5 APPPATH\Filters\AuthFilter.php(27): CodeIgniter\BaseModel->first()
 6 SYSTEMPATH\Filters\Filters.php(241): App\Filters\AuthFilter->before(Object(CodeIgniter\HTTP\IncomingRequest), null)
 7 SYSTEMPATH\Filters\Filters.php(221): CodeIgniter\Filters\Filters->runBefore([...])
 8 SYSTEMPATH\CodeIgniter.php(479): CodeIgniter\Filters\Filters->run('api/myrecipes', 'before')
 9 SYSTEMPATH\CodeIgniter.php(354): CodeIgniter\CodeIgniter->handleRequest(null, Object(Config\Cache), false)
10 SYSTEMPATH\Boot.php(363): CodeIgniter\CodeIgniter->run()
11 SYSTEMPATH\Boot.php(68): CodeIgniter\Boot::runCodeIgniter(Object(CodeIgniter\CodeIgniter))
12 FCPATH\index.php(59): CodeIgniter\Boot::bootWeb(Object(Config\Paths))
13 SYSTEMPATH\rewrite.php(44): require_once('C:\\wamp64\\www\\backendUASmoba\\public\\index.php')
ERROR - 2025-12-08 15:52:45 --> Error connecting to the database: mysqli_sql_exception: Access denied for user 'root'@'localhost' (using password: NO) in C:\wamp64\www\backendUASmoba\system\Database\MySQLi\Connection.php:201
Stack trace:
#0 C:\wamp64\www\backendUASmoba\system\Database\MySQLi\Connection.php(201): mysqli->real_connect('127.0.0.1', 'root', Object(SensitiveParameterValue), 'uasmoba1', 3306, '', 0)
#1 C:\wamp64\www\backendUASmoba\system\Database\BaseConnection.php(419): CodeIgniter\Database\MySQLi\Connection->connect(false)
#2 C:\wamp64\www\backendUASmoba\system\Database\BaseConnection.php(614): CodeIgniter\Database\BaseConnection->initialize()
#3 C:\wamp64\www\backendUASmoba\system\Database\BaseBuilder.php(1649): CodeIgniter\Database\BaseConnection->query('SELECT *\nFROM `...', Array, false)
#4 C:\wamp64\www\backendUASmoba\system\Model.php(286): CodeIgniter\Database\BaseBuilder->get()
#5 C:\wamp64\www\backendUASmoba\system\BaseModel.php(677): CodeIgniter\Model->doFindAll(0, 0)
#6 C:\wamp64\www\backendUASmoba\app\Controllers\ResepController.php(18): CodeIgniter\BaseModel->findAll()
#7 C:\wamp64\www\backendUASmoba\system\CodeIgniter.php(933): App\Controllers\ResepController->index()
#8 C:\wamp64\www\backendUASmoba\system\CodeIgniter.php(507): CodeIgniter\CodeIgniter->runController(Object(App\Controllers\ResepController))
#9 C:\wamp64\www\backendUASmoba\system\CodeIgniter.php(354): CodeIgniter\CodeIgniter->handleRequest(NULL, Object(Config\Cache), false)
#10 C:\wamp64\www\backendUASmoba\system\Boot.php(363): CodeIgniter\CodeIgniter->run()
#11 C:\wamp64\www\backendUASmoba\system\Boot.php(68): CodeIgniter\Boot::runCodeIgniter(Object(CodeIgniter\CodeIgniter))
#12 C:\wamp64\www\backendUASmoba\public\index.php(59): CodeIgniter\Boot::bootWeb(Object(Config\Paths))
#13 C:\wamp64\www\backendUASmoba\system\rewrite.php(44): require_once('C:\\wamp64\\www\\b...')
#14 {main}

Next CodeIgniter\Database\Exceptions\DatabaseException: Access denied for user '****'@'localhost' (using password: NO) in C:\wamp64\www\backendUASmoba\system\Database\MySQLi\Connection.php:246
Stack trace:
#0 C:\wamp64\www\backendUASmoba\system\Database\BaseConnection.php(419): CodeIgniter\Database\MySQLi\Connection->connect(false)
#1 C:\wamp64\www\backendUASmoba\system\Database\BaseConnection.php(614): CodeIgniter\Database\BaseConnection->initialize()
#2 C:\wamp64\www\backendUASmoba\system\Database\BaseBuilder.php(1649): CodeIgniter\Database\BaseConnection->query('SELECT *\nFROM `...', Array, false)
#3 C:\wamp64\www\backendUASmoba\system\Model.php(286): CodeIgniter\Database\BaseBuilder->get()
#4 C:\wamp64\www\backendUASmoba\system\BaseModel.php(677): CodeIgniter\Model->doFindAll(0, 0)
#5 C:\wamp64\www\backendUASmoba\app\Controllers\ResepController.php(18): CodeIgniter\BaseModel->findAll()
#6 C:\wamp64\www\backendUASmoba\system\CodeIgniter.php(933): App\Controllers\ResepController->index()
#7 C:\wamp64\www\backendUASmoba\system\CodeIgniter.php(507): CodeIgniter\CodeIgniter->runController(Object(App\Controllers\ResepController))
#8 C:\wamp64\www\backendUASmoba\system\CodeIgniter.php(354): CodeIgniter\CodeIgniter->handleRequest(NULL, Object(Config\Cache), false)
#9 C:\wamp64\www\backendUASmoba\system\Boot.php(363): CodeIgniter\CodeIgniter->run()
#10 C:\wamp64\www\backendUASmoba\system\Boot.php(68): CodeIgniter\Boot::runCodeIgniter(Object(CodeIgniter\CodeIgniter))
#11 C:\wamp64\www\backendUASmoba\public\index.php(59): CodeIgniter\Boot::bootWeb(Object(Config\Paths))
#12 C:\wamp64\www\backendUASmoba\system\rewrite.php(44): require_once('C:\\wamp64\\www\\b...')
#13 {main}
CRITICAL - 2025-12-08 15:52:45 --> CodeIgniter\Database\Exceptions\DatabaseException: Unable to connect to the database.
Main connection [MySQLi]: Access denied for user '****'@'localhost' (using password: NO)
[Method: GET, Route: api/resep]
in SYSTEMPATH\Database\BaseConnection.php on line 465.
 1 SYSTEMPATH\Database\BaseConnection.php(614): CodeIgniter\Database\BaseConnection->initialize()
 2 SYSTEMPATH\Database\BaseBuilder.php(1649): CodeIgniter\Database\BaseConnection->query('SELECT *
FROM `recipes`', [], false)
 3 SYSTEMPATH\Model.php(286): CodeIgniter\Database\BaseBuilder->get()
 4 SYSTEMPATH\BaseModel.php(677): CodeIgniter\Model->doFindAll(0, 0)
 5 APPPATH\Controllers\ResepController.php(18): CodeIgniter\BaseModel->findAll()
 6 SYSTEMPATH\CodeIgniter.php(933): App\Controllers\ResepController->index()
 7 SYSTEMPATH\CodeIgniter.php(507): CodeIgniter\CodeIgniter->runController(Object(App\Controllers\ResepController))
 8 SYSTEMPATH\CodeIgniter.php(354): CodeIgniter\CodeIgniter->handleRequest(null, Object(Config\Cache), false)
 9 SYSTEMPATH\Boot.php(363): CodeIgniter\CodeIgniter->run()
10 SYSTEMPATH\Boot.php(68): CodeIgniter\Boot::runCodeIgniter(Object(CodeIgniter\CodeIgniter))
11 FCPATH\index.php(59): CodeIgniter\Boot::bootWeb(Object(Config\Paths))
12 SYSTEMPATH\rewrite.php(44): require_once('C:\\wamp64\\www\\backendUASmoba\\public\\index.php')
ERROR - 2025-12-08 15:53:05 --> Error connecting to the database: mysqli_sql_exception: Access denied for user 'root'@'localhost' (using password: NO) in C:\wamp64\www\backendUASmoba\system\Database\MySQLi\Connection.php:201
Stack trace:
#0 C:\wamp64\www\backendUASmoba\system\Database\MySQLi\Connection.php(201): mysqli->real_connect('127.0.0.1', 'root', Object(SensitiveParameterValue), 'uasmoba1', 3306, '', 0)
#1 C:\wamp64\www\backendUASmoba\system\Database\BaseConnection.php(419): CodeIgniter\Database\MySQLi\Connection->connect(false)
#2 C:\wamp64\www\backendUASmoba\system\Database\BaseConnection.php(614): CodeIgniter\Database\BaseConnection->initialize()
#3 C:\wamp64\www\backendUASmoba\system\Database\BaseBuilder.php(1649): CodeIgniter\Database\BaseConnection->query('SELECT *\nFROM `...', Array, false)
#4 C:\wamp64\www\backendUASmoba\system\Model.php(330): CodeIgniter\Database\BaseBuilder->get()
#5 C:\wamp64\www\backendUASmoba\system\BaseModel.php(715): CodeIgniter\Model->doFirst()
#6 C:\wamp64\www\backendUASmoba\app\Controllers\AuthController.php(76): CodeIgniter\BaseModel->first()
#7 C:\wamp64\www\backendUASmoba\system\CodeIgniter.php(933): App\Controllers\AuthController->login()
#8 C:\wamp64\www\backendUASmoba\system\CodeIgniter.php(507): CodeIgniter\CodeIgniter->runController(Object(App\Controllers\AuthController))
#9 C:\wamp64\www\backendUASmoba\system\CodeIgniter.php(354): CodeIgniter\CodeIgniter->handleRequest(NULL, Object(Config\Cache), false)
#10 C:\wamp64\www\backendUASmoba\system\Boot.php(363): CodeIgniter\CodeIgniter->run()
#11 C:\wamp64\www\backendUASmoba\system\Boot.php(68): CodeIgniter\Boot::runCodeIgniter(Object(CodeIgniter\CodeIgniter))
#12 C:\wamp64\www\backendUASmoba\public\index.php(59): CodeIgniter\Boot::bootWeb(Object(Config\Paths))
#13 C:\wamp64\www\backendUASmoba\system\rewrite.php(44): require_once('C:\\wamp64\\www\\b...')
#14 {main}

Next CodeIgniter\Database\Exceptions\DatabaseException: Access denied for user '****'@'localhost' (using password: NO) in C:\wamp64\www\backendUASmoba\system\Database\MySQLi\Connection.php:246
Stack trace:
#0 C:\wamp64\www\backendUASmoba\system\Database\BaseConnection.php(419): CodeIgniter\Database\MySQLi\Connection->connect(false)
#1 C:\wamp64\www\backendUASmoba\system\Database\BaseConnection.php(614): CodeIgniter\Database\BaseConnection->initialize()
#2 C:\wamp64\www\backendUASmoba\system\Database\BaseBuilder.php(1649): CodeIgniter\Database\BaseConnection->query('SELECT *\nFROM `...', Array, false)
#3 C:\wamp64\www\backendUASmoba\system\Model.php(330): CodeIgniter\Database\BaseBuilder->get()
#4 C:\wamp64\www\backendUASmoba\system\BaseModel.php(715): CodeIgniter\Model->doFirst()
#5 C:\wamp64\www\backendUASmoba\app\Controllers\AuthController.php(76): CodeIgniter\BaseModel->first()
#6 C:\wamp64\www\backendUASmoba\system\CodeIgniter.php(933): App\Controllers\AuthController->login()
#7 C:\wamp64\www\backendUASmoba\system\CodeIgniter.php(507): CodeIgniter\CodeIgniter->runController(Object(App\Controllers\AuthController))
#8 C:\wamp64\www\backendUASmoba\system\CodeIgniter.php(354): CodeIgniter\CodeIgniter->handleRequest(NULL, Object(Config\Cache), false)
#9 C:\wamp64\www\backendUASmoba\system\Boot.php(363): CodeIgniter\CodeIgniter->run()
#10 C:\wamp64\www\backendUASmoba\system\Boot.php(68): CodeIgniter\Boot::runCodeIgniter(Object(CodeIgniter\CodeIgniter))
#11 C:\wamp64\www\backendUASmoba\public\index.php(59): CodeIgniter\Boot::bootWeb(Object(Config\Paths))
#12 C:\wamp64\www\backendUASmoba\system\rewrite.php(44): require_once('C:\\wamp64\\www\\b...')
#13 {main}
CRITICAL - 2025-12-08 15:53:05 --> CodeIgniter\Database\Exceptions\DatabaseException: Unable to connect to the database.
Main connection [MySQLi]: Access denied for user '****'@'localhost' (using password: NO)
[Method: POST, Route: login]
in SYSTEMPATH\Database\BaseConnection.php on line 465.
 1 SYSTEMPATH\Database\BaseConnection.php(614): CodeIgniter\Database\BaseConnection->initialize()
 2 SYSTEMPATH\Database\BaseBuilder.php(1649): CodeIgniter\Database\BaseConnection->query('SELECT *
FROM `member`
WHERE `email` = :email:
 LIMIT 1', [...], false)
 3 SYSTEMPATH\Model.php(330): CodeIgniter\Database\BaseBuilder->get()
 4 SYSTEMPATH\BaseModel.php(715): CodeIgniter\Model->doFirst()
 5 APPPATH\Controllers\AuthController.php(76): CodeIgniter\BaseModel->first()
 6 SYSTEMPATH\CodeIgniter.php(933): App\Controllers\AuthController->login()
 7 SYSTEMPATH\CodeIgniter.php(507): CodeIgniter\CodeIgniter->runController(Object(App\Controllers\AuthController))
 8 SYSTEMPATH\CodeIgniter.php(354): CodeIgniter\CodeIgniter->handleRequest(null, Object(Config\Cache), false)
 9 SYSTEMPATH\Boot.php(363): CodeIgniter\CodeIgniter->run()
10 SYSTEMPATH\Boot.php(68): CodeIgniter\Boot::runCodeIgniter(Object(CodeIgniter\CodeIgniter))
11 FCPATH\index.php(59): CodeIgniter\Boot::bootWeb(Object(Config\Paths))
12 SYSTEMPATH\rewrite.php(44): require_once('C:\\wamp64\\www\\backendUASmoba\\public\\index.php')
CRITICAL - 2025-12-08 16:58:40 --> ErrorException: Type of App\Models\RecipeModel::$casts must be array (as in class CodeIgniter\BaseModel)
[Method: GET, Route: api/resep]
in APPPATH\Models\RecipeModel.php on line 5.
 1 [internal function]: CodeIgniter\Debug\Exceptions->shutdownHandler()
CRITICAL - 2025-12-08 16:58:56 --> ErrorException: Type of App\Models\RecipeModel::$casts must be array (as in class CodeIgniter\BaseModel)
[Method: GET, Route: api/resep]
in APPPATH\Models\RecipeModel.php on line 5.
 1 [internal function]: CodeIgniter\Debug\Exceptions->shutdownHandler()
CRITICAL - 2025-12-08 16:58:58 --> ErrorException: Type of App\Models\RecipeModel::$casts must be array (as in class CodeIgniter\BaseModel)
[Method: GET, Route: api/myrecipes]
in APPPATH\Models\RecipeModel.php on line 5.
 1 [internal function]: CodeIgniter\Debug\Exceptions->shutdownHandler()
CRITICAL - 2025-12-08 16:59:01 --> ErrorException: Type of App\Models\RecipeModel::$casts must be array (as in class CodeIgniter\BaseModel)
[Method: GET, Route: api/myrecipes]
in APPPATH\Models\RecipeModel.php on line 5.
 1 [internal function]: CodeIgniter\Debug\Exceptions->shutdownHandler()
CRITICAL - 2025-12-08 16:59:05 --> ErrorException: Type of App\Models\RecipeModel::$casts must be array (as in class CodeIgniter\BaseModel)
[Method: GET, Route: api/resep/3]
in APPPATH\Models\RecipeModel.php on line 5.
 1 [internal function]: CodeIgniter\Debug\Exceptions->shutdownHandler()
CRITICAL - 2025-12-08 16:59:37 --> ErrorException: Type of App\Models\RecipeModel::$casts must be array (as in class CodeIgniter\BaseModel)
[Method: GET, Route: api/myrecipes]
in APPPATH\Models\RecipeModel.php on line 5.
 1 [internal function]: CodeIgniter\Debug\Exceptions->shutdownHandler()
CRITICAL - 2025-12-08 17:00:25 --> ErrorException: Type of App\Models\RecipeModel::$casts must be array (as in class CodeIgniter\BaseModel)
[Method: GET, Route: api/myrecipes]
in APPPATH\Models\RecipeModel.php on line 5.
 1 [internal function]: CodeIgniter\Debug\Exceptions->shutdownHandler()
CRITICAL - 2025-12-08 17:04:39 --> ErrorException: Type of App\Models\RecipeModel::$casts must be array (as in class CodeIgniter\BaseModel)
[Method: GET, Route: api/myrecipes]
in APPPATH\Models\RecipeModel.php on line 5.
 1 [internal function]: CodeIgniter\Debug\Exceptions->shutdownHandler()
CRITICAL - 2025-12-08 17:06:05 --> ErrorException: Type of App\Models\RecipeModel::$casts must be array (as in class CodeIgniter\BaseModel)
[Method: GET, Route: api/myrecipes]
in APPPATH\Models\RecipeModel.php on line 5.
 1 [internal function]: CodeIgniter\Debug\Exceptions->shutdownHandler()
CRITICAL - 2025-12-08 17:16:13 --> ErrorException: Type of App\Models\RecipeModel::$casts must be array (as in class CodeIgniter\BaseModel)
[Method: POST, Route: api/resep/bookmark]
in APPPATH\Models\RecipeModel.php on line 5.
 1 [internal function]: CodeIgniter\Debug\Exceptions->shutdownHandler()
CRITICAL - 2025-12-08 17:34:04 --> ErrorException: Type of App\Models\RecipeModel::$casts must be array (as in class CodeIgniter\BaseModel)
[Method: GET, Route: api/myrecipes]
in APPPATH\Models\RecipeModel.php on line 5.
 1 [internal function]: CodeIgniter\Debug\Exceptions->shutdownHandler()
CRITICAL - 2025-12-08 17:36:44 --> ErrorException: Type of App\Models\RecipeModel::$casts must be array (as in class CodeIgniter\BaseModel)
[Method: GET, Route: api/myrecipes]
in APPPATH\Models\RecipeModel.php on line 5.
 1 [internal function]: CodeIgniter\Debug\Exceptions->shutdownHandler()
