ERROR - 2025-12-05 22:37:51 --> Error connecting to the database: mysqli_sql_exception: Access denied for user 'root'@'localhost' (using password: NO) in C:\wamp64\www\backendUASmoba\system\Database\MySQLi\Connection.php:201
Stack trace:
#0 C:\wamp64\www\backendUASmoba\system\Database\MySQLi\Connection.php(201): mysqli->real_connect('127.0.0.1', 'root', Object(SensitiveParameterValue), 'uasmoba1', 3306, '', 0)
#1 C:\wamp64\www\backendUASmoba\system\Database\BaseConnection.php(419): CodeIgniter\Database\MySQLi\Connection->connect(false)
#2 C:\wamp64\www\backendUASmoba\system\Database\BaseConnection.php(614): CodeIgniter\Database\BaseConnection->initialize()
#3 C:\wamp64\www\backendUASmoba\system\Database\BaseBuilder.php(1649): CodeIgniter\Database\BaseConnection->query('SELECT *\nFROM `...', Array, false)
#4 C:\wamp64\www\backendUASmoba\system\Model.php(286): CodeIgniter\Database\BaseBuilder->get()
#5 C:\wamp64\www\backendUASmoba\system\BaseModel.php(677): CodeIgniter\Model->doFindAll(0, 0)
#6 C:\wamp64\www\backendUASmoba\app\Controllers\ResepController.php(18): CodeIgniter\BaseModel->findAll()
#7 C:\wamp64\www\backendUASmoba\system\CodeIgniter.php(933): App\Controllers\ResepController->index()
#8 C:\wamp64\www\backendUASmoba\system\CodeIgniter.php(507): CodeIgniter\CodeIgniter->runController(Object(App\Controllers\ResepController))
#9 C:\wamp64\www\backendUASmoba\system\CodeIgniter.php(354): CodeIgniter\CodeIgniter->handleRequest(NULL, Object(Config\Cache), false)
#10 C:\wamp64\www\backendUASmoba\system\Boot.php(363): CodeIgniter\CodeIgniter->run()
#11 C:\wamp64\www\backendUASmoba\system\Boot.php(68): CodeIgniter\Boot::runCodeIgniter(Object(CodeIgniter\CodeIgniter))
#12 C:\wamp64\www\backendUASmoba\public\index.php(59): CodeIgniter\Boot::bootWeb(Object(Config\Paths))
#13 C:\wamp64\www\backendUASmoba\system\rewrite.php(44): require_once('C:\\wamp64\\www\\b...')
#14 {main}

Next CodeIgniter\Database\Exceptions\DatabaseException: Access denied for user '****'@'localhost' (using password: NO) in C:\wamp64\www\backendUASmoba\system\Database\MySQLi\Connection.php:246
Stack trace:
#0 C:\wamp64\www\backendUASmoba\system\Database\BaseConnection.php(419): CodeIgniter\Database\MySQLi\Connection->connect(false)
#1 C:\wamp64\www\backendUASmoba\system\Database\BaseConnection.php(614): CodeIgniter\Database\BaseConnection->initialize()
#2 C:\wamp64\www\backendUASmoba\system\Database\BaseBuilder.php(1649): CodeIgniter\Database\BaseConnection->query('SELECT *\nFROM `...', Array, false)
#3 C:\wamp64\www\backendUASmoba\system\Model.php(286): CodeIgniter\Database\BaseBuilder->get()
#4 C:\wamp64\www\backendUASmoba\system\BaseModel.php(677): CodeIgniter\Model->doFindAll(0, 0)
#5 C:\wamp64\www\backendUASmoba\app\Controllers\ResepController.php(18): CodeIgniter\BaseModel->findAll()
#6 C:\wamp64\www\backendUASmoba\system\CodeIgniter.php(933): App\Controllers\ResepController->index()
#7 C:\wamp64\www\backendUASmoba\system\CodeIgniter.php(507): CodeIgniter\CodeIgniter->runController(Object(App\Controllers\ResepController))
#8 C:\wamp64\www\backendUASmoba\system\CodeIgniter.php(354): CodeIgniter\CodeIgniter->handleRequest(NULL, Object(Config\Cache), false)
#9 C:\wamp64\www\backendUASmoba\system\Boot.php(363): CodeIgniter\CodeIgniter->run()
#10 C:\wamp64\www\backendUASmoba\system\Boot.php(68): CodeIgniter\Boot::runCodeIgniter(Object(CodeIgniter\CodeIgniter))
#11 C:\wamp64\www\backendUASmoba\public\index.php(59): CodeIgniter\Boot::bootWeb(Object(Config\Paths))
#12 C:\wamp64\www\backendUASmoba\system\rewrite.php(44): require_once('C:\\wamp64\\www\\b...')
#13 {main}
CRITICAL - 2025-12-05 22:37:51 --> CodeIgniter\Database\Exceptions\DatabaseException: Unable to connect to the database.
Main connection [MySQLi]: Access denied for user '****'@'localhost' (using password: NO)
[Method: GET, Route: resep]
in SYSTEMPATH\Database\BaseConnection.php on line 465.
 1 SYSTEMPATH\Database\BaseConnection.php(614): CodeIgniter\Database\BaseConnection->initialize()
 2 SYSTEMPATH\Database\BaseBuilder.php(1649): CodeIgniter\Database\BaseConnection->query('SELECT *
FROM `recipes`', [], false)
 3 SYSTEMPATH\Model.php(286): CodeIgniter\Database\BaseBuilder->get()
 4 SYSTEMPATH\BaseModel.php(677): CodeIgniter\Model->doFindAll(0, 0)
 5 APPPATH\Controllers\ResepController.php(18): CodeIgniter\BaseModel->findAll()
 6 SYSTEMPATH\CodeIgniter.php(933): App\Controllers\ResepController->index()
 7 SYSTEMPATH\CodeIgniter.php(507): CodeIgniter\CodeIgniter->runController(Object(App\Controllers\ResepController))
 8 SYSTEMPATH\CodeIgniter.php(354): CodeIgniter\CodeIgniter->handleRequest(null, Object(Config\Cache), false)
 9 SYSTEMPATH\Boot.php(363): CodeIgniter\CodeIgniter->run()
10 SYSTEMPATH\Boot.php(68): CodeIgniter\Boot::runCodeIgniter(Object(CodeIgniter\CodeIgniter))
11 FCPATH\index.php(59): CodeIgniter\Boot::bootWeb(Object(Config\Paths))
12 SYSTEMPATH\rewrite.php(44): require_once('C:\\wamp64\\www\\backendUASmoba\\public\\index.php')
ERROR - 2025-12-05 22:38:11 --> Error connecting to the database: mysqli_sql_exception: Access denied for user 'root'@'localhost' (using password: NO) in C:\wamp64\www\backendUASmoba\system\Database\MySQLi\Connection.php:201
Stack trace:
#0 C:\wamp64\www\backendUASmoba\system\Database\MySQLi\Connection.php(201): mysqli->real_connect('127.0.0.1', 'root', Object(SensitiveParameterValue), 'uasmoba1', 3306, '', 0)
#1 C:\wamp64\www\backendUASmoba\system\Database\BaseConnection.php(419): CodeIgniter\Database\MySQLi\Connection->connect(false)
#2 C:\wamp64\www\backendUASmoba\system\Database\BaseConnection.php(614): CodeIgniter\Database\BaseConnection->initialize()
#3 C:\wamp64\www\backendUASmoba\system\Database\BaseBuilder.php(1649): CodeIgniter\Database\BaseConnection->query('SELECT *\nFROM `...', Array, false)
#4 C:\wamp64\www\backendUASmoba\system\Model.php(286): CodeIgniter\Database\BaseBuilder->get()
#5 C:\wamp64\www\backendUASmoba\system\BaseModel.php(677): CodeIgniter\Model->doFindAll(0, 0)
#6 C:\wamp64\www\backendUASmoba\app\Controllers\ResepController.php(18): CodeIgniter\BaseModel->findAll()
#7 C:\wamp64\www\backendUASmoba\system\CodeIgniter.php(933): App\Controllers\ResepController->index()
#8 C:\wamp64\www\backendUASmoba\system\CodeIgniter.php(507): CodeIgniter\CodeIgniter->runController(Object(App\Controllers\ResepController))
#9 C:\wamp64\www\backendUASmoba\system\CodeIgniter.php(354): CodeIgniter\CodeIgniter->handleRequest(NULL, Object(Config\Cache), false)
#10 C:\wamp64\www\backendUASmoba\system\Boot.php(363): CodeIgniter\CodeIgniter->run()
#11 C:\wamp64\www\backendUASmoba\system\Boot.php(68): CodeIgniter\Boot::runCodeIgniter(Object(CodeIgniter\CodeIgniter))
#12 C:\wamp64\www\backendUASmoba\public\index.php(59): CodeIgniter\Boot::bootWeb(Object(Config\Paths))
#13 C:\wamp64\www\backendUASmoba\system\rewrite.php(44): require_once('C:\\wamp64\\www\\b...')
#14 {main}

Next CodeIgniter\Database\Exceptions\DatabaseException: Access denied for user '****'@'localhost' (using password: NO) in C:\wamp64\www\backendUASmoba\system\Database\MySQLi\Connection.php:246
Stack trace:
#0 C:\wamp64\www\backendUASmoba\system\Database\BaseConnection.php(419): CodeIgniter\Database\MySQLi\Connection->connect(false)
#1 C:\wamp64\www\backendUASmoba\system\Database\BaseConnection.php(614): CodeIgniter\Database\BaseConnection->initialize()
#2 C:\wamp64\www\backendUASmoba\system\Database\BaseBuilder.php(1649): CodeIgniter\Database\BaseConnection->query('SELECT *\nFROM `...', Array, false)
#3 C:\wamp64\www\backendUASmoba\system\Model.php(286): CodeIgniter\Database\BaseBuilder->get()
#4 C:\wamp64\www\backendUASmoba\system\BaseModel.php(677): CodeIgniter\Model->doFindAll(0, 0)
#5 C:\wamp64\www\backendUASmoba\app\Controllers\ResepController.php(18): CodeIgniter\BaseModel->findAll()
#6 C:\wamp64\www\backendUASmoba\system\CodeIgniter.php(933): App\Controllers\ResepController->index()
#7 C:\wamp64\www\backendUASmoba\system\CodeIgniter.php(507): CodeIgniter\CodeIgniter->runController(Object(App\Controllers\ResepController))
#8 C:\wamp64\www\backendUASmoba\system\CodeIgniter.php(354): CodeIgniter\CodeIgniter->handleRequest(NULL, Object(Config\Cache), false)
#9 C:\wamp64\www\backendUASmoba\system\Boot.php(363): CodeIgniter\CodeIgniter->run()
#10 C:\wamp64\www\backendUASmoba\system\Boot.php(68): CodeIgniter\Boot::runCodeIgniter(Object(CodeIgniter\CodeIgniter))
#11 C:\wamp64\www\backendUASmoba\public\index.php(59): CodeIgniter\Boot::bootWeb(Object(Config\Paths))
#12 C:\wamp64\www\backendUASmoba\system\rewrite.php(44): require_once('C:\\wamp64\\www\\b...')
#13 {main}
CRITICAL - 2025-12-05 22:38:11 --> CodeIgniter\Database\Exceptions\DatabaseException: Unable to connect to the database.
Main connection [MySQLi]: Access denied for user '****'@'localhost' (using password: NO)
[Method: GET, Route: resep]
in SYSTEMPATH\Database\BaseConnection.php on line 465.
 1 SYSTEMPATH\Database\BaseConnection.php(614): CodeIgniter\Database\BaseConnection->initialize()
 2 SYSTEMPATH\Database\BaseBuilder.php(1649): CodeIgniter\Database\BaseConnection->query('SELECT *
FROM `recipes`', [], false)
 3 SYSTEMPATH\Model.php(286): CodeIgniter\Database\BaseBuilder->get()
 4 SYSTEMPATH\BaseModel.php(677): CodeIgniter\Model->doFindAll(0, 0)
 5 APPPATH\Controllers\ResepController.php(18): CodeIgniter\BaseModel->findAll()
 6 SYSTEMPATH\CodeIgniter.php(933): App\Controllers\ResepController->index()
 7 SYSTEMPATH\CodeIgniter.php(507): CodeIgniter\CodeIgniter->runController(Object(App\Controllers\ResepController))
 8 SYSTEMPATH\CodeIgniter.php(354): CodeIgniter\CodeIgniter->handleRequest(null, Object(Config\Cache), false)
 9 SYSTEMPATH\Boot.php(363): CodeIgniter\CodeIgniter->run()
10 SYSTEMPATH\Boot.php(68): CodeIgniter\Boot::runCodeIgniter(Object(CodeIgniter\CodeIgniter))
11 FCPATH\index.php(59): CodeIgniter\Boot::bootWeb(Object(Config\Paths))
12 SYSTEMPATH\rewrite.php(44): require_once('C:\\wamp64\\www\\backendUASmoba\\public\\index.php')
ERROR - 2025-12-05 22:40:51 --> Error connecting to the database: mysqli_sql_exception: Access denied for user 'root'@'localhost' (using password: NO) in C:\wamp64\www\backendUASmoba\system\Database\MySQLi\Connection.php:201
Stack trace:
#0 C:\wamp64\www\backendUASmoba\system\Database\MySQLi\Connection.php(201): mysqli->real_connect('127.0.0.1', 'root', Object(SensitiveParameterValue), 'uasmoba1', 3306, '', 0)
#1 C:\wamp64\www\backendUASmoba\system\Database\BaseConnection.php(419): CodeIgniter\Database\MySQLi\Connection->connect(false)
#2 C:\wamp64\www\backendUASmoba\system\Database\BaseConnection.php(614): CodeIgniter\Database\BaseConnection->initialize()
#3 C:\wamp64\www\backendUASmoba\system\Database\BaseBuilder.php(1649): CodeIgniter\Database\BaseConnection->query('SELECT *\nFROM `...', Array, false)
#4 C:\wamp64\www\backendUASmoba\system\Model.php(286): CodeIgniter\Database\BaseBuilder->get()
#5 C:\wamp64\www\backendUASmoba\system\BaseModel.php(677): CodeIgniter\Model->doFindAll(0, 0)
#6 C:\wamp64\www\backendUASmoba\app\Controllers\ResepController.php(18): CodeIgniter\BaseModel->findAll()
#7 C:\wamp64\www\backendUASmoba\system\CodeIgniter.php(933): App\Controllers\ResepController->index()
#8 C:\wamp64\www\backendUASmoba\system\CodeIgniter.php(507): CodeIgniter\CodeIgniter->runController(Object(App\Controllers\ResepController))
#9 C:\wamp64\www\backendUASmoba\system\CodeIgniter.php(354): CodeIgniter\CodeIgniter->handleRequest(NULL, Object(Config\Cache), false)
#10 C:\wamp64\www\backendUASmoba\system\Boot.php(363): CodeIgniter\CodeIgniter->run()
#11 C:\wamp64\www\backendUASmoba\system\Boot.php(68): CodeIgniter\Boot::runCodeIgniter(Object(CodeIgniter\CodeIgniter))
#12 C:\wamp64\www\backendUASmoba\public\index.php(59): CodeIgniter\Boot::bootWeb(Object(Config\Paths))
#13 C:\wamp64\www\backendUASmoba\system\rewrite.php(44): require_once('C:\\wamp64\\www\\b...')
#14 {main}

Next CodeIgniter\Database\Exceptions\DatabaseException: Access denied for user '****'@'localhost' (using password: NO) in C:\wamp64\www\backendUASmoba\system\Database\MySQLi\Connection.php:246
Stack trace:
#0 C:\wamp64\www\backendUASmoba\system\Database\BaseConnection.php(419): CodeIgniter\Database\MySQLi\Connection->connect(false)
#1 C:\wamp64\www\backendUASmoba\system\Database\BaseConnection.php(614): CodeIgniter\Database\BaseConnection->initialize()
#2 C:\wamp64\www\backendUASmoba\system\Database\BaseBuilder.php(1649): CodeIgniter\Database\BaseConnection->query('SELECT *\nFROM `...', Array, false)
#3 C:\wamp64\www\backendUASmoba\system\Model.php(286): CodeIgniter\Database\BaseBuilder->get()
#4 C:\wamp64\www\backendUASmoba\system\BaseModel.php(677): CodeIgniter\Model->doFindAll(0, 0)
#5 C:\wamp64\www\backendUASmoba\app\Controllers\ResepController.php(18): CodeIgniter\BaseModel->findAll()
#6 C:\wamp64\www\backendUASmoba\system\CodeIgniter.php(933): App\Controllers\ResepController->index()
#7 C:\wamp64\www\backendUASmoba\system\CodeIgniter.php(507): CodeIgniter\CodeIgniter->runController(Object(App\Controllers\ResepController))
#8 C:\wamp64\www\backendUASmoba\system\CodeIgniter.php(354): CodeIgniter\CodeIgniter->handleRequest(NULL, Object(Config\Cache), false)
#9 C:\wamp64\www\backendUASmoba\system\Boot.php(363): CodeIgniter\CodeIgniter->run()
#10 C:\wamp64\www\backendUASmoba\system\Boot.php(68): CodeIgniter\Boot::runCodeIgniter(Object(CodeIgniter\CodeIgniter))
#11 C:\wamp64\www\backendUASmoba\public\index.php(59): CodeIgniter\Boot::bootWeb(Object(Config\Paths))
#12 C:\wamp64\www\backendUASmoba\system\rewrite.php(44): require_once('C:\\wamp64\\www\\b...')
#13 {main}
CRITICAL - 2025-12-05 22:40:51 --> CodeIgniter\Database\Exceptions\DatabaseException: Unable to connect to the database.
Main connection [MySQLi]: Access denied for user '****'@'localhost' (using password: NO)
[Method: GET, Route: resep]
in SYSTEMPATH\Database\BaseConnection.php on line 465.
 1 SYSTEMPATH\Database\BaseConnection.php(614): CodeIgniter\Database\BaseConnection->initialize()
 2 SYSTEMPATH\Database\BaseBuilder.php(1649): CodeIgniter\Database\BaseConnection->query('SELECT *
FROM `recipes`', [], false)
 3 SYSTEMPATH\Model.php(286): CodeIgniter\Database\BaseBuilder->get()
 4 SYSTEMPATH\BaseModel.php(677): CodeIgniter\Model->doFindAll(0, 0)
 5 APPPATH\Controllers\ResepController.php(18): CodeIgniter\BaseModel->findAll()
 6 SYSTEMPATH\CodeIgniter.php(933): App\Controllers\ResepController->index()
 7 SYSTEMPATH\CodeIgniter.php(507): CodeIgniter\CodeIgniter->runController(Object(App\Controllers\ResepController))
 8 SYSTEMPATH\CodeIgniter.php(354): CodeIgniter\CodeIgniter->handleRequest(null, Object(Config\Cache), false)
 9 SYSTEMPATH\Boot.php(363): CodeIgniter\CodeIgniter->run()
10 SYSTEMPATH\Boot.php(68): CodeIgniter\Boot::runCodeIgniter(Object(CodeIgniter\CodeIgniter))
11 FCPATH\index.php(59): CodeIgniter\Boot::bootWeb(Object(Config\Paths))
12 SYSTEMPATH\rewrite.php(44): require_once('C:\\wamp64\\www\\backendUASmoba\\public\\index.php')
