ERROR - 2025-12-07 01:58:05 --> Error connecting to the database: mysqli_sql_exception: Access denied for user 'root'@'localhost' (using password: NO) in C:\wamp64\www\backendUASmoba\system\Database\MySQLi\Connection.php:201
Stack trace:
#0 C:\wamp64\www\backendUASmoba\system\Database\MySQLi\Connection.php(201): mysqli->real_connect('127.0.0.1', 'root', Object(SensitiveParameterValue), 'uasmoba1', 3306, '', 0)
#1 C:\wamp64\www\backendUASmoba\system\Database\BaseConnection.php(419): CodeIgniter\Database\MySQLi\Connection->connect(false)
#2 C:\wamp64\www\backendUASmoba\system\Database\BaseConnection.php(614): CodeIgniter\Database\BaseConnection->initialize()
#3 C:\wamp64\www\backendUASmoba\system\Database\BaseBuilder.php(1649): CodeIgniter\Database\BaseConnection->query('SELECT *\nFROM `...', Array, false)
#4 C:\wamp64\www\backendUASmoba\system\Model.php(286): CodeIgniter\Database\BaseBuilder->get()
#5 C:\wamp64\www\backendUASmoba\system\BaseModel.php(677): CodeIgniter\Model->doFindAll(0, 0)
#6 C:\wamp64\www\backendUASmoba\app\Controllers\ResepController.php(18): CodeIgniter\BaseModel->findAll()
#7 C:\wamp64\www\backendUASmoba\system\CodeIgniter.php(933): App\Controllers\ResepController->index()
#8 C:\wamp64\www\backendUASmoba\system\CodeIgniter.php(507): CodeIgniter\CodeIgniter->runController(Object(App\Controllers\ResepController))
#9 C:\wamp64\www\backendUASmoba\system\CodeIgniter.php(354): CodeIgniter\CodeIgniter->handleRequest(NULL, Object(Config\Cache), false)
#10 C:\wamp64\www\backendUASmoba\system\Boot.php(363): CodeIgniter\CodeIgniter->run()
#11 C:\wamp64\www\backendUASmoba\system\Boot.php(68): CodeIgniter\Boot::runCodeIgniter(Object(CodeIgniter\CodeIgniter))
#12 C:\wamp64\www\backendUASmoba\public\index.php(59): CodeIgniter\Boot::bootWeb(Object(Config\Paths))
#13 C:\wamp64\www\backendUASmoba\system\rewrite.php(44): require_once('C:\\wamp64\\www\\b...')
#14 {main}

Next CodeIgniter\Database\Exceptions\DatabaseException: Access denied for user '****'@'localhost' (using password: NO) in C:\wamp64\www\backendUASmoba\system\Database\MySQLi\Connection.php:246
Stack trace:
#0 C:\wamp64\www\backendUASmoba\system\Database\BaseConnection.php(419): CodeIgniter\Database\MySQLi\Connection->connect(false)
#1 C:\wamp64\www\backendUASmoba\system\Database\BaseConnection.php(614): CodeIgniter\Database\BaseConnection->initialize()
#2 C:\wamp64\www\backendUASmoba\system\Database\BaseBuilder.php(1649): CodeIgniter\Database\BaseConnection->query('SELECT *\nFROM `...', Array, false)
#3 C:\wamp64\www\backendUASmoba\system\Model.php(286): CodeIgniter\Database\BaseBuilder->get()
#4 C:\wamp64\www\backendUASmoba\system\BaseModel.php(677): CodeIgniter\Model->doFindAll(0, 0)
#5 C:\wamp64\www\backendUASmoba\app\Controllers\ResepController.php(18): CodeIgniter\BaseModel->findAll()
#6 C:\wamp64\www\backendUASmoba\system\CodeIgniter.php(933): App\Controllers\ResepController->index()
#7 C:\wamp64\www\backendUASmoba\system\CodeIgniter.php(507): CodeIgniter\CodeIgniter->runController(Object(App\Controllers\ResepController))
#8 C:\wamp64\www\backendUASmoba\system\CodeIgniter.php(354): CodeIgniter\CodeIgniter->handleRequest(NULL, Object(Config\Cache), false)
#9 C:\wamp64\www\backendUASmoba\system\Boot.php(363): CodeIgniter\CodeIgniter->run()
#10 C:\wamp64\www\backendUASmoba\system\Boot.php(68): CodeIgniter\Boot::runCodeIgniter(Object(CodeIgniter\CodeIgniter))
#11 C:\wamp64\www\backendUASmoba\public\index.php(59): CodeIgniter\Boot::bootWeb(Object(Config\Paths))
#12 C:\wamp64\www\backendUASmoba\system\rewrite.php(44): require_once('C:\\wamp64\\www\\b...')
#13 {main}
CRITICAL - 2025-12-07 01:58:05 --> CodeIgniter\Database\Exceptions\DatabaseException: Unable to connect to the database.
Main connection [MySQLi]: Access denied for user '****'@'localhost' (using password: NO)
[Method: GET, Route: api/resep]
in SYSTEMPATH\Database\BaseConnection.php on line 465.
 1 SYSTEMPATH\Database\BaseConnection.php(614): CodeIgniter\Database\BaseConnection->initialize()
 2 SYSTEMPATH\Database\BaseBuilder.php(1649): CodeIgniter\Database\BaseConnection->query('SELECT *
FROM `recipes`', [], false)
 3 SYSTEMPATH\Model.php(286): CodeIgniter\Database\BaseBuilder->get()
 4 SYSTEMPATH\BaseModel.php(677): CodeIgniter\Model->doFindAll(0, 0)
 5 APPPATH\Controllers\ResepController.php(18): CodeIgniter\BaseModel->findAll()
 6 SYSTEMPATH\CodeIgniter.php(933): App\Controllers\ResepController->index()
 7 SYSTEMPATH\CodeIgniter.php(507): CodeIgniter\CodeIgniter->runController(Object(App\Controllers\ResepController))
 8 SYSTEMPATH\CodeIgniter.php(354): CodeIgniter\CodeIgniter->handleRequest(null, Object(Config\Cache), false)
 9 SYSTEMPATH\Boot.php(363): CodeIgniter\CodeIgniter->run()
10 SYSTEMPATH\Boot.php(68): CodeIgniter\Boot::runCodeIgniter(Object(CodeIgniter\CodeIgniter))
11 FCPATH\index.php(59): CodeIgniter\Boot::bootWeb(Object(Config\Paths))
12 SYSTEMPATH\rewrite.php(44): require_once('C:\\wamp64\\www\\backendUASmoba\\public\\index.php')
ERROR - 2025-12-07 01:58:47 --> Error connecting to the database: mysqli_sql_exception: Access denied for user 'root'@'localhost' (using password: NO) in C:\wamp64\www\backendUASmoba\system\Database\MySQLi\Connection.php:201
Stack trace:
#0 C:\wamp64\www\backendUASmoba\system\Database\MySQLi\Connection.php(201): mysqli->real_connect('127.0.0.1', 'root', Object(SensitiveParameterValue), 'uasmoba1', 3306, '', 0)
#1 C:\wamp64\www\backendUASmoba\system\Database\BaseConnection.php(419): CodeIgniter\Database\MySQLi\Connection->connect(false)
#2 C:\wamp64\www\backendUASmoba\system\Database\BaseConnection.php(614): CodeIgniter\Database\BaseConnection->initialize()
#3 C:\wamp64\www\backendUASmoba\system\Database\BaseBuilder.php(1649): CodeIgniter\Database\BaseConnection->query('SELECT *\nFROM `...', Array, false)
#4 C:\wamp64\www\backendUASmoba\system\Model.php(330): CodeIgniter\Database\BaseBuilder->get()
#5 C:\wamp64\www\backendUASmoba\system\BaseModel.php(715): CodeIgniter\Model->doFirst()
#6 C:\wamp64\www\backendUASmoba\app\Filters\AuthFilter.php(27): CodeIgniter\BaseModel->first()
#7 C:\wamp64\www\backendUASmoba\system\Filters\Filters.php(241): App\Filters\AuthFilter->before(Object(CodeIgniter\HTTP\IncomingRequest), NULL)
#8 C:\wamp64\www\backendUASmoba\system\Filters\Filters.php(221): CodeIgniter\Filters\Filters->runBefore(Array)
#9 C:\wamp64\www\backendUASmoba\system\CodeIgniter.php(479): CodeIgniter\Filters\Filters->run('api/myrecipes', 'before')
#10 C:\wamp64\www\backendUASmoba\system\CodeIgniter.php(354): CodeIgniter\CodeIgniter->handleRequest(NULL, Object(Config\Cache), false)
#11 C:\wamp64\www\backendUASmoba\system\Boot.php(363): CodeIgniter\CodeIgniter->run()
#12 C:\wamp64\www\backendUASmoba\system\Boot.php(68): CodeIgniter\Boot::runCodeIgniter(Object(CodeIgniter\CodeIgniter))
#13 C:\wamp64\www\backendUASmoba\public\index.php(59): CodeIgniter\Boot::bootWeb(Object(Config\Paths))
#14 C:\wamp64\www\backendUASmoba\system\rewrite.php(44): require_once('C:\\wamp64\\www\\b...')
#15 {main}

Next CodeIgniter\Database\Exceptions\DatabaseException: Access denied for user '****'@'localhost' (using password: NO) in C:\wamp64\www\backendUASmoba\system\Database\MySQLi\Connection.php:246
Stack trace:
#0 C:\wamp64\www\backendUASmoba\system\Database\BaseConnection.php(419): CodeIgniter\Database\MySQLi\Connection->connect(false)
#1 C:\wamp64\www\backendUASmoba\system\Database\BaseConnection.php(614): CodeIgniter\Database\BaseConnection->initialize()
#2 C:\wamp64\www\backendUASmoba\system\Database\BaseBuilder.php(1649): CodeIgniter\Database\BaseConnection->query('SELECT *\nFROM `...', Array, false)
#3 C:\wamp64\www\backendUASmoba\system\Model.php(330): CodeIgniter\Database\BaseBuilder->get()
#4 C:\wamp64\www\backendUASmoba\system\BaseModel.php(715): CodeIgniter\Model->doFirst()
#5 C:\wamp64\www\backendUASmoba\app\Filters\AuthFilter.php(27): CodeIgniter\BaseModel->first()
#6 C:\wamp64\www\backendUASmoba\system\Filters\Filters.php(241): App\Filters\AuthFilter->before(Object(CodeIgniter\HTTP\IncomingRequest), NULL)
#7 C:\wamp64\www\backendUASmoba\system\Filters\Filters.php(221): CodeIgniter\Filters\Filters->runBefore(Array)
#8 C:\wamp64\www\backendUASmoba\system\CodeIgniter.php(479): CodeIgniter\Filters\Filters->run('api/myrecipes', 'before')
#9 C:\wamp64\www\backendUASmoba\system\CodeIgniter.php(354): CodeIgniter\CodeIgniter->handleRequest(NULL, Object(Config\Cache), false)
#10 C:\wamp64\www\backendUASmoba\system\Boot.php(363): CodeIgniter\CodeIgniter->run()
#11 C:\wamp64\www\backendUASmoba\system\Boot.php(68): CodeIgniter\Boot::runCodeIgniter(Object(CodeIgniter\CodeIgniter))
#12 C:\wamp64\www\backendUASmoba\public\index.php(59): CodeIgniter\Boot::bootWeb(Object(Config\Paths))
#13 C:\wamp64\www\backendUASmoba\system\rewrite.php(44): require_once('C:\\wamp64\\www\\b...')
#14 {main}
CRITICAL - 2025-12-07 01:58:47 --> CodeIgniter\Database\Exceptions\DatabaseException: Unable to connect to the database.
Main connection [MySQLi]: Access denied for user '****'@'localhost' (using password: NO)
[Method: GET, Route: api/myrecipes]
in SYSTEMPATH\Database\BaseConnection.php on line 465.
 1 SYSTEMPATH\Database\BaseConnection.php(614): CodeIgniter\Database\BaseConnection->initialize()
 2 SYSTEMPATH\Database\BaseBuilder.php(1649): CodeIgniter\Database\BaseConnection->query('SELECT *
FROM `member_token`
WHERE `auth_key` = :auth_key:
 LIMIT 1', [...], false)
 3 SYSTEMPATH\Model.php(330): CodeIgniter\Database\BaseBuilder->get()
 4 SYSTEMPATH\BaseModel.php(715): CodeIgniter\Model->doFirst()
 5 APPPATH\Filters\AuthFilter.php(27): CodeIgniter\BaseModel->first()
 6 SYSTEMPATH\Filters\Filters.php(241): App\Filters\AuthFilter->before(Object(CodeIgniter\HTTP\IncomingRequest), null)
 7 SYSTEMPATH\Filters\Filters.php(221): CodeIgniter\Filters\Filters->runBefore([...])
 8 SYSTEMPATH\CodeIgniter.php(479): CodeIgniter\Filters\Filters->run('api/myrecipes', 'before')
 9 SYSTEMPATH\CodeIgniter.php(354): CodeIgniter\CodeIgniter->handleRequest(null, Object(Config\Cache), false)
10 SYSTEMPATH\Boot.php(363): CodeIgniter\CodeIgniter->run()
11 SYSTEMPATH\Boot.php(68): CodeIgniter\Boot::runCodeIgniter(Object(CodeIgniter\CodeIgniter))
12 FCPATH\index.php(59): CodeIgniter\Boot::bootWeb(Object(Config\Paths))
13 SYSTEMPATH\rewrite.php(44): require_once('C:\\wamp64\\www\\backendUASmoba\\public\\index.php')
ERROR - 2025-12-07 01:58:50 --> Error connecting to the database: mysqli_sql_exception: Access denied for user 'root'@'localhost' (using password: NO) in C:\wamp64\www\backendUASmoba\system\Database\MySQLi\Connection.php:201
Stack trace:
#0 C:\wamp64\www\backendUASmoba\system\Database\MySQLi\Connection.php(201): mysqli->real_connect('127.0.0.1', 'root', Object(SensitiveParameterValue), 'uasmoba1', 3306, '', 0)
#1 C:\wamp64\www\backendUASmoba\system\Database\BaseConnection.php(419): CodeIgniter\Database\MySQLi\Connection->connect(false)
#2 C:\wamp64\www\backendUASmoba\system\Database\BaseConnection.php(614): CodeIgniter\Database\BaseConnection->initialize()
#3 C:\wamp64\www\backendUASmoba\system\Database\BaseBuilder.php(1649): CodeIgniter\Database\BaseConnection->query('SELECT *\nFROM `...', Array, false)
#4 C:\wamp64\www\backendUASmoba\system\Model.php(330): CodeIgniter\Database\BaseBuilder->get()
#5 C:\wamp64\www\backendUASmoba\system\BaseModel.php(715): CodeIgniter\Model->doFirst()
#6 C:\wamp64\www\backendUASmoba\app\Filters\AuthFilter.php(27): CodeIgniter\BaseModel->first()
#7 C:\wamp64\www\backendUASmoba\system\Filters\Filters.php(241): App\Filters\AuthFilter->before(Object(CodeIgniter\HTTP\IncomingRequest), NULL)
#8 C:\wamp64\www\backendUASmoba\system\Filters\Filters.php(221): CodeIgniter\Filters\Filters->runBefore(Array)
#9 C:\wamp64\www\backendUASmoba\system\CodeIgniter.php(479): CodeIgniter\Filters\Filters->run('api/myrecipes', 'before')
#10 C:\wamp64\www\backendUASmoba\system\CodeIgniter.php(354): CodeIgniter\CodeIgniter->handleRequest(NULL, Object(Config\Cache), false)
#11 C:\wamp64\www\backendUASmoba\system\Boot.php(363): CodeIgniter\CodeIgniter->run()
#12 C:\wamp64\www\backendUASmoba\system\Boot.php(68): CodeIgniter\Boot::runCodeIgniter(Object(CodeIgniter\CodeIgniter))
#13 C:\wamp64\www\backendUASmoba\public\index.php(59): CodeIgniter\Boot::bootWeb(Object(Config\Paths))
#14 C:\wamp64\www\backendUASmoba\system\rewrite.php(44): require_once('C:\\wamp64\\www\\b...')
#15 {main}

Next CodeIgniter\Database\Exceptions\DatabaseException: Access denied for user '****'@'localhost' (using password: NO) in C:\wamp64\www\backendUASmoba\system\Database\MySQLi\Connection.php:246
Stack trace:
#0 C:\wamp64\www\backendUASmoba\system\Database\BaseConnection.php(419): CodeIgniter\Database\MySQLi\Connection->connect(false)
#1 C:\wamp64\www\backendUASmoba\system\Database\BaseConnection.php(614): CodeIgniter\Database\BaseConnection->initialize()
#2 C:\wamp64\www\backendUASmoba\system\Database\BaseBuilder.php(1649): CodeIgniter\Database\BaseConnection->query('SELECT *\nFROM `...', Array, false)
#3 C:\wamp64\www\backendUASmoba\system\Model.php(330): CodeIgniter\Database\BaseBuilder->get()
#4 C:\wamp64\www\backendUASmoba\system\BaseModel.php(715): CodeIgniter\Model->doFirst()
#5 C:\wamp64\www\backendUASmoba\app\Filters\AuthFilter.php(27): CodeIgniter\BaseModel->first()
#6 C:\wamp64\www\backendUASmoba\system\Filters\Filters.php(241): App\Filters\AuthFilter->before(Object(CodeIgniter\HTTP\IncomingRequest), NULL)
#7 C:\wamp64\www\backendUASmoba\system\Filters\Filters.php(221): CodeIgniter\Filters\Filters->runBefore(Array)
#8 C:\wamp64\www\backendUASmoba\system\CodeIgniter.php(479): CodeIgniter\Filters\Filters->run('api/myrecipes', 'before')
#9 C:\wamp64\www\backendUASmoba\system\CodeIgniter.php(354): CodeIgniter\CodeIgniter->handleRequest(NULL, Object(Config\Cache), false)
#10 C:\wamp64\www\backendUASmoba\system\Boot.php(363): CodeIgniter\CodeIgniter->run()
#11 C:\wamp64\www\backendUASmoba\system\Boot.php(68): CodeIgniter\Boot::runCodeIgniter(Object(CodeIgniter\CodeIgniter))
#12 C:\wamp64\www\backendUASmoba\public\index.php(59): CodeIgniter\Boot::bootWeb(Object(Config\Paths))
#13 C:\wamp64\www\backendUASmoba\system\rewrite.php(44): require_once('C:\\wamp64\\www\\b...')
#14 {main}
CRITICAL - 2025-12-07 01:58:50 --> CodeIgniter\Database\Exceptions\DatabaseException: Unable to connect to the database.
Main connection [MySQLi]: Access denied for user '****'@'localhost' (using password: NO)
[Method: GET, Route: api/myrecipes]
in SYSTEMPATH\Database\BaseConnection.php on line 465.
 1 SYSTEMPATH\Database\BaseConnection.php(614): CodeIgniter\Database\BaseConnection->initialize()
 2 SYSTEMPATH\Database\BaseBuilder.php(1649): CodeIgniter\Database\BaseConnection->query('SELECT *
FROM `member_token`
WHERE `auth_key` = :auth_key:
 LIMIT 1', [...], false)
 3 SYSTEMPATH\Model.php(330): CodeIgniter\Database\BaseBuilder->get()
 4 SYSTEMPATH\BaseModel.php(715): CodeIgniter\Model->doFirst()
 5 APPPATH\Filters\AuthFilter.php(27): CodeIgniter\BaseModel->first()
 6 SYSTEMPATH\Filters\Filters.php(241): App\Filters\AuthFilter->before(Object(CodeIgniter\HTTP\IncomingRequest), null)
 7 SYSTEMPATH\Filters\Filters.php(221): CodeIgniter\Filters\Filters->runBefore([...])
 8 SYSTEMPATH\CodeIgniter.php(479): CodeIgniter\Filters\Filters->run('api/myrecipes', 'before')
 9 SYSTEMPATH\CodeIgniter.php(354): CodeIgniter\CodeIgniter->handleRequest(null, Object(Config\Cache), false)
10 SYSTEMPATH\Boot.php(363): CodeIgniter\CodeIgniter->run()
11 SYSTEMPATH\Boot.php(68): CodeIgniter\Boot::runCodeIgniter(Object(CodeIgniter\CodeIgniter))
12 FCPATH\index.php(59): CodeIgniter\Boot::bootWeb(Object(Config\Paths))
13 SYSTEMPATH\rewrite.php(44): require_once('C:\\wamp64\\www\\backendUASmoba\\public\\index.php')
ERROR - 2025-12-07 01:58:51 --> Error connecting to the database: mysqli_sql_exception: Access denied for user 'root'@'localhost' (using password: NO) in C:\wamp64\www\backendUASmoba\system\Database\MySQLi\Connection.php:201
Stack trace:
#0 C:\wamp64\www\backendUASmoba\system\Database\MySQLi\Connection.php(201): mysqli->real_connect('127.0.0.1', 'root', Object(SensitiveParameterValue), 'uasmoba1', 3306, '', 0)
#1 C:\wamp64\www\backendUASmoba\system\Database\BaseConnection.php(419): CodeIgniter\Database\MySQLi\Connection->connect(false)
#2 C:\wamp64\www\backendUASmoba\system\Database\BaseConnection.php(614): CodeIgniter\Database\BaseConnection->initialize()
#3 C:\wamp64\www\backendUASmoba\system\Database\BaseBuilder.php(1649): CodeIgniter\Database\BaseConnection->query('SELECT *\nFROM `...', Array, false)
#4 C:\wamp64\www\backendUASmoba\system\Model.php(330): CodeIgniter\Database\BaseBuilder->get()
#5 C:\wamp64\www\backendUASmoba\system\BaseModel.php(715): CodeIgniter\Model->doFirst()
#6 C:\wamp64\www\backendUASmoba\app\Filters\AuthFilter.php(27): CodeIgniter\BaseModel->first()
#7 C:\wamp64\www\backendUASmoba\system\Filters\Filters.php(241): App\Filters\AuthFilter->before(Object(CodeIgniter\HTTP\IncomingRequest), NULL)
#8 C:\wamp64\www\backendUASmoba\system\Filters\Filters.php(221): CodeIgniter\Filters\Filters->runBefore(Array)
#9 C:\wamp64\www\backendUASmoba\system\CodeIgniter.php(479): CodeIgniter\Filters\Filters->run('api/myrecipes', 'before')
#10 C:\wamp64\www\backendUASmoba\system\CodeIgniter.php(354): CodeIgniter\CodeIgniter->handleRequest(NULL, Object(Config\Cache), false)
#11 C:\wamp64\www\backendUASmoba\system\Boot.php(363): CodeIgniter\CodeIgniter->run()
#12 C:\wamp64\www\backendUASmoba\system\Boot.php(68): CodeIgniter\Boot::runCodeIgniter(Object(CodeIgniter\CodeIgniter))
#13 C:\wamp64\www\backendUASmoba\public\index.php(59): CodeIgniter\Boot::bootWeb(Object(Config\Paths))
#14 C:\wamp64\www\backendUASmoba\system\rewrite.php(44): require_once('C:\\wamp64\\www\\b...')
#15 {main}

Next CodeIgniter\Database\Exceptions\DatabaseException: Access denied for user '****'@'localhost' (using password: NO) in C:\wamp64\www\backendUASmoba\system\Database\MySQLi\Connection.php:246
Stack trace:
#0 C:\wamp64\www\backendUASmoba\system\Database\BaseConnection.php(419): CodeIgniter\Database\MySQLi\Connection->connect(false)
#1 C:\wamp64\www\backendUASmoba\system\Database\BaseConnection.php(614): CodeIgniter\Database\BaseConnection->initialize()
#2 C:\wamp64\www\backendUASmoba\system\Database\BaseBuilder.php(1649): CodeIgniter\Database\BaseConnection->query('SELECT *\nFROM `...', Array, false)
#3 C:\wamp64\www\backendUASmoba\system\Model.php(330): CodeIgniter\Database\BaseBuilder->get()
#4 C:\wamp64\www\backendUASmoba\system\BaseModel.php(715): CodeIgniter\Model->doFirst()
#5 C:\wamp64\www\backendUASmoba\app\Filters\AuthFilter.php(27): CodeIgniter\BaseModel->first()
#6 C:\wamp64\www\backendUASmoba\system\Filters\Filters.php(241): App\Filters\AuthFilter->before(Object(CodeIgniter\HTTP\IncomingRequest), NULL)
#7 C:\wamp64\www\backendUASmoba\system\Filters\Filters.php(221): CodeIgniter\Filters\Filters->runBefore(Array)
#8 C:\wamp64\www\backendUASmoba\system\CodeIgniter.php(479): CodeIgniter\Filters\Filters->run('api/myrecipes', 'before')
#9 C:\wamp64\www\backendUASmoba\system\CodeIgniter.php(354): CodeIgniter\CodeIgniter->handleRequest(NULL, Object(Config\Cache), false)
#10 C:\wamp64\www\backendUASmoba\system\Boot.php(363): CodeIgniter\CodeIgniter->run()
#11 C:\wamp64\www\backendUASmoba\system\Boot.php(68): CodeIgniter\Boot::runCodeIgniter(Object(CodeIgniter\CodeIgniter))
#12 C:\wamp64\www\backendUASmoba\public\index.php(59): CodeIgniter\Boot::bootWeb(Object(Config\Paths))
#13 C:\wamp64\www\backendUASmoba\system\rewrite.php(44): require_once('C:\\wamp64\\www\\b...')
#14 {main}
CRITICAL - 2025-12-07 01:58:51 --> CodeIgniter\Database\Exceptions\DatabaseException: Unable to connect to the database.
Main connection [MySQLi]: Access denied for user '****'@'localhost' (using password: NO)
[Method: GET, Route: api/myrecipes]
in SYSTEMPATH\Database\BaseConnection.php on line 465.
 1 SYSTEMPATH\Database\BaseConnection.php(614): CodeIgniter\Database\BaseConnection->initialize()
 2 SYSTEMPATH\Database\BaseBuilder.php(1649): CodeIgniter\Database\BaseConnection->query('SELECT *
FROM `member_token`
WHERE `auth_key` = :auth_key:
 LIMIT 1', [...], false)
 3 SYSTEMPATH\Model.php(330): CodeIgniter\Database\BaseBuilder->get()
 4 SYSTEMPATH\BaseModel.php(715): CodeIgniter\Model->doFirst()
 5 APPPATH\Filters\AuthFilter.php(27): CodeIgniter\BaseModel->first()
 6 SYSTEMPATH\Filters\Filters.php(241): App\Filters\AuthFilter->before(Object(CodeIgniter\HTTP\IncomingRequest), null)
 7 SYSTEMPATH\Filters\Filters.php(221): CodeIgniter\Filters\Filters->runBefore([...])
 8 SYSTEMPATH\CodeIgniter.php(479): CodeIgniter\Filters\Filters->run('api/myrecipes', 'before')
 9 SYSTEMPATH\CodeIgniter.php(354): CodeIgniter\CodeIgniter->handleRequest(null, Object(Config\Cache), false)
10 SYSTEMPATH\Boot.php(363): CodeIgniter\CodeIgniter->run()
11 SYSTEMPATH\Boot.php(68): CodeIgniter\Boot::runCodeIgniter(Object(CodeIgniter\CodeIgniter))
12 FCPATH\index.php(59): CodeIgniter\Boot::bootWeb(Object(Config\Paths))
13 SYSTEMPATH\rewrite.php(44): require_once('C:\\wamp64\\www\\backendUASmoba\\public\\index.php')
ERROR - 2025-12-07 01:59:00 --> Error connecting to the database: mysqli_sql_exception: Access denied for user 'root'@'localhost' (using password: NO) in C:\wamp64\www\backendUASmoba\system\Database\MySQLi\Connection.php:201
Stack trace:
#0 C:\wamp64\www\backendUASmoba\system\Database\MySQLi\Connection.php(201): mysqli->real_connect('127.0.0.1', 'root', Object(SensitiveParameterValue), 'uasmoba1', 3306, '', 0)
#1 C:\wamp64\www\backendUASmoba\system\Database\BaseConnection.php(419): CodeIgniter\Database\MySQLi\Connection->connect(false)
#2 C:\wamp64\www\backendUASmoba\system\Database\BaseConnection.php(614): CodeIgniter\Database\BaseConnection->initialize()
#3 C:\wamp64\www\backendUASmoba\system\Database\BaseBuilder.php(1649): CodeIgniter\Database\BaseConnection->query('SELECT *\nFROM `...', Array, false)
#4 C:\wamp64\www\backendUASmoba\system\Model.php(330): CodeIgniter\Database\BaseBuilder->get()
#5 C:\wamp64\www\backendUASmoba\system\BaseModel.php(715): CodeIgniter\Model->doFirst()
#6 C:\wamp64\www\backendUASmoba\app\Filters\AuthFilter.php(27): CodeIgniter\BaseModel->first()
#7 C:\wamp64\www\backendUASmoba\system\Filters\Filters.php(241): App\Filters\AuthFilter->before(Object(CodeIgniter\HTTP\IncomingRequest), NULL)
#8 C:\wamp64\www\backendUASmoba\system\Filters\Filters.php(221): CodeIgniter\Filters\Filters->runBefore(Array)
#9 C:\wamp64\www\backendUASmoba\system\CodeIgniter.php(479): CodeIgniter\Filters\Filters->run('api/resep/saved', 'before')
#10 C:\wamp64\www\backendUASmoba\system\CodeIgniter.php(354): CodeIgniter\CodeIgniter->handleRequest(NULL, Object(Config\Cache), false)
#11 C:\wamp64\www\backendUASmoba\system\Boot.php(363): CodeIgniter\CodeIgniter->run()
#12 C:\wamp64\www\backendUASmoba\system\Boot.php(68): CodeIgniter\Boot::runCodeIgniter(Object(CodeIgniter\CodeIgniter))
#13 C:\wamp64\www\backendUASmoba\public\index.php(59): CodeIgniter\Boot::bootWeb(Object(Config\Paths))
#14 C:\wamp64\www\backendUASmoba\system\rewrite.php(44): require_once('C:\\wamp64\\www\\b...')
#15 {main}

Next CodeIgniter\Database\Exceptions\DatabaseException: Access denied for user '****'@'localhost' (using password: NO) in C:\wamp64\www\backendUASmoba\system\Database\MySQLi\Connection.php:246
Stack trace:
#0 C:\wamp64\www\backendUASmoba\system\Database\BaseConnection.php(419): CodeIgniter\Database\MySQLi\Connection->connect(false)
#1 C:\wamp64\www\backendUASmoba\system\Database\BaseConnection.php(614): CodeIgniter\Database\BaseConnection->initialize()
#2 C:\wamp64\www\backendUASmoba\system\Database\BaseBuilder.php(1649): CodeIgniter\Database\BaseConnection->query('SELECT *\nFROM `...', Array, false)
#3 C:\wamp64\www\backendUASmoba\system\Model.php(330): CodeIgniter\Database\BaseBuilder->get()
#4 C:\wamp64\www\backendUASmoba\system\BaseModel.php(715): CodeIgniter\Model->doFirst()
#5 C:\wamp64\www\backendUASmoba\app\Filters\AuthFilter.php(27): CodeIgniter\BaseModel->first()
#6 C:\wamp64\www\backendUASmoba\system\Filters\Filters.php(241): App\Filters\AuthFilter->before(Object(CodeIgniter\HTTP\IncomingRequest), NULL)
#7 C:\wamp64\www\backendUASmoba\system\Filters\Filters.php(221): CodeIgniter\Filters\Filters->runBefore(Array)
#8 C:\wamp64\www\backendUASmoba\system\CodeIgniter.php(479): CodeIgniter\Filters\Filters->run('api/resep/saved', 'before')
#9 C:\wamp64\www\backendUASmoba\system\CodeIgniter.php(354): CodeIgniter\CodeIgniter->handleRequest(NULL, Object(Config\Cache), false)
#10 C:\wamp64\www\backendUASmoba\system\Boot.php(363): CodeIgniter\CodeIgniter->run()
#11 C:\wamp64\www\backendUASmoba\system\Boot.php(68): CodeIgniter\Boot::runCodeIgniter(Object(CodeIgniter\CodeIgniter))
#12 C:\wamp64\www\backendUASmoba\public\index.php(59): CodeIgniter\Boot::bootWeb(Object(Config\Paths))
#13 C:\wamp64\www\backendUASmoba\system\rewrite.php(44): require_once('C:\\wamp64\\www\\b...')
#14 {main}
CRITICAL - 2025-12-07 01:59:00 --> CodeIgniter\Database\Exceptions\DatabaseException: Unable to connect to the database.
Main connection [MySQLi]: Access denied for user '****'@'localhost' (using password: NO)
[Method: GET, Route: api/resep/saved]
in SYSTEMPATH\Database\BaseConnection.php on line 465.
 1 SYSTEMPATH\Database\BaseConnection.php(614): CodeIgniter\Database\BaseConnection->initialize()
 2 SYSTEMPATH\Database\BaseBuilder.php(1649): CodeIgniter\Database\BaseConnection->query('SELECT *
FROM `member_token`
WHERE `auth_key` = :auth_key:
 LIMIT 1', [...], false)
 3 SYSTEMPATH\Model.php(330): CodeIgniter\Database\BaseBuilder->get()
 4 SYSTEMPATH\BaseModel.php(715): CodeIgniter\Model->doFirst()
 5 APPPATH\Filters\AuthFilter.php(27): CodeIgniter\BaseModel->first()
 6 SYSTEMPATH\Filters\Filters.php(241): App\Filters\AuthFilter->before(Object(CodeIgniter\HTTP\IncomingRequest), null)
 7 SYSTEMPATH\Filters\Filters.php(221): CodeIgniter\Filters\Filters->runBefore([...])
 8 SYSTEMPATH\CodeIgniter.php(479): CodeIgniter\Filters\Filters->run('api/resep/saved', 'before')
 9 SYSTEMPATH\CodeIgniter.php(354): CodeIgniter\CodeIgniter->handleRequest(null, Object(Config\Cache), false)
10 SYSTEMPATH\Boot.php(363): CodeIgniter\CodeIgniter->run()
11 SYSTEMPATH\Boot.php(68): CodeIgniter\Boot::runCodeIgniter(Object(CodeIgniter\CodeIgniter))
12 FCPATH\index.php(59): CodeIgniter\Boot::bootWeb(Object(Config\Paths))
13 SYSTEMPATH\rewrite.php(44): require_once('C:\\wamp64\\www\\backendUASmoba\\public\\index.php')
ERROR - 2025-12-07 02:00:23 --> Error connecting to the database: mysqli_sql_exception: No connection could be made because the target machine actively refused it in C:\wamp64\www\backendUASmoba\system\Database\MySQLi\Connection.php:201
Stack trace:
#0 C:\wamp64\www\backendUASmoba\system\Database\MySQLi\Connection.php(201): mysqli->real_connect('127.0.0.1', 'root', Object(SensitiveParameterValue), 'uasmoba1', 3306, '', 0)
#1 C:\wamp64\www\backendUASmoba\system\Database\BaseConnection.php(419): CodeIgniter\Database\MySQLi\Connection->connect(false)
#2 C:\wamp64\www\backendUASmoba\system\Database\BaseConnection.php(614): CodeIgniter\Database\BaseConnection->initialize()
#3 C:\wamp64\www\backendUASmoba\system\Database\BaseBuilder.php(1649): CodeIgniter\Database\BaseConnection->query('SELECT *\nFROM `...', Array, false)
#4 C:\wamp64\www\backendUASmoba\system\Model.php(286): CodeIgniter\Database\BaseBuilder->get()
#5 C:\wamp64\www\backendUASmoba\system\BaseModel.php(677): CodeIgniter\Model->doFindAll(0, 0)
#6 C:\wamp64\www\backendUASmoba\app\Controllers\ResepController.php(18): CodeIgniter\BaseModel->findAll()
#7 C:\wamp64\www\backendUASmoba\system\CodeIgniter.php(933): App\Controllers\ResepController->index()
#8 C:\wamp64\www\backendUASmoba\system\CodeIgniter.php(507): CodeIgniter\CodeIgniter->runController(Object(App\Controllers\ResepController))
#9 C:\wamp64\www\backendUASmoba\system\CodeIgniter.php(354): CodeIgniter\CodeIgniter->handleRequest(NULL, Object(Config\Cache), false)
#10 C:\wamp64\www\backendUASmoba\system\Boot.php(363): CodeIgniter\CodeIgniter->run()
#11 C:\wamp64\www\backendUASmoba\system\Boot.php(68): CodeIgniter\Boot::runCodeIgniter(Object(CodeIgniter\CodeIgniter))
#12 C:\wamp64\www\backendUASmoba\public\index.php(59): CodeIgniter\Boot::bootWeb(Object(Config\Paths))
#13 C:\wamp64\www\backendUASmoba\system\rewrite.php(44): require_once('C:\\wamp64\\www\\b...')
#14 {main}

Next CodeIgniter\Database\Exceptions\DatabaseException: No connection could be made because the target machine actively refused it in C:\wamp64\www\backendUASmoba\system\Database\MySQLi\Connection.php:246
Stack trace:
#0 C:\wamp64\www\backendUASmoba\system\Database\BaseConnection.php(419): CodeIgniter\Database\MySQLi\Connection->connect(false)
#1 C:\wamp64\www\backendUASmoba\system\Database\BaseConnection.php(614): CodeIgniter\Database\BaseConnection->initialize()
#2 C:\wamp64\www\backendUASmoba\system\Database\BaseBuilder.php(1649): CodeIgniter\Database\BaseConnection->query('SELECT *\nFROM `...', Array, false)
#3 C:\wamp64\www\backendUASmoba\system\Model.php(286): CodeIgniter\Database\BaseBuilder->get()
#4 C:\wamp64\www\backendUASmoba\system\BaseModel.php(677): CodeIgniter\Model->doFindAll(0, 0)
#5 C:\wamp64\www\backendUASmoba\app\Controllers\ResepController.php(18): CodeIgniter\BaseModel->findAll()
#6 C:\wamp64\www\backendUASmoba\system\CodeIgniter.php(933): App\Controllers\ResepController->index()
#7 C:\wamp64\www\backendUASmoba\system\CodeIgniter.php(507): CodeIgniter\CodeIgniter->runController(Object(App\Controllers\ResepController))
#8 C:\wamp64\www\backendUASmoba\system\CodeIgniter.php(354): CodeIgniter\CodeIgniter->handleRequest(NULL, Object(Config\Cache), false)
#9 C:\wamp64\www\backendUASmoba\system\Boot.php(363): CodeIgniter\CodeIgniter->run()
#10 C:\wamp64\www\backendUASmoba\system\Boot.php(68): CodeIgniter\Boot::runCodeIgniter(Object(CodeIgniter\CodeIgniter))
#11 C:\wamp64\www\backendUASmoba\public\index.php(59): CodeIgniter\Boot::bootWeb(Object(Config\Paths))
#12 C:\wamp64\www\backendUASmoba\system\rewrite.php(44): require_once('C:\\wamp64\\www\\b...')
#13 {main}
CRITICAL - 2025-12-07 02:00:23 --> CodeIgniter\Database\Exceptions\DatabaseException: Unable to connect to the database.
Main connection [MySQLi]: No connection could be made because the target machine actively refused it
[Method: GET, Route: api/resep]
in SYSTEMPATH\Database\BaseConnection.php on line 465.
 1 SYSTEMPATH\Database\BaseConnection.php(614): CodeIgniter\Database\BaseConnection->initialize()
 2 SYSTEMPATH\Database\BaseBuilder.php(1649): CodeIgniter\Database\BaseConnection->query('SELECT *
FROM `recipes`', [], false)
 3 SYSTEMPATH\Model.php(286): CodeIgniter\Database\BaseBuilder->get()
 4 SYSTEMPATH\BaseModel.php(677): CodeIgniter\Model->doFindAll(0, 0)
 5 APPPATH\Controllers\ResepController.php(18): CodeIgniter\BaseModel->findAll()
 6 SYSTEMPATH\CodeIgniter.php(933): App\Controllers\ResepController->index()
 7 SYSTEMPATH\CodeIgniter.php(507): CodeIgniter\CodeIgniter->runController(Object(App\Controllers\ResepController))
 8 SYSTEMPATH\CodeIgniter.php(354): CodeIgniter\CodeIgniter->handleRequest(null, Object(Config\Cache), false)
 9 SYSTEMPATH\Boot.php(363): CodeIgniter\CodeIgniter->run()
10 SYSTEMPATH\Boot.php(68): CodeIgniter\Boot::runCodeIgniter(Object(CodeIgniter\CodeIgniter))
11 FCPATH\index.php(59): CodeIgniter\Boot::bootWeb(Object(Config\Paths))
12 SYSTEMPATH\rewrite.php(44): require_once('C:\\wamp64\\www\\backendUASmoba\\public\\index.php')
ERROR - 2025-12-07 02:00:28 --> Error connecting to the database: mysqli_sql_exception: No connection could be made because the target machine actively refused it in C:\wamp64\www\backendUASmoba\system\Database\MySQLi\Connection.php:201
Stack trace:
#0 C:\wamp64\www\backendUASmoba\system\Database\MySQLi\Connection.php(201): mysqli->real_connect('127.0.0.1', 'root', Object(SensitiveParameterValue), 'uasmoba1', 3306, '', 0)
#1 C:\wamp64\www\backendUASmoba\system\Database\BaseConnection.php(419): CodeIgniter\Database\MySQLi\Connection->connect(false)
#2 C:\wamp64\www\backendUASmoba\system\Database\BaseConnection.php(614): CodeIgniter\Database\BaseConnection->initialize()
#3 C:\wamp64\www\backendUASmoba\system\Database\BaseBuilder.php(1649): CodeIgniter\Database\BaseConnection->query('SELECT *\nFROM `...', Array, false)
#4 C:\wamp64\www\backendUASmoba\system\Model.php(330): CodeIgniter\Database\BaseBuilder->get()
#5 C:\wamp64\www\backendUASmoba\system\BaseModel.php(715): CodeIgniter\Model->doFirst()
#6 C:\wamp64\www\backendUASmoba\app\Filters\AuthFilter.php(27): CodeIgniter\BaseModel->first()
#7 C:\wamp64\www\backendUASmoba\system\Filters\Filters.php(241): App\Filters\AuthFilter->before(Object(CodeIgniter\HTTP\IncomingRequest), NULL)
#8 C:\wamp64\www\backendUASmoba\system\Filters\Filters.php(221): CodeIgniter\Filters\Filters->runBefore(Array)
#9 C:\wamp64\www\backendUASmoba\system\CodeIgniter.php(479): CodeIgniter\Filters\Filters->run('api/myrecipes', 'before')
#10 C:\wamp64\www\backendUASmoba\system\CodeIgniter.php(354): CodeIgniter\CodeIgniter->handleRequest(NULL, Object(Config\Cache), false)
#11 C:\wamp64\www\backendUASmoba\system\Boot.php(363): CodeIgniter\CodeIgniter->run()
#12 C:\wamp64\www\backendUASmoba\system\Boot.php(68): CodeIgniter\Boot::runCodeIgniter(Object(CodeIgniter\CodeIgniter))
#13 C:\wamp64\www\backendUASmoba\public\index.php(59): CodeIgniter\Boot::bootWeb(Object(Config\Paths))
#14 C:\wamp64\www\backendUASmoba\system\rewrite.php(44): require_once('C:\\wamp64\\www\\b...')
#15 {main}

Next CodeIgniter\Database\Exceptions\DatabaseException: No connection could be made because the target machine actively refused it in C:\wamp64\www\backendUASmoba\system\Database\MySQLi\Connection.php:246
Stack trace:
#0 C:\wamp64\www\backendUASmoba\system\Database\BaseConnection.php(419): CodeIgniter\Database\MySQLi\Connection->connect(false)
#1 C:\wamp64\www\backendUASmoba\system\Database\BaseConnection.php(614): CodeIgniter\Database\BaseConnection->initialize()
#2 C:\wamp64\www\backendUASmoba\system\Database\BaseBuilder.php(1649): CodeIgniter\Database\BaseConnection->query('SELECT *\nFROM `...', Array, false)
#3 C:\wamp64\www\backendUASmoba\system\Model.php(330): CodeIgniter\Database\BaseBuilder->get()
#4 C:\wamp64\www\backendUASmoba\system\BaseModel.php(715): CodeIgniter\Model->doFirst()
#5 C:\wamp64\www\backendUASmoba\app\Filters\AuthFilter.php(27): CodeIgniter\BaseModel->first()
#6 C:\wamp64\www\backendUASmoba\system\Filters\Filters.php(241): App\Filters\AuthFilter->before(Object(CodeIgniter\HTTP\IncomingRequest), NULL)
#7 C:\wamp64\www\backendUASmoba\system\Filters\Filters.php(221): CodeIgniter\Filters\Filters->runBefore(Array)
#8 C:\wamp64\www\backendUASmoba\system\CodeIgniter.php(479): CodeIgniter\Filters\Filters->run('api/myrecipes', 'before')
#9 C:\wamp64\www\backendUASmoba\system\CodeIgniter.php(354): CodeIgniter\CodeIgniter->handleRequest(NULL, Object(Config\Cache), false)
#10 C:\wamp64\www\backendUASmoba\system\Boot.php(363): CodeIgniter\CodeIgniter->run()
#11 C:\wamp64\www\backendUASmoba\system\Boot.php(68): CodeIgniter\Boot::runCodeIgniter(Object(CodeIgniter\CodeIgniter))
#12 C:\wamp64\www\backendUASmoba\public\index.php(59): CodeIgniter\Boot::bootWeb(Object(Config\Paths))
#13 C:\wamp64\www\backendUASmoba\system\rewrite.php(44): require_once('C:\\wamp64\\www\\b...')
#14 {main}
CRITICAL - 2025-12-07 02:00:28 --> CodeIgniter\Database\Exceptions\DatabaseException: Unable to connect to the database.
Main connection [MySQLi]: No connection could be made because the target machine actively refused it
[Method: GET, Route: api/myrecipes]
in SYSTEMPATH\Database\BaseConnection.php on line 465.
 1 SYSTEMPATH\Database\BaseConnection.php(614): CodeIgniter\Database\BaseConnection->initialize()
 2 SYSTEMPATH\Database\BaseBuilder.php(1649): CodeIgniter\Database\BaseConnection->query('SELECT *
FROM `member_token`
WHERE `auth_key` = :auth_key:
 LIMIT 1', [...], false)
 3 SYSTEMPATH\Model.php(330): CodeIgniter\Database\BaseBuilder->get()
 4 SYSTEMPATH\BaseModel.php(715): CodeIgniter\Model->doFirst()
 5 APPPATH\Filters\AuthFilter.php(27): CodeIgniter\BaseModel->first()
 6 SYSTEMPATH\Filters\Filters.php(241): App\Filters\AuthFilter->before(Object(CodeIgniter\HTTP\IncomingRequest), null)
 7 SYSTEMPATH\Filters\Filters.php(221): CodeIgniter\Filters\Filters->runBefore([...])
 8 SYSTEMPATH\CodeIgniter.php(479): CodeIgniter\Filters\Filters->run('api/myrecipes', 'before')
 9 SYSTEMPATH\CodeIgniter.php(354): CodeIgniter\CodeIgniter->handleRequest(null, Object(Config\Cache), false)
10 SYSTEMPATH\Boot.php(363): CodeIgniter\CodeIgniter->run()
11 SYSTEMPATH\Boot.php(68): CodeIgniter\Boot::runCodeIgniter(Object(CodeIgniter\CodeIgniter))
12 FCPATH\index.php(59): CodeIgniter\Boot::bootWeb(Object(Config\Paths))
13 SYSTEMPATH\rewrite.php(44): require_once('C:\\wamp64\\www\\backendUASmoba\\public\\index.php')
ERROR - 2025-12-07 02:00:33 --> Error connecting to the database: mysqli_sql_exception: No connection could be made because the target machine actively refused it in C:\wamp64\www\backendUASmoba\system\Database\MySQLi\Connection.php:201
Stack trace:
#0 C:\wamp64\www\backendUASmoba\system\Database\MySQLi\Connection.php(201): mysqli->real_connect('127.0.0.1', 'root', Object(SensitiveParameterValue), 'uasmoba1', 3306, '', 0)
#1 C:\wamp64\www\backendUASmoba\system\Database\BaseConnection.php(419): CodeIgniter\Database\MySQLi\Connection->connect(false)
#2 C:\wamp64\www\backendUASmoba\system\Database\BaseConnection.php(614): CodeIgniter\Database\BaseConnection->initialize()
#3 C:\wamp64\www\backendUASmoba\system\Database\BaseBuilder.php(1649): CodeIgniter\Database\BaseConnection->query('SELECT *\nFROM `...', Array, false)
#4 C:\wamp64\www\backendUASmoba\system\Model.php(330): CodeIgniter\Database\BaseBuilder->get()
#5 C:\wamp64\www\backendUASmoba\system\BaseModel.php(715): CodeIgniter\Model->doFirst()
#6 C:\wamp64\www\backendUASmoba\app\Filters\AuthFilter.php(27): CodeIgniter\BaseModel->first()
#7 C:\wamp64\www\backendUASmoba\system\Filters\Filters.php(241): App\Filters\AuthFilter->before(Object(CodeIgniter\HTTP\IncomingRequest), NULL)
#8 C:\wamp64\www\backendUASmoba\system\Filters\Filters.php(221): CodeIgniter\Filters\Filters->runBefore(Array)
#9 C:\wamp64\www\backendUASmoba\system\CodeIgniter.php(479): CodeIgniter\Filters\Filters->run('api/myrecipes', 'before')
#10 C:\wamp64\www\backendUASmoba\system\CodeIgniter.php(354): CodeIgniter\CodeIgniter->handleRequest(NULL, Object(Config\Cache), false)
#11 C:\wamp64\www\backendUASmoba\system\Boot.php(363): CodeIgniter\CodeIgniter->run()
#12 C:\wamp64\www\backendUASmoba\system\Boot.php(68): CodeIgniter\Boot::runCodeIgniter(Object(CodeIgniter\CodeIgniter))
#13 C:\wamp64\www\backendUASmoba\public\index.php(59): CodeIgniter\Boot::bootWeb(Object(Config\Paths))
#14 C:\wamp64\www\backendUASmoba\system\rewrite.php(44): require_once('C:\\wamp64\\www\\b...')
#15 {main}

Next CodeIgniter\Database\Exceptions\DatabaseException: No connection could be made because the target machine actively refused it in C:\wamp64\www\backendUASmoba\system\Database\MySQLi\Connection.php:246
Stack trace:
#0 C:\wamp64\www\backendUASmoba\system\Database\BaseConnection.php(419): CodeIgniter\Database\MySQLi\Connection->connect(false)
#1 C:\wamp64\www\backendUASmoba\system\Database\BaseConnection.php(614): CodeIgniter\Database\BaseConnection->initialize()
#2 C:\wamp64\www\backendUASmoba\system\Database\BaseBuilder.php(1649): CodeIgniter\Database\BaseConnection->query('SELECT *\nFROM `...', Array, false)
#3 C:\wamp64\www\backendUASmoba\system\Model.php(330): CodeIgniter\Database\BaseBuilder->get()
#4 C:\wamp64\www\backendUASmoba\system\BaseModel.php(715): CodeIgniter\Model->doFirst()
#5 C:\wamp64\www\backendUASmoba\app\Filters\AuthFilter.php(27): CodeIgniter\BaseModel->first()
#6 C:\wamp64\www\backendUASmoba\system\Filters\Filters.php(241): App\Filters\AuthFilter->before(Object(CodeIgniter\HTTP\IncomingRequest), NULL)
#7 C:\wamp64\www\backendUASmoba\system\Filters\Filters.php(221): CodeIgniter\Filters\Filters->runBefore(Array)
#8 C:\wamp64\www\backendUASmoba\system\CodeIgniter.php(479): CodeIgniter\Filters\Filters->run('api/myrecipes', 'before')
#9 C:\wamp64\www\backendUASmoba\system\CodeIgniter.php(354): CodeIgniter\CodeIgniter->handleRequest(NULL, Object(Config\Cache), false)
#10 C:\wamp64\www\backendUASmoba\system\Boot.php(363): CodeIgniter\CodeIgniter->run()
#11 C:\wamp64\www\backendUASmoba\system\Boot.php(68): CodeIgniter\Boot::runCodeIgniter(Object(CodeIgniter\CodeIgniter))
#12 C:\wamp64\www\backendUASmoba\public\index.php(59): CodeIgniter\Boot::bootWeb(Object(Config\Paths))
#13 C:\wamp64\www\backendUASmoba\system\rewrite.php(44): require_once('C:\\wamp64\\www\\b...')
#14 {main}
CRITICAL - 2025-12-07 02:00:33 --> CodeIgniter\Database\Exceptions\DatabaseException: Unable to connect to the database.
Main connection [MySQLi]: No connection could be made because the target machine actively refused it
[Method: GET, Route: api/myrecipes]
in SYSTEMPATH\Database\BaseConnection.php on line 465.
 1 SYSTEMPATH\Database\BaseConnection.php(614): CodeIgniter\Database\BaseConnection->initialize()
 2 SYSTEMPATH\Database\BaseBuilder.php(1649): CodeIgniter\Database\BaseConnection->query('SELECT *
FROM `member_token`
WHERE `auth_key` = :auth_key:
 LIMIT 1', [...], false)
 3 SYSTEMPATH\Model.php(330): CodeIgniter\Database\BaseBuilder->get()
 4 SYSTEMPATH\BaseModel.php(715): CodeIgniter\Model->doFirst()
 5 APPPATH\Filters\AuthFilter.php(27): CodeIgniter\BaseModel->first()
 6 SYSTEMPATH\Filters\Filters.php(241): App\Filters\AuthFilter->before(Object(CodeIgniter\HTTP\IncomingRequest), null)
 7 SYSTEMPATH\Filters\Filters.php(221): CodeIgniter\Filters\Filters->runBefore([...])
 8 SYSTEMPATH\CodeIgniter.php(479): CodeIgniter\Filters\Filters->run('api/myrecipes', 'before')
 9 SYSTEMPATH\CodeIgniter.php(354): CodeIgniter\CodeIgniter->handleRequest(null, Object(Config\Cache), false)
10 SYSTEMPATH\Boot.php(363): CodeIgniter\CodeIgniter->run()
11 SYSTEMPATH\Boot.php(68): CodeIgniter\Boot::runCodeIgniter(Object(CodeIgniter\CodeIgniter))
12 FCPATH\index.php(59): CodeIgniter\Boot::bootWeb(Object(Config\Paths))
13 SYSTEMPATH\rewrite.php(44): require_once('C:\\wamp64\\www\\backendUASmoba\\public\\index.php')
ERROR - 2025-12-07 02:00:38 --> Error connecting to the database: mysqli_sql_exception: No connection could be made because the target machine actively refused it in C:\wamp64\www\backendUASmoba\system\Database\MySQLi\Connection.php:201
Stack trace:
#0 C:\wamp64\www\backendUASmoba\system\Database\MySQLi\Connection.php(201): mysqli->real_connect('127.0.0.1', 'root', Object(SensitiveParameterValue), 'uasmoba1', 3306, '', 0)
#1 C:\wamp64\www\backendUASmoba\system\Database\BaseConnection.php(419): CodeIgniter\Database\MySQLi\Connection->connect(false)
#2 C:\wamp64\www\backendUASmoba\system\Database\BaseConnection.php(614): CodeIgniter\Database\BaseConnection->initialize()
#3 C:\wamp64\www\backendUASmoba\system\Database\BaseBuilder.php(1649): CodeIgniter\Database\BaseConnection->query('SELECT *\nFROM `...', Array, false)
#4 C:\wamp64\www\backendUASmoba\system\Model.php(330): CodeIgniter\Database\BaseBuilder->get()
#5 C:\wamp64\www\backendUASmoba\system\BaseModel.php(715): CodeIgniter\Model->doFirst()
#6 C:\wamp64\www\backendUASmoba\app\Filters\AuthFilter.php(27): CodeIgniter\BaseModel->first()
#7 C:\wamp64\www\backendUASmoba\system\Filters\Filters.php(241): App\Filters\AuthFilter->before(Object(CodeIgniter\HTTP\IncomingRequest), NULL)
#8 C:\wamp64\www\backendUASmoba\system\Filters\Filters.php(221): CodeIgniter\Filters\Filters->runBefore(Array)
#9 C:\wamp64\www\backendUASmoba\system\CodeIgniter.php(479): CodeIgniter\Filters\Filters->run('api/myrecipes', 'before')
#10 C:\wamp64\www\backendUASmoba\system\CodeIgniter.php(354): CodeIgniter\CodeIgniter->handleRequest(NULL, Object(Config\Cache), false)
#11 C:\wamp64\www\backendUASmoba\system\Boot.php(363): CodeIgniter\CodeIgniter->run()
#12 C:\wamp64\www\backendUASmoba\system\Boot.php(68): CodeIgniter\Boot::runCodeIgniter(Object(CodeIgniter\CodeIgniter))
#13 C:\wamp64\www\backendUASmoba\public\index.php(59): CodeIgniter\Boot::bootWeb(Object(Config\Paths))
#14 C:\wamp64\www\backendUASmoba\system\rewrite.php(44): require_once('C:\\wamp64\\www\\b...')
#15 {main}

Next CodeIgniter\Database\Exceptions\DatabaseException: No connection could be made because the target machine actively refused it in C:\wamp64\www\backendUASmoba\system\Database\MySQLi\Connection.php:246
Stack trace:
#0 C:\wamp64\www\backendUASmoba\system\Database\BaseConnection.php(419): CodeIgniter\Database\MySQLi\Connection->connect(false)
#1 C:\wamp64\www\backendUASmoba\system\Database\BaseConnection.php(614): CodeIgniter\Database\BaseConnection->initialize()
#2 C:\wamp64\www\backendUASmoba\system\Database\BaseBuilder.php(1649): CodeIgniter\Database\BaseConnection->query('SELECT *\nFROM `...', Array, false)
#3 C:\wamp64\www\backendUASmoba\system\Model.php(330): CodeIgniter\Database\BaseBuilder->get()
#4 C:\wamp64\www\backendUASmoba\system\BaseModel.php(715): CodeIgniter\Model->doFirst()
#5 C:\wamp64\www\backendUASmoba\app\Filters\AuthFilter.php(27): CodeIgniter\BaseModel->first()
#6 C:\wamp64\www\backendUASmoba\system\Filters\Filters.php(241): App\Filters\AuthFilter->before(Object(CodeIgniter\HTTP\IncomingRequest), NULL)
#7 C:\wamp64\www\backendUASmoba\system\Filters\Filters.php(221): CodeIgniter\Filters\Filters->runBefore(Array)
#8 C:\wamp64\www\backendUASmoba\system\CodeIgniter.php(479): CodeIgniter\Filters\Filters->run('api/myrecipes', 'before')
#9 C:\wamp64\www\backendUASmoba\system\CodeIgniter.php(354): CodeIgniter\CodeIgniter->handleRequest(NULL, Object(Config\Cache), false)
#10 C:\wamp64\www\backendUASmoba\system\Boot.php(363): CodeIgniter\CodeIgniter->run()
#11 C:\wamp64\www\backendUASmoba\system\Boot.php(68): CodeIgniter\Boot::runCodeIgniter(Object(CodeIgniter\CodeIgniter))
#12 C:\wamp64\www\backendUASmoba\public\index.php(59): CodeIgniter\Boot::bootWeb(Object(Config\Paths))
#13 C:\wamp64\www\backendUASmoba\system\rewrite.php(44): require_once('C:\\wamp64\\www\\b...')
#14 {main}
CRITICAL - 2025-12-07 02:00:38 --> CodeIgniter\Database\Exceptions\DatabaseException: Unable to connect to the database.
Main connection [MySQLi]: No connection could be made because the target machine actively refused it
[Method: GET, Route: api/myrecipes]
in SYSTEMPATH\Database\BaseConnection.php on line 465.
 1 SYSTEMPATH\Database\BaseConnection.php(614): CodeIgniter\Database\BaseConnection->initialize()
 2 SYSTEMPATH\Database\BaseBuilder.php(1649): CodeIgniter\Database\BaseConnection->query('SELECT *
FROM `member_token`
WHERE `auth_key` = :auth_key:
 LIMIT 1', [...], false)
 3 SYSTEMPATH\Model.php(330): CodeIgniter\Database\BaseBuilder->get()
 4 SYSTEMPATH\BaseModel.php(715): CodeIgniter\Model->doFirst()
 5 APPPATH\Filters\AuthFilter.php(27): CodeIgniter\BaseModel->first()
 6 SYSTEMPATH\Filters\Filters.php(241): App\Filters\AuthFilter->before(Object(CodeIgniter\HTTP\IncomingRequest), null)
 7 SYSTEMPATH\Filters\Filters.php(221): CodeIgniter\Filters\Filters->runBefore([...])
 8 SYSTEMPATH\CodeIgniter.php(479): CodeIgniter\Filters\Filters->run('api/myrecipes', 'before')
 9 SYSTEMPATH\CodeIgniter.php(354): CodeIgniter\CodeIgniter->handleRequest(null, Object(Config\Cache), false)
10 SYSTEMPATH\Boot.php(363): CodeIgniter\CodeIgniter->run()
11 SYSTEMPATH\Boot.php(68): CodeIgniter\Boot::runCodeIgniter(Object(CodeIgniter\CodeIgniter))
12 FCPATH\index.php(59): CodeIgniter\Boot::bootWeb(Object(Config\Paths))
13 SYSTEMPATH\rewrite.php(44): require_once('C:\\wamp64\\www\\backendUASmoba\\public\\index.php')
ERROR - 2025-12-07 02:00:40 --> Error connecting to the database: mysqli_sql_exception: No connection could be made because the target machine actively refused it in C:\wamp64\www\backendUASmoba\system\Database\MySQLi\Connection.php:201
Stack trace:
#0 C:\wamp64\www\backendUASmoba\system\Database\MySQLi\Connection.php(201): mysqli->real_connect('127.0.0.1', 'root', Object(SensitiveParameterValue), 'uasmoba1', 3306, '', 0)
#1 C:\wamp64\www\backendUASmoba\system\Database\BaseConnection.php(419): CodeIgniter\Database\MySQLi\Connection->connect(false)
#2 C:\wamp64\www\backendUASmoba\system\Database\BaseConnection.php(614): CodeIgniter\Database\BaseConnection->initialize()
#3 C:\wamp64\www\backendUASmoba\system\Database\BaseBuilder.php(1649): CodeIgniter\Database\BaseConnection->query('SELECT *\nFROM `...', Array, false)
#4 C:\wamp64\www\backendUASmoba\system\Model.php(330): CodeIgniter\Database\BaseBuilder->get()
#5 C:\wamp64\www\backendUASmoba\system\BaseModel.php(715): CodeIgniter\Model->doFirst()
#6 C:\wamp64\www\backendUASmoba\app\Filters\AuthFilter.php(27): CodeIgniter\BaseModel->first()
#7 C:\wamp64\www\backendUASmoba\system\Filters\Filters.php(241): App\Filters\AuthFilter->before(Object(CodeIgniter\HTTP\IncomingRequest), NULL)
#8 C:\wamp64\www\backendUASmoba\system\Filters\Filters.php(221): CodeIgniter\Filters\Filters->runBefore(Array)
#9 C:\wamp64\www\backendUASmoba\system\CodeIgniter.php(479): CodeIgniter\Filters\Filters->run('api/myrecipes', 'before')
#10 C:\wamp64\www\backendUASmoba\system\CodeIgniter.php(354): CodeIgniter\CodeIgniter->handleRequest(NULL, Object(Config\Cache), false)
#11 C:\wamp64\www\backendUASmoba\system\Boot.php(363): CodeIgniter\CodeIgniter->run()
#12 C:\wamp64\www\backendUASmoba\system\Boot.php(68): CodeIgniter\Boot::runCodeIgniter(Object(CodeIgniter\CodeIgniter))
#13 C:\wamp64\www\backendUASmoba\public\index.php(59): CodeIgniter\Boot::bootWeb(Object(Config\Paths))
#14 C:\wamp64\www\backendUASmoba\system\rewrite.php(44): require_once('C:\\wamp64\\www\\b...')
#15 {main}

Next CodeIgniter\Database\Exceptions\DatabaseException: No connection could be made because the target machine actively refused it in C:\wamp64\www\backendUASmoba\system\Database\MySQLi\Connection.php:246
Stack trace:
#0 C:\wamp64\www\backendUASmoba\system\Database\BaseConnection.php(419): CodeIgniter\Database\MySQLi\Connection->connect(false)
#1 C:\wamp64\www\backendUASmoba\system\Database\BaseConnection.php(614): CodeIgniter\Database\BaseConnection->initialize()
#2 C:\wamp64\www\backendUASmoba\system\Database\BaseBuilder.php(1649): CodeIgniter\Database\BaseConnection->query('SELECT *\nFROM `...', Array, false)
#3 C:\wamp64\www\backendUASmoba\system\Model.php(330): CodeIgniter\Database\BaseBuilder->get()
#4 C:\wamp64\www\backendUASmoba\system\BaseModel.php(715): CodeIgniter\Model->doFirst()
#5 C:\wamp64\www\backendUASmoba\app\Filters\AuthFilter.php(27): CodeIgniter\BaseModel->first()
#6 C:\wamp64\www\backendUASmoba\system\Filters\Filters.php(241): App\Filters\AuthFilter->before(Object(CodeIgniter\HTTP\IncomingRequest), NULL)
#7 C:\wamp64\www\backendUASmoba\system\Filters\Filters.php(221): CodeIgniter\Filters\Filters->runBefore(Array)
#8 C:\wamp64\www\backendUASmoba\system\CodeIgniter.php(479): CodeIgniter\Filters\Filters->run('api/myrecipes', 'before')
#9 C:\wamp64\www\backendUASmoba\system\CodeIgniter.php(354): CodeIgniter\CodeIgniter->handleRequest(NULL, Object(Config\Cache), false)
#10 C:\wamp64\www\backendUASmoba\system\Boot.php(363): CodeIgniter\CodeIgniter->run()
#11 C:\wamp64\www\backendUASmoba\system\Boot.php(68): CodeIgniter\Boot::runCodeIgniter(Object(CodeIgniter\CodeIgniter))
#12 C:\wamp64\www\backendUASmoba\public\index.php(59): CodeIgniter\Boot::bootWeb(Object(Config\Paths))
#13 C:\wamp64\www\backendUASmoba\system\rewrite.php(44): require_once('C:\\wamp64\\www\\b...')
#14 {main}
CRITICAL - 2025-12-07 02:00:40 --> CodeIgniter\Database\Exceptions\DatabaseException: Unable to connect to the database.
Main connection [MySQLi]: No connection could be made because the target machine actively refused it
[Method: GET, Route: api/myrecipes]
in SYSTEMPATH\Database\BaseConnection.php on line 465.
 1 SYSTEMPATH\Database\BaseConnection.php(614): CodeIgniter\Database\BaseConnection->initialize()
 2 SYSTEMPATH\Database\BaseBuilder.php(1649): CodeIgniter\Database\BaseConnection->query('SELECT *
FROM `member_token`
WHERE `auth_key` = :auth_key:
 LIMIT 1', [...], false)
 3 SYSTEMPATH\Model.php(330): CodeIgniter\Database\BaseBuilder->get()
 4 SYSTEMPATH\BaseModel.php(715): CodeIgniter\Model->doFirst()
 5 APPPATH\Filters\AuthFilter.php(27): CodeIgniter\BaseModel->first()
 6 SYSTEMPATH\Filters\Filters.php(241): App\Filters\AuthFilter->before(Object(CodeIgniter\HTTP\IncomingRequest), null)
 7 SYSTEMPATH\Filters\Filters.php(221): CodeIgniter\Filters\Filters->runBefore([...])
 8 SYSTEMPATH\CodeIgniter.php(479): CodeIgniter\Filters\Filters->run('api/myrecipes', 'before')
 9 SYSTEMPATH\CodeIgniter.php(354): CodeIgniter\CodeIgniter->handleRequest(null, Object(Config\Cache), false)
10 SYSTEMPATH\Boot.php(363): CodeIgniter\CodeIgniter->run()
11 SYSTEMPATH\Boot.php(68): CodeIgniter\Boot::runCodeIgniter(Object(CodeIgniter\CodeIgniter))
12 FCPATH\index.php(59): CodeIgniter\Boot::bootWeb(Object(Config\Paths))
13 SYSTEMPATH\rewrite.php(44): require_once('C:\\wamp64\\www\\backendUASmoba\\public\\index.php')
ERROR - 2025-12-07 02:00:46 --> Error connecting to the database: mysqli_sql_exception: No connection could be made because the target machine actively refused it in C:\wamp64\www\backendUASmoba\system\Database\MySQLi\Connection.php:201
Stack trace:
#0 C:\wamp64\www\backendUASmoba\system\Database\MySQLi\Connection.php(201): mysqli->real_connect('127.0.0.1', 'root', Object(SensitiveParameterValue), 'uasmoba1', 3306, '', 0)
#1 C:\wamp64\www\backendUASmoba\system\Database\BaseConnection.php(419): CodeIgniter\Database\MySQLi\Connection->connect(false)
#2 C:\wamp64\www\backendUASmoba\system\Database\BaseConnection.php(614): CodeIgniter\Database\BaseConnection->initialize()
#3 C:\wamp64\www\backendUASmoba\system\Database\BaseBuilder.php(1649): CodeIgniter\Database\BaseConnection->query('SELECT *\nFROM `...', Array, false)
#4 C:\wamp64\www\backendUASmoba\system\Model.php(330): CodeIgniter\Database\BaseBuilder->get()
#5 C:\wamp64\www\backendUASmoba\system\BaseModel.php(715): CodeIgniter\Model->doFirst()
#6 C:\wamp64\www\backendUASmoba\app\Filters\AuthFilter.php(27): CodeIgniter\BaseModel->first()
#7 C:\wamp64\www\backendUASmoba\system\Filters\Filters.php(241): App\Filters\AuthFilter->before(Object(CodeIgniter\HTTP\IncomingRequest), NULL)
#8 C:\wamp64\www\backendUASmoba\system\Filters\Filters.php(221): CodeIgniter\Filters\Filters->runBefore(Array)
#9 C:\wamp64\www\backendUASmoba\system\CodeIgniter.php(479): CodeIgniter\Filters\Filters->run('api/myrecipes', 'before')
#10 C:\wamp64\www\backendUASmoba\system\CodeIgniter.php(354): CodeIgniter\CodeIgniter->handleRequest(NULL, Object(Config\Cache), false)
#11 C:\wamp64\www\backendUASmoba\system\Boot.php(363): CodeIgniter\CodeIgniter->run()
#12 C:\wamp64\www\backendUASmoba\system\Boot.php(68): CodeIgniter\Boot::runCodeIgniter(Object(CodeIgniter\CodeIgniter))
#13 C:\wamp64\www\backendUASmoba\public\index.php(59): CodeIgniter\Boot::bootWeb(Object(Config\Paths))
#14 C:\wamp64\www\backendUASmoba\system\rewrite.php(44): require_once('C:\\wamp64\\www\\b...')
#15 {main}

Next CodeIgniter\Database\Exceptions\DatabaseException: No connection could be made because the target machine actively refused it in C:\wamp64\www\backendUASmoba\system\Database\MySQLi\Connection.php:246
Stack trace:
#0 C:\wamp64\www\backendUASmoba\system\Database\BaseConnection.php(419): CodeIgniter\Database\MySQLi\Connection->connect(false)
#1 C:\wamp64\www\backendUASmoba\system\Database\BaseConnection.php(614): CodeIgniter\Database\BaseConnection->initialize()
#2 C:\wamp64\www\backendUASmoba\system\Database\BaseBuilder.php(1649): CodeIgniter\Database\BaseConnection->query('SELECT *\nFROM `...', Array, false)
#3 C:\wamp64\www\backendUASmoba\system\Model.php(330): CodeIgniter\Database\BaseBuilder->get()
#4 C:\wamp64\www\backendUASmoba\system\BaseModel.php(715): CodeIgniter\Model->doFirst()
#5 C:\wamp64\www\backendUASmoba\app\Filters\AuthFilter.php(27): CodeIgniter\BaseModel->first()
#6 C:\wamp64\www\backendUASmoba\system\Filters\Filters.php(241): App\Filters\AuthFilter->before(Object(CodeIgniter\HTTP\IncomingRequest), NULL)
#7 C:\wamp64\www\backendUASmoba\system\Filters\Filters.php(221): CodeIgniter\Filters\Filters->runBefore(Array)
#8 C:\wamp64\www\backendUASmoba\system\CodeIgniter.php(479): CodeIgniter\Filters\Filters->run('api/myrecipes', 'before')
#9 C:\wamp64\www\backendUASmoba\system\CodeIgniter.php(354): CodeIgniter\CodeIgniter->handleRequest(NULL, Object(Config\Cache), false)
#10 C:\wamp64\www\backendUASmoba\system\Boot.php(363): CodeIgniter\CodeIgniter->run()
#11 C:\wamp64\www\backendUASmoba\system\Boot.php(68): CodeIgniter\Boot::runCodeIgniter(Object(CodeIgniter\CodeIgniter))
#12 C:\wamp64\www\backendUASmoba\public\index.php(59): CodeIgniter\Boot::bootWeb(Object(Config\Paths))
#13 C:\wamp64\www\backendUASmoba\system\rewrite.php(44): require_once('C:\\wamp64\\www\\b...')
#14 {main}
CRITICAL - 2025-12-07 02:00:46 --> CodeIgniter\Database\Exceptions\DatabaseException: Unable to connect to the database.
Main connection [MySQLi]: No connection could be made because the target machine actively refused it
[Method: GET, Route: api/myrecipes]
in SYSTEMPATH\Database\BaseConnection.php on line 465.
 1 SYSTEMPATH\Database\BaseConnection.php(614): CodeIgniter\Database\BaseConnection->initialize()
 2 SYSTEMPATH\Database\BaseBuilder.php(1649): CodeIgniter\Database\BaseConnection->query('SELECT *
FROM `member_token`
WHERE `auth_key` = :auth_key:
 LIMIT 1', [...], false)
 3 SYSTEMPATH\Model.php(330): CodeIgniter\Database\BaseBuilder->get()
 4 SYSTEMPATH\BaseModel.php(715): CodeIgniter\Model->doFirst()
 5 APPPATH\Filters\AuthFilter.php(27): CodeIgniter\BaseModel->first()
 6 SYSTEMPATH\Filters\Filters.php(241): App\Filters\AuthFilter->before(Object(CodeIgniter\HTTP\IncomingRequest), null)
 7 SYSTEMPATH\Filters\Filters.php(221): CodeIgniter\Filters\Filters->runBefore([...])
 8 SYSTEMPATH\CodeIgniter.php(479): CodeIgniter\Filters\Filters->run('api/myrecipes', 'before')
 9 SYSTEMPATH\CodeIgniter.php(354): CodeIgniter\CodeIgniter->handleRequest(null, Object(Config\Cache), false)
10 SYSTEMPATH\Boot.php(363): CodeIgniter\CodeIgniter->run()
11 SYSTEMPATH\Boot.php(68): CodeIgniter\Boot::runCodeIgniter(Object(CodeIgniter\CodeIgniter))
12 FCPATH\index.php(59): CodeIgniter\Boot::bootWeb(Object(Config\Paths))
13 SYSTEMPATH\rewrite.php(44): require_once('C:\\wamp64\\www\\backendUASmoba\\public\\index.php')
ERROR - 2025-12-07 02:03:16 --> Error connecting to the database: mysqli_sql_exception: No connection could be made because the target machine actively refused it in C:\wamp64\www\backendUASmoba\system\Database\MySQLi\Connection.php:201
Stack trace:
#0 C:\wamp64\www\backendUASmoba\system\Database\MySQLi\Connection.php(201): mysqli->real_connect('127.0.0.1', 'root', Object(SensitiveParameterValue), 'uasmoba1', 3306, '', 0)
#1 C:\wamp64\www\backendUASmoba\system\Database\BaseConnection.php(419): CodeIgniter\Database\MySQLi\Connection->connect(false)
#2 C:\wamp64\www\backendUASmoba\system\Database\BaseConnection.php(614): CodeIgniter\Database\BaseConnection->initialize()
#3 C:\wamp64\www\backendUASmoba\system\Database\BaseBuilder.php(1649): CodeIgniter\Database\BaseConnection->query('SELECT *\nFROM `...', Array, false)
#4 C:\wamp64\www\backendUASmoba\system\Model.php(330): CodeIgniter\Database\BaseBuilder->get()
#5 C:\wamp64\www\backendUASmoba\system\BaseModel.php(715): CodeIgniter\Model->doFirst()
#6 C:\wamp64\www\backendUASmoba\app\Controllers\AuthController.php(76): CodeIgniter\BaseModel->first()
#7 C:\wamp64\www\backendUASmoba\system\CodeIgniter.php(933): App\Controllers\AuthController->login()
#8 C:\wamp64\www\backendUASmoba\system\CodeIgniter.php(507): CodeIgniter\CodeIgniter->runController(Object(App\Controllers\AuthController))
#9 C:\wamp64\www\backendUASmoba\system\CodeIgniter.php(354): CodeIgniter\CodeIgniter->handleRequest(NULL, Object(Config\Cache), false)
#10 C:\wamp64\www\backendUASmoba\system\Boot.php(363): CodeIgniter\CodeIgniter->run()
#11 C:\wamp64\www\backendUASmoba\system\Boot.php(68): CodeIgniter\Boot::runCodeIgniter(Object(CodeIgniter\CodeIgniter))
#12 C:\wamp64\www\backendUASmoba\public\index.php(59): CodeIgniter\Boot::bootWeb(Object(Config\Paths))
#13 C:\wamp64\www\backendUASmoba\system\rewrite.php(44): require_once('C:\\wamp64\\www\\b...')
#14 {main}

Next CodeIgniter\Database\Exceptions\DatabaseException: No connection could be made because the target machine actively refused it in C:\wamp64\www\backendUASmoba\system\Database\MySQLi\Connection.php:246
Stack trace:
#0 C:\wamp64\www\backendUASmoba\system\Database\BaseConnection.php(419): CodeIgniter\Database\MySQLi\Connection->connect(false)
#1 C:\wamp64\www\backendUASmoba\system\Database\BaseConnection.php(614): CodeIgniter\Database\BaseConnection->initialize()
#2 C:\wamp64\www\backendUASmoba\system\Database\BaseBuilder.php(1649): CodeIgniter\Database\BaseConnection->query('SELECT *\nFROM `...', Array, false)
#3 C:\wamp64\www\backendUASmoba\system\Model.php(330): CodeIgniter\Database\BaseBuilder->get()
#4 C:\wamp64\www\backendUASmoba\system\BaseModel.php(715): CodeIgniter\Model->doFirst()
#5 C:\wamp64\www\backendUASmoba\app\Controllers\AuthController.php(76): CodeIgniter\BaseModel->first()
#6 C:\wamp64\www\backendUASmoba\system\CodeIgniter.php(933): App\Controllers\AuthController->login()
#7 C:\wamp64\www\backendUASmoba\system\CodeIgniter.php(507): CodeIgniter\CodeIgniter->runController(Object(App\Controllers\AuthController))
#8 C:\wamp64\www\backendUASmoba\system\CodeIgniter.php(354): CodeIgniter\CodeIgniter->handleRequest(NULL, Object(Config\Cache), false)
#9 C:\wamp64\www\backendUASmoba\system\Boot.php(363): CodeIgniter\CodeIgniter->run()
#10 C:\wamp64\www\backendUASmoba\system\Boot.php(68): CodeIgniter\Boot::runCodeIgniter(Object(CodeIgniter\CodeIgniter))
#11 C:\wamp64\www\backendUASmoba\public\index.php(59): CodeIgniter\Boot::bootWeb(Object(Config\Paths))
#12 C:\wamp64\www\backendUASmoba\system\rewrite.php(44): require_once('C:\\wamp64\\www\\b...')
#13 {main}
CRITICAL - 2025-12-07 02:03:16 --> CodeIgniter\Database\Exceptions\DatabaseException: Unable to connect to the database.
Main connection [MySQLi]: No connection could be made because the target machine actively refused it
[Method: POST, Route: login]
in SYSTEMPATH\Database\BaseConnection.php on line 465.
 1 SYSTEMPATH\Database\BaseConnection.php(614): CodeIgniter\Database\BaseConnection->initialize()
 2 SYSTEMPATH\Database\BaseBuilder.php(1649): CodeIgniter\Database\BaseConnection->query('SELECT *
FROM `member`
WHERE `email` = :email:
 LIMIT 1', [...], false)
 3 SYSTEMPATH\Model.php(330): CodeIgniter\Database\BaseBuilder->get()
 4 SYSTEMPATH\BaseModel.php(715): CodeIgniter\Model->doFirst()
 5 APPPATH\Controllers\AuthController.php(76): CodeIgniter\BaseModel->first()
 6 SYSTEMPATH\CodeIgniter.php(933): App\Controllers\AuthController->login()
 7 SYSTEMPATH\CodeIgniter.php(507): CodeIgniter\CodeIgniter->runController(Object(App\Controllers\AuthController))
 8 SYSTEMPATH\CodeIgniter.php(354): CodeIgniter\CodeIgniter->handleRequest(null, Object(Config\Cache), false)
 9 SYSTEMPATH\Boot.php(363): CodeIgniter\CodeIgniter->run()
10 SYSTEMPATH\Boot.php(68): CodeIgniter\Boot::runCodeIgniter(Object(CodeIgniter\CodeIgniter))
11 FCPATH\index.php(59): CodeIgniter\Boot::bootWeb(Object(Config\Paths))
12 SYSTEMPATH\rewrite.php(44): require_once('C:\\wamp64\\www\\backendUASmoba\\public\\index.php')
CRITICAL - 2025-12-07 02:24:52 --> ErrorException: Undefined variable $data
[Method: PUT, Route: api/resep/4]
in APPPATH\Controllers\ResepController.php on line 137.
 1 APPPATH\Controllers\ResepController.php(137): CodeIgniter\Debug\Exceptions->errorHandler(2, 'Undefined variable $data', 'C:\\wamp64\\www\\backendUASmoba\\app\\Controllers\\ResepController.php', 137)
 2 SYSTEMPATH\CodeIgniter.php(933): App\Controllers\ResepController->update('4')
 3 SYSTEMPATH\CodeIgniter.php(507): CodeIgniter\CodeIgniter->runController(Object(App\Controllers\ResepController))
 4 SYSTEMPATH\CodeIgniter.php(354): CodeIgniter\CodeIgniter->handleRequest(null, Object(Config\Cache), false)
 5 SYSTEMPATH\Boot.php(363): CodeIgniter\CodeIgniter->run()
 6 SYSTEMPATH\Boot.php(68): CodeIgniter\Boot::runCodeIgniter(Object(CodeIgniter\CodeIgniter))
 7 FCPATH\index.php(59): CodeIgniter\Boot::bootWeb(Object(Config\Paths))
 8 SYSTEMPATH\rewrite.php(44): require_once('C:\\wamp64\\www\\backendUASmoba\\public\\index.php')
CRITICAL - 2025-12-07 02:25:00 --> ErrorException: Undefined variable $data
[Method: PUT, Route: api/resep/4]
in APPPATH\Controllers\ResepController.php on line 137.
 1 APPPATH\Controllers\ResepController.php(137): CodeIgniter\Debug\Exceptions->errorHandler(2, 'Undefined variable $data', 'C:\\wamp64\\www\\backendUASmoba\\app\\Controllers\\ResepController.php', 137)
 2 SYSTEMPATH\CodeIgniter.php(933): App\Controllers\ResepController->update('4')
 3 SYSTEMPATH\CodeIgniter.php(507): CodeIgniter\CodeIgniter->runController(Object(App\Controllers\ResepController))
 4 SYSTEMPATH\CodeIgniter.php(354): CodeIgniter\CodeIgniter->handleRequest(null, Object(Config\Cache), false)
 5 SYSTEMPATH\Boot.php(363): CodeIgniter\CodeIgniter->run()
 6 SYSTEMPATH\Boot.php(68): CodeIgniter\Boot::runCodeIgniter(Object(CodeIgniter\CodeIgniter))
 7 FCPATH\index.php(59): CodeIgniter\Boot::bootWeb(Object(Config\Paths))
 8 SYSTEMPATH\rewrite.php(44): require_once('C:\\wamp64\\www\\backendUASmoba\\public\\index.php')
CRITICAL - 2025-12-07 02:25:11 --> ErrorException: Undefined variable $data
[Method: PUT, Route: api/resep/4]
in APPPATH\Controllers\ResepController.php on line 137.
 1 APPPATH\Controllers\ResepController.php(137): CodeIgniter\Debug\Exceptions->errorHandler(2, 'Undefined variable $data', 'C:\\wamp64\\www\\backendUASmoba\\app\\Controllers\\ResepController.php', 137)
 2 SYSTEMPATH\CodeIgniter.php(933): App\Controllers\ResepController->update('4')
 3 SYSTEMPATH\CodeIgniter.php(507): CodeIgniter\CodeIgniter->runController(Object(App\Controllers\ResepController))
 4 SYSTEMPATH\CodeIgniter.php(354): CodeIgniter\CodeIgniter->handleRequest(null, Object(Config\Cache), false)
 5 SYSTEMPATH\Boot.php(363): CodeIgniter\CodeIgniter->run()
 6 SYSTEMPATH\Boot.php(68): CodeIgniter\Boot::runCodeIgniter(Object(CodeIgniter\CodeIgniter))
 7 FCPATH\index.php(59): CodeIgniter\Boot::bootWeb(Object(Config\Paths))
 8 SYSTEMPATH\rewrite.php(44): require_once('C:\\wamp64\\www\\backendUASmoba\\public\\index.php')
CRITICAL - 2025-12-07 02:25:26 --> ErrorException: Undefined variable $data
[Method: PUT, Route: api/resep/4]
in APPPATH\Controllers\ResepController.php on line 137.
 1 APPPATH\Controllers\ResepController.php(137): CodeIgniter\Debug\Exceptions->errorHandler(2, 'Undefined variable $data', 'C:\\wamp64\\www\\backendUASmoba\\app\\Controllers\\ResepController.php', 137)
 2 SYSTEMPATH\CodeIgniter.php(933): App\Controllers\ResepController->update('4')
 3 SYSTEMPATH\CodeIgniter.php(507): CodeIgniter\CodeIgniter->runController(Object(App\Controllers\ResepController))
 4 SYSTEMPATH\CodeIgniter.php(354): CodeIgniter\CodeIgniter->handleRequest(null, Object(Config\Cache), false)
 5 SYSTEMPATH\Boot.php(363): CodeIgniter\CodeIgniter->run()
 6 SYSTEMPATH\Boot.php(68): CodeIgniter\Boot::runCodeIgniter(Object(CodeIgniter\CodeIgniter))
 7 FCPATH\index.php(59): CodeIgniter\Boot::bootWeb(Object(Config\Paths))
 8 SYSTEMPATH\rewrite.php(44): require_once('C:\\wamp64\\www\\backendUASmoba\\public\\index.php')
CRITICAL - 2025-12-07 02:25:31 --> ErrorException: Undefined variable $data
[Method: PUT, Route: api/resep/4]
in APPPATH\Controllers\ResepController.php on line 137.
 1 APPPATH\Controllers\ResepController.php(137): CodeIgniter\Debug\Exceptions->errorHandler(2, 'Undefined variable $data', 'C:\\wamp64\\www\\backendUASmoba\\app\\Controllers\\ResepController.php', 137)
 2 SYSTEMPATH\CodeIgniter.php(933): App\Controllers\ResepController->update('4')
 3 SYSTEMPATH\CodeIgniter.php(507): CodeIgniter\CodeIgniter->runController(Object(App\Controllers\ResepController))
 4 SYSTEMPATH\CodeIgniter.php(354): CodeIgniter\CodeIgniter->handleRequest(null, Object(Config\Cache), false)
 5 SYSTEMPATH\Boot.php(363): CodeIgniter\CodeIgniter->run()
 6 SYSTEMPATH\Boot.php(68): CodeIgniter\Boot::runCodeIgniter(Object(CodeIgniter\CodeIgniter))
 7 FCPATH\index.php(59): CodeIgniter\Boot::bootWeb(Object(Config\Paths))
 8 SYSTEMPATH\rewrite.php(44): require_once('C:\\wamp64\\www\\backendUASmoba\\public\\index.php')
CRITICAL - 2025-12-07 02:25:39 --> ErrorException: Undefined variable $data
[Method: PUT, Route: api/resep/4]
in APPPATH\Controllers\ResepController.php on line 137.
 1 APPPATH\Controllers\ResepController.php(137): CodeIgniter\Debug\Exceptions->errorHandler(2, 'Undefined variable $data', 'C:\\wamp64\\www\\backendUASmoba\\app\\Controllers\\ResepController.php', 137)
 2 SYSTEMPATH\CodeIgniter.php(933): App\Controllers\ResepController->update('4')
 3 SYSTEMPATH\CodeIgniter.php(507): CodeIgniter\CodeIgniter->runController(Object(App\Controllers\ResepController))
 4 SYSTEMPATH\CodeIgniter.php(354): CodeIgniter\CodeIgniter->handleRequest(null, Object(Config\Cache), false)
 5 SYSTEMPATH\Boot.php(363): CodeIgniter\CodeIgniter->run()
 6 SYSTEMPATH\Boot.php(68): CodeIgniter\Boot::runCodeIgniter(Object(CodeIgniter\CodeIgniter))
 7 FCPATH\index.php(59): CodeIgniter\Boot::bootWeb(Object(Config\Paths))
 8 SYSTEMPATH\rewrite.php(44): require_once('C:\\wamp64\\www\\backendUASmoba\\public\\index.php')
CRITICAL - 2025-12-07 02:27:36 --> ErrorException: Undefined variable $data
[Method: PUT, Route: api/resep/9]
in APPPATH\Controllers\ResepController.php on line 137.
 1 APPPATH\Controllers\ResepController.php(137): CodeIgniter\Debug\Exceptions->errorHandler(2, 'Undefined variable $data', 'C:\\wamp64\\www\\backendUASmoba\\app\\Controllers\\ResepController.php', 137)
 2 SYSTEMPATH\CodeIgniter.php(933): App\Controllers\ResepController->update('9')
 3 SYSTEMPATH\CodeIgniter.php(507): CodeIgniter\CodeIgniter->runController(Object(App\Controllers\ResepController))
 4 SYSTEMPATH\CodeIgniter.php(354): CodeIgniter\CodeIgniter->handleRequest(null, Object(Config\Cache), false)
 5 SYSTEMPATH\Boot.php(363): CodeIgniter\CodeIgniter->run()
 6 SYSTEMPATH\Boot.php(68): CodeIgniter\Boot::runCodeIgniter(Object(CodeIgniter\CodeIgniter))
 7 FCPATH\index.php(59): CodeIgniter\Boot::bootWeb(Object(Config\Paths))
 8 SYSTEMPATH\rewrite.php(44): require_once('C:\\wamp64\\www\\backendUASmoba\\public\\index.php')
CRITICAL - 2025-12-07 02:28:30 --> ErrorException: Undefined variable $data
[Method: PUT, Route: api/resep/9]
in APPPATH\Controllers\ResepController.php on line 137.
 1 APPPATH\Controllers\ResepController.php(137): CodeIgniter\Debug\Exceptions->errorHandler(2, 'Undefined variable $data', 'C:\\wamp64\\www\\backendUASmoba\\app\\Controllers\\ResepController.php', 137)
 2 SYSTEMPATH\CodeIgniter.php(933): App\Controllers\ResepController->update('9')
 3 SYSTEMPATH\CodeIgniter.php(507): CodeIgniter\CodeIgniter->runController(Object(App\Controllers\ResepController))
 4 SYSTEMPATH\CodeIgniter.php(354): CodeIgniter\CodeIgniter->handleRequest(null, Object(Config\Cache), false)
 5 SYSTEMPATH\Boot.php(363): CodeIgniter\CodeIgniter->run()
 6 SYSTEMPATH\Boot.php(68): CodeIgniter\Boot::runCodeIgniter(Object(CodeIgniter\CodeIgniter))
 7 FCPATH\index.php(59): CodeIgniter\Boot::bootWeb(Object(Config\Paths))
 8 SYSTEMPATH\rewrite.php(44): require_once('C:\\wamp64\\www\\backendUASmoba\\public\\index.php')
CRITICAL - 2025-12-07 02:28:37 --> ErrorException: Undefined variable $data
[Method: PUT, Route: api/resep/9]
in APPPATH\Controllers\ResepController.php on line 137.
 1 APPPATH\Controllers\ResepController.php(137): CodeIgniter\Debug\Exceptions->errorHandler(2, 'Undefined variable $data', 'C:\\wamp64\\www\\backendUASmoba\\app\\Controllers\\ResepController.php', 137)
 2 SYSTEMPATH\CodeIgniter.php(933): App\Controllers\ResepController->update('9')
 3 SYSTEMPATH\CodeIgniter.php(507): CodeIgniter\CodeIgniter->runController(Object(App\Controllers\ResepController))
 4 SYSTEMPATH\CodeIgniter.php(354): CodeIgniter\CodeIgniter->handleRequest(null, Object(Config\Cache), false)
 5 SYSTEMPATH\Boot.php(363): CodeIgniter\CodeIgniter->run()
 6 SYSTEMPATH\Boot.php(68): CodeIgniter\Boot::runCodeIgniter(Object(CodeIgniter\CodeIgniter))
 7 FCPATH\index.php(59): CodeIgniter\Boot::bootWeb(Object(Config\Paths))
 8 SYSTEMPATH\rewrite.php(44): require_once('C:\\wamp64\\www\\backendUASmoba\\public\\index.php')
