ERROR - 2025-12-01 19:49:22 --> mysqli_sql_exception: Table 'toko_api.resep' doesn't exist in E:\PS4\FIX BE uasmoba\backendUASmoba\system\Database\MySQLi\Connection.php:327
Stack trace:
#0 E:\PS4\FIX BE uasmoba\backendUASmoba\system\Database\MySQLi\Connection.php(327): mysqli->query('SELECT *\nFROM `...', 0)
#1 E:\PS4\FIX BE uasmoba\backendUASmoba\system\Database\BaseConnection.php(729): CodeIgniter\Database\MySQLi\Connection->execute('SELECT *\nFROM `...')
#2 E:\PS4\FIX BE uasmoba\backendUASmoba\system\Database\BaseConnection.php(646): CodeIgniter\Database\BaseConnection->simpleQuery('SELECT *\nFROM `...')
#3 E:\PS4\FIX BE uasmoba\backendUASmoba\system\Database\BaseBuilder.php(1649): CodeIgniter\Database\BaseConnection->query('SELECT *\nFROM `...', Array, false)
#4 E:\PS4\FIX BE uasmoba\backendUASmoba\system\Model.php(286): CodeIgniter\Database\BaseBuilder->get()
#5 E:\PS4\FIX BE uasmoba\backendUASmoba\system\BaseModel.php(677): CodeIgniter\Model->doFindAll(0, 0)
#6 E:\PS4\FIX BE uasmoba\backendUASmoba\app\Controllers\Api\Resep.php(23): CodeIgniter\BaseModel->findAll()
#7 E:\PS4\FIX BE uasmoba\backendUASmoba\system\CodeIgniter.php(933): App\Controllers\Api\Resep->index()
#8 E:\PS4\FIX BE uasmoba\backendUASmoba\system\CodeIgniter.php(507): CodeIgniter\CodeIgniter->runController(Object(App\Controllers\Api\Resep))
#9 E:\PS4\FIX BE uasmoba\backendUASmoba\system\CodeIgniter.php(354): CodeIgniter\CodeIgniter->handleRequest(NULL, Object(Config\Cache), false)
#10 E:\PS4\FIX BE uasmoba\backendUASmoba\system\Boot.php(363): CodeIgniter\CodeIgniter->run()
#11 E:\PS4\FIX BE uasmoba\backendUASmoba\system\Boot.php(68): CodeIgniter\Boot::runCodeIgniter(Object(CodeIgniter\CodeIgniter))
#12 E:\PS4\FIX BE uasmoba\backendUASmoba\public\index.php(59): CodeIgniter\Boot::bootWeb(Object(Config\Paths))
#13 E:\PS4\FIX BE uasmoba\backendUASmoba\system\rewrite.php(44): require_once('E:\\PS4\\FIX BE u...')
#14 {main}
CRITICAL - 2025-12-01 19:49:22 --> CodeIgniter\Database\Exceptions\DatabaseException: Table 'toko_api.resep' doesn't exist
[Method: GET, Route: api/resep]
in SYSTEMPATH\Database\BaseConnection.php on line 684.
 1 SYSTEMPATH\Database\BaseBuilder.php(1649): CodeIgniter\Database\BaseConnection->query('SELECT *
FROM `resep`', [], false)
 2 SYSTEMPATH\Model.php(286): CodeIgniter\Database\BaseBuilder->get()
 3 SYSTEMPATH\BaseModel.php(677): CodeIgniter\Model->doFindAll(0, 0)
 4 APPPATH\Controllers\Api\Resep.php(23): CodeIgniter\BaseModel->findAll()
 5 SYSTEMPATH\CodeIgniter.php(933): App\Controllers\Api\Resep->index()
 6 SYSTEMPATH\CodeIgniter.php(507): CodeIgniter\CodeIgniter->runController(Object(App\Controllers\Api\Resep))
 7 SYSTEMPATH\CodeIgniter.php(354): CodeIgniter\CodeIgniter->handleRequest(null, Object(Config\Cache), false)
 8 SYSTEMPATH\Boot.php(363): CodeIgniter\CodeIgniter->run()
 9 SYSTEMPATH\Boot.php(68): CodeIgniter\Boot::runCodeIgniter(Object(CodeIgniter\CodeIgniter))
10 FCPATH\index.php(59): CodeIgniter\Boot::bootWeb(Object(Config\Paths))
11 SYSTEMPATH\rewrite.php(44): require_once('E:\\PS4\\FIX BE uasmoba\\backendUASmoba\\public\\index.php')
CRITICAL - 2025-12-01 19:49:22 --> [Caused by] CodeIgniter\Database\Exceptions\DatabaseException: Table 'toko_api.resep' doesn't exist
in SYSTEMPATH\Database\MySQLi\Connection.php on line 332.
 1 SYSTEMPATH\Database\BaseConnection.php(729): CodeIgniter\Database\MySQLi\Connection->execute('SELECT *
FROM `resep`')
 2 SYSTEMPATH\Database\BaseConnection.php(646): CodeIgniter\Database\BaseConnection->simpleQuery('SELECT *
FROM `resep`')
 3 SYSTEMPATH\Database\BaseBuilder.php(1649): CodeIgniter\Database\BaseConnection->query('SELECT *
FROM `resep`', [], false)
 4 SYSTEMPATH\Model.php(286): CodeIgniter\Database\BaseBuilder->get()
 5 SYSTEMPATH\BaseModel.php(677): CodeIgniter\Model->doFindAll(0, 0)
 6 APPPATH\Controllers\Api\Resep.php(23): CodeIgniter\BaseModel->findAll()
 7 SYSTEMPATH\CodeIgniter.php(933): App\Controllers\Api\Resep->index()
 8 SYSTEMPATH\CodeIgniter.php(507): CodeIgniter\CodeIgniter->runController(Object(App\Controllers\Api\Resep))
 9 SYSTEMPATH\CodeIgniter.php(354): CodeIgniter\CodeIgniter->handleRequest(null, Object(Config\Cache), false)
10 SYSTEMPATH\Boot.php(363): CodeIgniter\CodeIgniter->run()
11 SYSTEMPATH\Boot.php(68): CodeIgniter\Boot::runCodeIgniter(Object(CodeIgniter\CodeIgniter))
12 FCPATH\index.php(59): CodeIgniter\Boot::bootWeb(Object(Config\Paths))
13 SYSTEMPATH\rewrite.php(44): require_once('E:\\PS4\\FIX BE uasmoba\\backendUASmoba\\public\\index.php')
CRITICAL - 2025-12-01 19:49:22 --> [Caused by] mysqli_sql_exception: Table 'toko_api.resep' doesn't exist
in SYSTEMPATH\Database\MySQLi\Connection.php on line 327.
 1 SYSTEMPATH\Database\MySQLi\Connection.php(327): mysqli->query('SELECT *
FROM `resep`', 0)
 2 SYSTEMPATH\Database\BaseConnection.php(729): CodeIgniter\Database\MySQLi\Connection->execute('SELECT *
FROM `resep`')
 3 SYSTEMPATH\Database\BaseConnection.php(646): CodeIgniter\Database\BaseConnection->simpleQuery('SELECT *
FROM `resep`')
 4 SYSTEMPATH\Database\BaseBuilder.php(1649): CodeIgniter\Database\BaseConnection->query('SELECT *
FROM `resep`', [], false)
 5 SYSTEMPATH\Model.php(286): CodeIgniter\Database\BaseBuilder->get()
 6 SYSTEMPATH\BaseModel.php(677): CodeIgniter\Model->doFindAll(0, 0)
 7 APPPATH\Controllers\Api\Resep.php(23): CodeIgniter\BaseModel->findAll()
 8 SYSTEMPATH\CodeIgniter.php(933): App\Controllers\Api\Resep->index()
 9 SYSTEMPATH\CodeIgniter.php(507): CodeIgniter\CodeIgniter->runController(Object(App\Controllers\Api\Resep))
10 SYSTEMPATH\CodeIgniter.php(354): CodeIgniter\CodeIgniter->handleRequest(null, Object(Config\Cache), false)
11 SYSTEMPATH\Boot.php(363): CodeIgniter\CodeIgniter->run()
12 SYSTEMPATH\Boot.php(68): CodeIgniter\Boot::runCodeIgniter(Object(CodeIgniter\CodeIgniter))
13 FCPATH\index.php(59): CodeIgniter\Boot::bootWeb(Object(Config\Paths))
14 SYSTEMPATH\rewrite.php(44): require_once('E:\\PS4\\FIX BE uasmoba\\backendUASmoba\\public\\index.php')
