CRITICAL - 2025-12-04 05:09:03 --> CodeIgniter\Database\Exceptions\DataException: There is no data to update.
[Method: PUT, Route: resep/1]
in SYSTEMPATH\BaseModel.php on line 1008.
 1 SYSTEMPATH\BaseModel.php(1008): CodeIgniter\Database\Exceptions\DataException::forEmptyDataset('update')
 2 SYSTEMPATH\Model.php(860): CodeIgniter\BaseModel->update([...], [])
 3 APPPATH\Controllers\ResepController.php(86): CodeIgniter\Model->update('1', [...])
 4 SYSTEMPATH\CodeIgniter.php(933): App\Controllers\ResepController->update('1')
 5 SYSTEMPATH\CodeIgniter.php(507): CodeIgniter\CodeIgniter->runController(Object(App\Controllers\ResepController))
 6 SYSTEMPATH\CodeIgniter.php(354): CodeIgniter\CodeIgniter->handleRequest(null, Object(Config\Cache), false)
 7 SYSTEMPATH\Boot.php(363): CodeIgniter\CodeIgniter->run()
 8 SYSTEMPATH\Boot.php(68): CodeIgniter\Boot::runCodeIgniter(Object(CodeIgniter\CodeIgniter))
 9 FCPATH\index.php(59): CodeIgniter\Boot::bootWeb(Object(Config\Paths))
10 SYSTEMPATH\rewrite.php(44): require_once('C:\\wamp64\\www\\backendUASmoba\\public\\index.php')
CRITICAL - 2025-12-04 05:09:16 --> CodeIgniter\Database\Exceptions\DataException: There is no data to update.
[Method: PUT, Route: resep/1]
in SYSTEMPATH\BaseModel.php on line 1008.
 1 SYSTEMPATH\BaseModel.php(1008): CodeIgniter\Database\Exceptions\DataException::forEmptyDataset('update')
 2 SYSTEMPATH\Model.php(860): CodeIgniter\BaseModel->update([...], [])
 3 APPPATH\Controllers\ResepController.php(86): CodeIgniter\Model->update('1', [...])
 4 SYSTEMPATH\CodeIgniter.php(933): App\Controllers\ResepController->update('1')
 5 SYSTEMPATH\CodeIgniter.php(507): CodeIgniter\CodeIgniter->runController(Object(App\Controllers\ResepController))
 6 SYSTEMPATH\CodeIgniter.php(354): CodeIgniter\CodeIgniter->handleRequest(null, Object(Config\Cache), false)
 7 SYSTEMPATH\Boot.php(363): CodeIgniter\CodeIgniter->run()
 8 SYSTEMPATH\Boot.php(68): CodeIgniter\Boot::runCodeIgniter(Object(CodeIgniter\CodeIgniter))
 9 FCPATH\index.php(59): CodeIgniter\Boot::bootWeb(Object(Config\Paths))
10 SYSTEMPATH\rewrite.php(44): require_once('C:\\wamp64\\www\\backendUASmoba\\public\\index.php')
CRITICAL - 2025-12-04 05:09:22 --> CodeIgniter\Database\Exceptions\DataException: There is no data to update.
[Method: PUT, Route: resep/1]
in SYSTEMPATH\BaseModel.php on line 1008.
 1 SYSTEMPATH\BaseModel.php(1008): CodeIgniter\Database\Exceptions\DataException::forEmptyDataset('update')
 2 SYSTEMPATH\Model.php(860): CodeIgniter\BaseModel->update([...], [])
 3 APPPATH\Controllers\ResepController.php(86): CodeIgniter\Model->update('1', [...])
 4 SYSTEMPATH\CodeIgniter.php(933): App\Controllers\ResepController->update('1')
 5 SYSTEMPATH\CodeIgniter.php(507): CodeIgniter\CodeIgniter->runController(Object(App\Controllers\ResepController))
 6 SYSTEMPATH\CodeIgniter.php(354): CodeIgniter\CodeIgniter->handleRequest(null, Object(Config\Cache), false)
 7 SYSTEMPATH\Boot.php(363): CodeIgniter\CodeIgniter->run()
 8 SYSTEMPATH\Boot.php(68): CodeIgniter\Boot::runCodeIgniter(Object(CodeIgniter\CodeIgniter))
 9 FCPATH\index.php(59): CodeIgniter\Boot::bootWeb(Object(Config\Paths))
10 SYSTEMPATH\rewrite.php(44): require_once('C:\\wamp64\\www\\backendUASmoba\\public\\index.php')
CRITICAL - 2025-12-04 05:12:40 --> CodeIgniter\Database\Exceptions\DataException: There is no data to update.
[Method: PUT, Route: resep/1]
in SYSTEMPATH\BaseModel.php on line 1008.
 1 SYSTEMPATH\BaseModel.php(1008): CodeIgniter\Database\Exceptions\DataException::forEmptyDataset('update')
 2 SYSTEMPATH\Model.php(860): CodeIgniter\BaseModel->update([...], [])
 3 APPPATH\Controllers\ResepController.php(86): CodeIgniter\Model->update('1', [...])
 4 SYSTEMPATH\CodeIgniter.php(933): App\Controllers\ResepController->update('1')
 5 SYSTEMPATH\CodeIgniter.php(507): CodeIgniter\CodeIgniter->runController(Object(App\Controllers\ResepController))
 6 SYSTEMPATH\CodeIgniter.php(354): CodeIgniter\CodeIgniter->handleRequest(null, Object(Config\Cache), false)
 7 SYSTEMPATH\Boot.php(363): CodeIgniter\CodeIgniter->run()
 8 SYSTEMPATH\Boot.php(68): CodeIgniter\Boot::runCodeIgniter(Object(CodeIgniter\CodeIgniter))
 9 FCPATH\index.php(59): CodeIgniter\Boot::bootWeb(Object(Config\Paths))
10 SYSTEMPATH\rewrite.php(44): require_once('C:\\wamp64\\www\\backendUASmoba\\public\\index.php')
CRITICAL - 2025-12-04 05:18:36 --> CodeIgniter\Database\Exceptions\DataException: There is no data to update.
[Method: PUT, Route: resep/1]
in SYSTEMPATH\BaseModel.php on line 1008.
 1 SYSTEMPATH\BaseModel.php(1008): CodeIgniter\Database\Exceptions\DataException::forEmptyDataset('update')
 2 SYSTEMPATH\Model.php(860): CodeIgniter\BaseModel->update([...], [])
 3 APPPATH\Controllers\ResepController.php(91): CodeIgniter\Model->update('1', [...])
 4 SYSTEMPATH\CodeIgniter.php(933): App\Controllers\ResepController->update('1')
 5 SYSTEMPATH\CodeIgniter.php(507): CodeIgniter\CodeIgniter->runController(Object(App\Controllers\ResepController))
 6 SYSTEMPATH\CodeIgniter.php(354): CodeIgniter\CodeIgniter->handleRequest(null, Object(Config\Cache), false)
 7 SYSTEMPATH\Boot.php(363): CodeIgniter\CodeIgniter->run()
 8 SYSTEMPATH\Boot.php(68): CodeIgniter\Boot::runCodeIgniter(Object(CodeIgniter\CodeIgniter))
 9 FCPATH\index.php(59): CodeIgniter\Boot::bootWeb(Object(Config\Paths))
10 SYSTEMPATH\rewrite.php(44): require_once('C:\\wamp64\\www\\backendUASmoba\\public\\index.php')
CRITICAL - 2025-12-04 05:18:43 --> CodeIgniter\Database\Exceptions\DataException: There is no data to update.
[Method: PUT, Route: resep/1]
in SYSTEMPATH\BaseModel.php on line 1008.
 1 SYSTEMPATH\BaseModel.php(1008): CodeIgniter\Database\Exceptions\DataException::forEmptyDataset('update')
 2 SYSTEMPATH\Model.php(860): CodeIgniter\BaseModel->update([...], [])
 3 APPPATH\Controllers\ResepController.php(91): CodeIgniter\Model->update('1', [...])
 4 SYSTEMPATH\CodeIgniter.php(933): App\Controllers\ResepController->update('1')
 5 SYSTEMPATH\CodeIgniter.php(507): CodeIgniter\CodeIgniter->runController(Object(App\Controllers\ResepController))
 6 SYSTEMPATH\CodeIgniter.php(354): CodeIgniter\CodeIgniter->handleRequest(null, Object(Config\Cache), false)
 7 SYSTEMPATH\Boot.php(363): CodeIgniter\CodeIgniter->run()
 8 SYSTEMPATH\Boot.php(68): CodeIgniter\Boot::runCodeIgniter(Object(CodeIgniter\CodeIgniter))
 9 FCPATH\index.php(59): CodeIgniter\Boot::bootWeb(Object(Config\Paths))
10 SYSTEMPATH\rewrite.php(44): require_once('C:\\wamp64\\www\\backendUASmoba\\public\\index.php')
CRITICAL - 2025-12-04 05:24:29 --> CodeIgniter\Database\Exceptions\DataException: There is no data to update.
[Method: PUT, Route: resep/1]
in SYSTEMPATH\BaseModel.php on line 1008.
 1 SYSTEMPATH\BaseModel.php(1008): CodeIgniter\Database\Exceptions\DataException::forEmptyDataset('update')
 2 SYSTEMPATH\Model.php(860): CodeIgniter\BaseModel->update([...], [])
 3 APPPATH\Controllers\ResepController.php(91): CodeIgniter\Model->update('1', [...])
 4 SYSTEMPATH\CodeIgniter.php(933): App\Controllers\ResepController->update('1')
 5 SYSTEMPATH\CodeIgniter.php(507): CodeIgniter\CodeIgniter->runController(Object(App\Controllers\ResepController))
 6 SYSTEMPATH\CodeIgniter.php(354): CodeIgniter\CodeIgniter->handleRequest(null, Object(Config\Cache), false)
 7 SYSTEMPATH\Boot.php(363): CodeIgniter\CodeIgniter->run()
 8 SYSTEMPATH\Boot.php(68): CodeIgniter\Boot::runCodeIgniter(Object(CodeIgniter\CodeIgniter))
 9 FCPATH\index.php(59): CodeIgniter\Boot::bootWeb(Object(Config\Paths))
10 SYSTEMPATH\rewrite.php(44): require_once('C:\\wamp64\\www\\backendUASmoba\\public\\index.php')
CRITICAL - 2025-12-04 05:24:30 --> CodeIgniter\Database\Exceptions\DataException: There is no data to update.
[Method: PUT, Route: resep/1]
in SYSTEMPATH\BaseModel.php on line 1008.
 1 SYSTEMPATH\BaseModel.php(1008): CodeIgniter\Database\Exceptions\DataException::forEmptyDataset('update')
 2 SYSTEMPATH\Model.php(860): CodeIgniter\BaseModel->update([...], [])
 3 APPPATH\Controllers\ResepController.php(91): CodeIgniter\Model->update('1', [...])
 4 SYSTEMPATH\CodeIgniter.php(933): App\Controllers\ResepController->update('1')
 5 SYSTEMPATH\CodeIgniter.php(507): CodeIgniter\CodeIgniter->runController(Object(App\Controllers\ResepController))
 6 SYSTEMPATH\CodeIgniter.php(354): CodeIgniter\CodeIgniter->handleRequest(null, Object(Config\Cache), false)
 7 SYSTEMPATH\Boot.php(363): CodeIgniter\CodeIgniter->run()
 8 SYSTEMPATH\Boot.php(68): CodeIgniter\Boot::runCodeIgniter(Object(CodeIgniter\CodeIgniter))
 9 FCPATH\index.php(59): CodeIgniter\Boot::bootWeb(Object(Config\Paths))
10 SYSTEMPATH\rewrite.php(44): require_once('C:\\wamp64\\www\\backendUASmoba\\public\\index.php')
CRITICAL - 2025-12-04 05:24:32 --> CodeIgniter\Database\Exceptions\DataException: There is no data to update.
[Method: PUT, Route: resep/1]
in SYSTEMPATH\BaseModel.php on line 1008.
 1 SYSTEMPATH\BaseModel.php(1008): CodeIgniter\Database\Exceptions\DataException::forEmptyDataset('update')
 2 SYSTEMPATH\Model.php(860): CodeIgniter\BaseModel->update([...], [])
 3 APPPATH\Controllers\ResepController.php(91): CodeIgniter\Model->update('1', [...])
 4 SYSTEMPATH\CodeIgniter.php(933): App\Controllers\ResepController->update('1')
 5 SYSTEMPATH\CodeIgniter.php(507): CodeIgniter\CodeIgniter->runController(Object(App\Controllers\ResepController))
 6 SYSTEMPATH\CodeIgniter.php(354): CodeIgniter\CodeIgniter->handleRequest(null, Object(Config\Cache), false)
 7 SYSTEMPATH\Boot.php(363): CodeIgniter\CodeIgniter->run()
 8 SYSTEMPATH\Boot.php(68): CodeIgniter\Boot::runCodeIgniter(Object(CodeIgniter\CodeIgniter))
 9 FCPATH\index.php(59): CodeIgniter\Boot::bootWeb(Object(Config\Paths))
10 SYSTEMPATH\rewrite.php(44): require_once('C:\\wamp64\\www\\backendUASmoba\\public\\index.php')
CRITICAL - 2025-12-04 05:28:01 --> CodeIgniter\Database\Exceptions\DataException: There is no data to update.
[Method: PUT, Route: resep/1]
in SYSTEMPATH\BaseModel.php on line 1008.
 1 SYSTEMPATH\BaseModel.php(1008): CodeIgniter\Database\Exceptions\DataException::forEmptyDataset('update')
 2 SYSTEMPATH\Model.php(860): CodeIgniter\BaseModel->update([...], [])
 3 APPPATH\Controllers\ResepController.php(91): CodeIgniter\Model->update('1', [...])
 4 SYSTEMPATH\CodeIgniter.php(933): App\Controllers\ResepController->update('1')
 5 SYSTEMPATH\CodeIgniter.php(507): CodeIgniter\CodeIgniter->runController(Object(App\Controllers\ResepController))
 6 SYSTEMPATH\CodeIgniter.php(354): CodeIgniter\CodeIgniter->handleRequest(null, Object(Config\Cache), false)
 7 SYSTEMPATH\Boot.php(363): CodeIgniter\CodeIgniter->run()
 8 SYSTEMPATH\Boot.php(68): CodeIgniter\Boot::runCodeIgniter(Object(CodeIgniter\CodeIgniter))
 9 FCPATH\index.php(59): CodeIgniter\Boot::bootWeb(Object(Config\Paths))
10 SYSTEMPATH\rewrite.php(44): require_once('C:\\wamp64\\www\\backendUASmoba\\public\\index.php')
CRITICAL - 2025-12-04 05:29:58 --> CodeIgniter\Database\Exceptions\DataException: There is no data to update.
[Method: PUT, Route: resep/2]
in SYSTEMPATH\BaseModel.php on line 1008.
 1 SYSTEMPATH\BaseModel.php(1008): CodeIgniter\Database\Exceptions\DataException::forEmptyDataset('update')
 2 SYSTEMPATH\Model.php(860): CodeIgniter\BaseModel->update([...], [])
 3 APPPATH\Controllers\ResepController.php(91): CodeIgniter\Model->update('2', [...])
 4 SYSTEMPATH\CodeIgniter.php(933): App\Controllers\ResepController->update('2')
 5 SYSTEMPATH\CodeIgniter.php(507): CodeIgniter\CodeIgniter->runController(Object(App\Controllers\ResepController))
 6 SYSTEMPATH\CodeIgniter.php(354): CodeIgniter\CodeIgniter->handleRequest(null, Object(Config\Cache), false)
 7 SYSTEMPATH\Boot.php(363): CodeIgniter\CodeIgniter->run()
 8 SYSTEMPATH\Boot.php(68): CodeIgniter\Boot::runCodeIgniter(Object(CodeIgniter\CodeIgniter))
 9 FCPATH\index.php(59): CodeIgniter\Boot::bootWeb(Object(Config\Paths))
10 SYSTEMPATH\rewrite.php(44): require_once('C:\\wamp64\\www\\backendUASmoba\\public\\index.php')
CRITICAL - 2025-12-04 05:30:10 --> CodeIgniter\Database\Exceptions\DataException: There is no data to update.
[Method: PUT, Route: resep/2]
in SYSTEMPATH\BaseModel.php on line 1008.
 1 SYSTEMPATH\BaseModel.php(1008): CodeIgniter\Database\Exceptions\DataException::forEmptyDataset('update')
 2 SYSTEMPATH\Model.php(860): CodeIgniter\BaseModel->update([...], [])
 3 APPPATH\Controllers\ResepController.php(91): CodeIgniter\Model->update('2', [...])
 4 SYSTEMPATH\CodeIgniter.php(933): App\Controllers\ResepController->update('2')
 5 SYSTEMPATH\CodeIgniter.php(507): CodeIgniter\CodeIgniter->runController(Object(App\Controllers\ResepController))
 6 SYSTEMPATH\CodeIgniter.php(354): CodeIgniter\CodeIgniter->handleRequest(null, Object(Config\Cache), false)
 7 SYSTEMPATH\Boot.php(363): CodeIgniter\CodeIgniter->run()
 8 SYSTEMPATH\Boot.php(68): CodeIgniter\Boot::runCodeIgniter(Object(CodeIgniter\CodeIgniter))
 9 FCPATH\index.php(59): CodeIgniter\Boot::bootWeb(Object(Config\Paths))
10 SYSTEMPATH\rewrite.php(44): require_once('C:\\wamp64\\www\\backendUASmoba\\public\\index.php')
CRITICAL - 2025-12-04 10:30:53 --> CodeIgniter\Database\Exceptions\DataException: There is no data to update.
[Method: PUT, Route: resep/4]
in SYSTEMPATH\BaseModel.php on line 1008.
 1 SYSTEMPATH\BaseModel.php(1008): CodeIgniter\Database\Exceptions\DataException::forEmptyDataset('update')
 2 SYSTEMPATH\Model.php(860): CodeIgniter\BaseModel->update([...], [])
 3 APPPATH\Controllers\ResepController.php(91): CodeIgniter\Model->update('4', [...])
 4 SYSTEMPATH\CodeIgniter.php(933): App\Controllers\ResepController->update('4')
 5 SYSTEMPATH\CodeIgniter.php(507): CodeIgniter\CodeIgniter->runController(Object(App\Controllers\ResepController))
 6 SYSTEMPATH\CodeIgniter.php(354): CodeIgniter\CodeIgniter->handleRequest(null, Object(Config\Cache), false)
 7 SYSTEMPATH\Boot.php(363): CodeIgniter\CodeIgniter->run()
 8 SYSTEMPATH\Boot.php(68): CodeIgniter\Boot::runCodeIgniter(Object(CodeIgniter\CodeIgniter))
 9 FCPATH\index.php(59): CodeIgniter\Boot::bootWeb(Object(Config\Paths))
10 SYSTEMPATH\rewrite.php(44): require_once('E:\\beuas\\backendUASmoba\\public\\index.php')
CRITICAL - 2025-12-04 10:30:54 --> CodeIgniter\Database\Exceptions\DataException: There is no data to update.
[Method: PUT, Route: resep/4]
in SYSTEMPATH\BaseModel.php on line 1008.
 1 SYSTEMPATH\BaseModel.php(1008): CodeIgniter\Database\Exceptions\DataException::forEmptyDataset('update')
 2 SYSTEMPATH\Model.php(860): CodeIgniter\BaseModel->update([...], [])
 3 APPPATH\Controllers\ResepController.php(91): CodeIgniter\Model->update('4', [...])
 4 SYSTEMPATH\CodeIgniter.php(933): App\Controllers\ResepController->update('4')
 5 SYSTEMPATH\CodeIgniter.php(507): CodeIgniter\CodeIgniter->runController(Object(App\Controllers\ResepController))
 6 SYSTEMPATH\CodeIgniter.php(354): CodeIgniter\CodeIgniter->handleRequest(null, Object(Config\Cache), false)
 7 SYSTEMPATH\Boot.php(363): CodeIgniter\CodeIgniter->run()
 8 SYSTEMPATH\Boot.php(68): CodeIgniter\Boot::runCodeIgniter(Object(CodeIgniter\CodeIgniter))
 9 FCPATH\index.php(59): CodeIgniter\Boot::bootWeb(Object(Config\Paths))
10 SYSTEMPATH\rewrite.php(44): require_once('E:\\beuas\\backendUASmoba\\public\\index.php')
CRITICAL - 2025-12-04 10:35:41 --> CodeIgniter\Database\Exceptions\DataException: There is no data to update.
[Method: PUT, Route: resep/4]
in SYSTEMPATH\BaseModel.php on line 1008.
 1 SYSTEMPATH\BaseModel.php(1008): CodeIgniter\Database\Exceptions\DataException::forEmptyDataset('update')
 2 SYSTEMPATH\Model.php(860): CodeIgniter\BaseModel->update([...], [])
 3 APPPATH\Controllers\ResepController.php(91): CodeIgniter\Model->update('4', [...])
 4 SYSTEMPATH\CodeIgniter.php(933): App\Controllers\ResepController->update('4')
 5 SYSTEMPATH\CodeIgniter.php(507): CodeIgniter\CodeIgniter->runController(Object(App\Controllers\ResepController))
 6 SYSTEMPATH\CodeIgniter.php(354): CodeIgniter\CodeIgniter->handleRequest(null, Object(Config\Cache), false)
 7 SYSTEMPATH\Boot.php(363): CodeIgniter\CodeIgniter->run()
 8 SYSTEMPATH\Boot.php(68): CodeIgniter\Boot::runCodeIgniter(Object(CodeIgniter\CodeIgniter))
 9 FCPATH\index.php(59): CodeIgniter\Boot::bootWeb(Object(Config\Paths))
10 SYSTEMPATH\rewrite.php(44): require_once('E:\\beuas\\backendUASmoba\\public\\index.php')
CRITICAL - 2025-12-04 10:43:05 --> CodeIgniter\Database\Exceptions\DataException: There is no data to update.
[Method: PUT, Route: resep/2]
in SYSTEMPATH\BaseModel.php on line 1008.
 1 SYSTEMPATH\BaseModel.php(1008): CodeIgniter\Database\Exceptions\DataException::forEmptyDataset('update')
 2 SYSTEMPATH\Model.php(860): CodeIgniter\BaseModel->update([...], [])
 3 APPPATH\Controllers\ResepController.php(91): CodeIgniter\Model->update('2', [...])
 4 SYSTEMPATH\CodeIgniter.php(933): App\Controllers\ResepController->update('2')
 5 SYSTEMPATH\CodeIgniter.php(507): CodeIgniter\CodeIgniter->runController(Object(App\Controllers\ResepController))
 6 SYSTEMPATH\CodeIgniter.php(354): CodeIgniter\CodeIgniter->handleRequest(null, Object(Config\Cache), false)
 7 SYSTEMPATH\Boot.php(363): CodeIgniter\CodeIgniter->run()
 8 SYSTEMPATH\Boot.php(68): CodeIgniter\Boot::runCodeIgniter(Object(CodeIgniter\CodeIgniter))
 9 FCPATH\index.php(59): CodeIgniter\Boot::bootWeb(Object(Config\Paths))
10 SYSTEMPATH\rewrite.php(44): require_once('E:\\beuas\\backendUASmoba\\public\\index.php')
CRITICAL - 2025-12-04 10:43:09 --> CodeIgniter\Database\Exceptions\DataException: There is no data to update.
[Method: PUT, Route: resep/2]
in SYSTEMPATH\BaseModel.php on line 1008.
 1 SYSTEMPATH\BaseModel.php(1008): CodeIgniter\Database\Exceptions\DataException::forEmptyDataset('update')
 2 SYSTEMPATH\Model.php(860): CodeIgniter\BaseModel->update([...], [])
 3 APPPATH\Controllers\ResepController.php(91): CodeIgniter\Model->update('2', [...])
 4 SYSTEMPATH\CodeIgniter.php(933): App\Controllers\ResepController->update('2')
 5 SYSTEMPATH\CodeIgniter.php(507): CodeIgniter\CodeIgniter->runController(Object(App\Controllers\ResepController))
 6 SYSTEMPATH\CodeIgniter.php(354): CodeIgniter\CodeIgniter->handleRequest(null, Object(Config\Cache), false)
 7 SYSTEMPATH\Boot.php(363): CodeIgniter\CodeIgniter->run()
 8 SYSTEMPATH\Boot.php(68): CodeIgniter\Boot::runCodeIgniter(Object(CodeIgniter\CodeIgniter))
 9 FCPATH\index.php(59): CodeIgniter\Boot::bootWeb(Object(Config\Paths))
10 SYSTEMPATH\rewrite.php(44): require_once('E:\\beuas\\backendUASmoba\\public\\index.php')
CRITICAL - 2025-12-04 10:43:15 --> CodeIgniter\Database\Exceptions\DataException: There is no data to update.
[Method: PUT, Route: resep/2]
in SYSTEMPATH\BaseModel.php on line 1008.
 1 SYSTEMPATH\BaseModel.php(1008): CodeIgniter\Database\Exceptions\DataException::forEmptyDataset('update')
 2 SYSTEMPATH\Model.php(860): CodeIgniter\BaseModel->update([...], [])
 3 APPPATH\Controllers\ResepController.php(91): CodeIgniter\Model->update('2', [...])
 4 SYSTEMPATH\CodeIgniter.php(933): App\Controllers\ResepController->update('2')
 5 SYSTEMPATH\CodeIgniter.php(507): CodeIgniter\CodeIgniter->runController(Object(App\Controllers\ResepController))
 6 SYSTEMPATH\CodeIgniter.php(354): CodeIgniter\CodeIgniter->handleRequest(null, Object(Config\Cache), false)
 7 SYSTEMPATH\Boot.php(363): CodeIgniter\CodeIgniter->run()
 8 SYSTEMPATH\Boot.php(68): CodeIgniter\Boot::runCodeIgniter(Object(CodeIgniter\CodeIgniter))
 9 FCPATH\index.php(59): CodeIgniter\Boot::bootWeb(Object(Config\Paths))
10 SYSTEMPATH\rewrite.php(44): require_once('E:\\beuas\\backendUASmoba\\public\\index.php')
CRITICAL - 2025-12-04 10:43:21 --> CodeIgniter\Database\Exceptions\DataException: There is no data to update.
[Method: PUT, Route: resep/2]
in SYSTEMPATH\BaseModel.php on line 1008.
 1 SYSTEMPATH\BaseModel.php(1008): CodeIgniter\Database\Exceptions\DataException::forEmptyDataset('update')
 2 SYSTEMPATH\Model.php(860): CodeIgniter\BaseModel->update([...], [])
 3 APPPATH\Controllers\ResepController.php(91): CodeIgniter\Model->update('2', [...])
 4 SYSTEMPATH\CodeIgniter.php(933): App\Controllers\ResepController->update('2')
 5 SYSTEMPATH\CodeIgniter.php(507): CodeIgniter\CodeIgniter->runController(Object(App\Controllers\ResepController))
 6 SYSTEMPATH\CodeIgniter.php(354): CodeIgniter\CodeIgniter->handleRequest(null, Object(Config\Cache), false)
 7 SYSTEMPATH\Boot.php(363): CodeIgniter\CodeIgniter->run()
 8 SYSTEMPATH\Boot.php(68): CodeIgniter\Boot::runCodeIgniter(Object(CodeIgniter\CodeIgniter))
 9 FCPATH\index.php(59): CodeIgniter\Boot::bootWeb(Object(Config\Paths))
10 SYSTEMPATH\rewrite.php(44): require_once('E:\\beuas\\backendUASmoba\\public\\index.php')
CRITICAL - 2025-12-04 10:43:27 --> CodeIgniter\Database\Exceptions\DataException: There is no data to update.
[Method: PUT, Route: resep/2]
in SYSTEMPATH\BaseModel.php on line 1008.
 1 SYSTEMPATH\BaseModel.php(1008): CodeIgniter\Database\Exceptions\DataException::forEmptyDataset('update')
 2 SYSTEMPATH\Model.php(860): CodeIgniter\BaseModel->update([...], [])
 3 APPPATH\Controllers\ResepController.php(91): CodeIgniter\Model->update('2', [...])
 4 SYSTEMPATH\CodeIgniter.php(933): App\Controllers\ResepController->update('2')
 5 SYSTEMPATH\CodeIgniter.php(507): CodeIgniter\CodeIgniter->runController(Object(App\Controllers\ResepController))
 6 SYSTEMPATH\CodeIgniter.php(354): CodeIgniter\CodeIgniter->handleRequest(null, Object(Config\Cache), false)
 7 SYSTEMPATH\Boot.php(363): CodeIgniter\CodeIgniter->run()
 8 SYSTEMPATH\Boot.php(68): CodeIgniter\Boot::runCodeIgniter(Object(CodeIgniter\CodeIgniter))
 9 FCPATH\index.php(59): CodeIgniter\Boot::bootWeb(Object(Config\Paths))
10 SYSTEMPATH\rewrite.php(44): require_once('E:\\beuas\\backendUASmoba\\public\\index.php')
CRITICAL - 2025-12-04 10:43:33 --> CodeIgniter\Database\Exceptions\DataException: There is no data to update.
[Method: PUT, Route: resep/2]
in SYSTEMPATH\BaseModel.php on line 1008.
 1 SYSTEMPATH\BaseModel.php(1008): CodeIgniter\Database\Exceptions\DataException::forEmptyDataset('update')
 2 SYSTEMPATH\Model.php(860): CodeIgniter\BaseModel->update([...], [])
 3 APPPATH\Controllers\ResepController.php(91): CodeIgniter\Model->update('2', [...])
 4 SYSTEMPATH\CodeIgniter.php(933): App\Controllers\ResepController->update('2')
 5 SYSTEMPATH\CodeIgniter.php(507): CodeIgniter\CodeIgniter->runController(Object(App\Controllers\ResepController))
 6 SYSTEMPATH\CodeIgniter.php(354): CodeIgniter\CodeIgniter->handleRequest(null, Object(Config\Cache), false)
 7 SYSTEMPATH\Boot.php(363): CodeIgniter\CodeIgniter->run()
 8 SYSTEMPATH\Boot.php(68): CodeIgniter\Boot::runCodeIgniter(Object(CodeIgniter\CodeIgniter))
 9 FCPATH\index.php(59): CodeIgniter\Boot::bootWeb(Object(Config\Paths))
10 SYSTEMPATH\rewrite.php(44): require_once('E:\\beuas\\backendUASmoba\\public\\index.php')
CRITICAL - 2025-12-04 10:43:46 --> CodeIgniter\Database\Exceptions\DataException: There is no data to update.
[Method: PUT, Route: resep/2]
in SYSTEMPATH\BaseModel.php on line 1008.
 1 SYSTEMPATH\BaseModel.php(1008): CodeIgniter\Database\Exceptions\DataException::forEmptyDataset('update')
 2 SYSTEMPATH\Model.php(860): CodeIgniter\BaseModel->update([...], [])
 3 APPPATH\Controllers\ResepController.php(91): CodeIgniter\Model->update('2', [...])
 4 SYSTEMPATH\CodeIgniter.php(933): App\Controllers\ResepController->update('2')
 5 SYSTEMPATH\CodeIgniter.php(507): CodeIgniter\CodeIgniter->runController(Object(App\Controllers\ResepController))
 6 SYSTEMPATH\CodeIgniter.php(354): CodeIgniter\CodeIgniter->handleRequest(null, Object(Config\Cache), false)
 7 SYSTEMPATH\Boot.php(363): CodeIgniter\CodeIgniter->run()
 8 SYSTEMPATH\Boot.php(68): CodeIgniter\Boot::runCodeIgniter(Object(CodeIgniter\CodeIgniter))
 9 FCPATH\index.php(59): CodeIgniter\Boot::bootWeb(Object(Config\Paths))
10 SYSTEMPATH\rewrite.php(44): require_once('E:\\beuas\\backendUASmoba\\public\\index.php')
CRITICAL - 2025-12-04 10:45:39 --> CodeIgniter\Database\Exceptions\DataException: There is no data to update.
[Method: PUT, Route: resep/5]
in SYSTEMPATH\BaseModel.php on line 1008.
 1 SYSTEMPATH\BaseModel.php(1008): CodeIgniter\Database\Exceptions\DataException::forEmptyDataset('update')
 2 SYSTEMPATH\Model.php(860): CodeIgniter\BaseModel->update([...], [])
 3 APPPATH\Controllers\ResepController.php(91): CodeIgniter\Model->update('5', [...])
 4 SYSTEMPATH\CodeIgniter.php(933): App\Controllers\ResepController->update('5')
 5 SYSTEMPATH\CodeIgniter.php(507): CodeIgniter\CodeIgniter->runController(Object(App\Controllers\ResepController))
 6 SYSTEMPATH\CodeIgniter.php(354): CodeIgniter\CodeIgniter->handleRequest(null, Object(Config\Cache), false)
 7 SYSTEMPATH\Boot.php(363): CodeIgniter\CodeIgniter->run()
 8 SYSTEMPATH\Boot.php(68): CodeIgniter\Boot::runCodeIgniter(Object(CodeIgniter\CodeIgniter))
 9 FCPATH\index.php(59): CodeIgniter\Boot::bootWeb(Object(Config\Paths))
10 SYSTEMPATH\rewrite.php(44): require_once('E:\\beuas\\backendUASmoba\\public\\index.php')
ERROR - 2025-12-04 12:24:38 --> Error connecting to the database: mysqli_sql_exception: No connection could be made because the target machine actively refused it in E:\beuas\backendUASmoba\system\Database\MySQLi\Connection.php:201
Stack trace:
#0 E:\beuas\backendUASmoba\system\Database\MySQLi\Connection.php(201): mysqli->real_connect('127.0.0.1', 'root', Object(SensitiveParameterValue), 'uasmoba1', 3306, '', 0)
#1 E:\beuas\backendUASmoba\system\Database\BaseConnection.php(419): CodeIgniter\Database\MySQLi\Connection->connect(false)
#2 E:\beuas\backendUASmoba\system\Database\BaseConnection.php(614): CodeIgniter\Database\BaseConnection->initialize()
#3 E:\beuas\backendUASmoba\system\Database\BaseBuilder.php(1649): CodeIgniter\Database\BaseConnection->query('SELECT *\nFROM `...', Array, false)
#4 E:\beuas\backendUASmoba\system\Model.php(210): CodeIgniter\Database\BaseBuilder->get()
#5 E:\beuas\backendUASmoba\system\BaseModel.php(611): CodeIgniter\Model->doFind(true, 'terbaru')
#6 E:\beuas\backendUASmoba\app\Controllers\ResepController.php(174): CodeIgniter\BaseModel->find('terbaru')
#7 E:\beuas\backendUASmoba\system\CodeIgniter.php(933): App\Controllers\ResepController->show('terbaru')
#8 E:\beuas\backendUASmoba\system\CodeIgniter.php(507): CodeIgniter\CodeIgniter->runController(Object(App\Controllers\ResepController))
#9 E:\beuas\backendUASmoba\system\CodeIgniter.php(354): CodeIgniter\CodeIgniter->handleRequest(NULL, Object(Config\Cache), false)
#10 E:\beuas\backendUASmoba\system\Boot.php(363): CodeIgniter\CodeIgniter->run()
#11 E:\beuas\backendUASmoba\system\Boot.php(68): CodeIgniter\Boot::runCodeIgniter(Object(CodeIgniter\CodeIgniter))
#12 E:\beuas\backendUASmoba\public\index.php(59): CodeIgniter\Boot::bootWeb(Object(Config\Paths))
#13 E:\beuas\backendUASmoba\system\rewrite.php(44): require_once('E:\\beuas\\backen...')
#14 {main}

Next CodeIgniter\Database\Exceptions\DatabaseException: No connection could be made because the target machine actively refused it in E:\beuas\backendUASmoba\system\Database\MySQLi\Connection.php:246
Stack trace:
#0 E:\beuas\backendUASmoba\system\Database\BaseConnection.php(419): CodeIgniter\Database\MySQLi\Connection->connect(false)
#1 E:\beuas\backendUASmoba\system\Database\BaseConnection.php(614): CodeIgniter\Database\BaseConnection->initialize()
#2 E:\beuas\backendUASmoba\system\Database\BaseBuilder.php(1649): CodeIgniter\Database\BaseConnection->query('SELECT *\nFROM `...', Array, false)
#3 E:\beuas\backendUASmoba\system\Model.php(210): CodeIgniter\Database\BaseBuilder->get()
#4 E:\beuas\backendUASmoba\system\BaseModel.php(611): CodeIgniter\Model->doFind(true, 'terbaru')
#5 E:\beuas\backendUASmoba\app\Controllers\ResepController.php(174): CodeIgniter\BaseModel->find('terbaru')
#6 E:\beuas\backendUASmoba\system\CodeIgniter.php(933): App\Controllers\ResepController->show('terbaru')
#7 E:\beuas\backendUASmoba\system\CodeIgniter.php(507): CodeIgniter\CodeIgniter->runController(Object(App\Controllers\ResepController))
#8 E:\beuas\backendUASmoba\system\CodeIgniter.php(354): CodeIgniter\CodeIgniter->handleRequest(NULL, Object(Config\Cache), false)
#9 E:\beuas\backendUASmoba\system\Boot.php(363): CodeIgniter\CodeIgniter->run()
#10 E:\beuas\backendUASmoba\system\Boot.php(68): CodeIgniter\Boot::runCodeIgniter(Object(CodeIgniter\CodeIgniter))
#11 E:\beuas\backendUASmoba\public\index.php(59): CodeIgniter\Boot::bootWeb(Object(Config\Paths))
#12 E:\beuas\backendUASmoba\system\rewrite.php(44): require_once('E:\\beuas\\backen...')
#13 {main}
CRITICAL - 2025-12-04 12:24:38 --> CodeIgniter\Database\Exceptions\DatabaseException: Unable to connect to the database.
Main connection [MySQLi]: No connection could be made because the target machine actively refused it
[Method: GET, Route: resep/terbaru]
in SYSTEMPATH\Database\BaseConnection.php on line 465.
 1 SYSTEMPATH\Database\BaseConnection.php(614): CodeIgniter\Database\BaseConnection->initialize()
 2 SYSTEMPATH\Database\BaseBuilder.php(1649): CodeIgniter\Database\BaseConnection->query('SELECT *
FROM `recipes`
WHERE `recipes`.`id` = :recipes.id:', [...], false)
 3 SYSTEMPATH\Model.php(210): CodeIgniter\Database\BaseBuilder->get()
 4 SYSTEMPATH\BaseModel.php(611): CodeIgniter\Model->doFind(true, 'terbaru')
 5 APPPATH\Controllers\ResepController.php(174): CodeIgniter\BaseModel->find('terbaru')
 6 SYSTEMPATH\CodeIgniter.php(933): App\Controllers\ResepController->show('terbaru')
 7 SYSTEMPATH\CodeIgniter.php(507): CodeIgniter\CodeIgniter->runController(Object(App\Controllers\ResepController))
 8 SYSTEMPATH\CodeIgniter.php(354): CodeIgniter\CodeIgniter->handleRequest(null, Object(Config\Cache), false)
 9 SYSTEMPATH\Boot.php(363): CodeIgniter\CodeIgniter->run()
10 SYSTEMPATH\Boot.php(68): CodeIgniter\Boot::runCodeIgniter(Object(CodeIgniter\CodeIgniter))
11 FCPATH\index.php(59): CodeIgniter\Boot::bootWeb(Object(Config\Paths))
12 SYSTEMPATH\rewrite.php(44): require_once('E:\\beuas\\backendUASmoba\\public\\index.php')
ERROR - 2025-12-04 12:27:17 --> Error connecting to the database: mysqli_sql_exception: No connection could be made because the target machine actively refused it in E:\beuas\backendUASmoba\system\Database\MySQLi\Connection.php:201
Stack trace:
#0 E:\beuas\backendUASmoba\system\Database\MySQLi\Connection.php(201): mysqli->real_connect('127.0.0.1', 'root', Object(SensitiveParameterValue), 'uasmoba1', 3306, '', 0)
#1 E:\beuas\backendUASmoba\system\Database\BaseConnection.php(419): CodeIgniter\Database\MySQLi\Connection->connect(false)
#2 E:\beuas\backendUASmoba\system\Database\BaseConnection.php(614): CodeIgniter\Database\BaseConnection->initialize()
#3 E:\beuas\backendUASmoba\system\Database\BaseBuilder.php(1649): CodeIgniter\Database\BaseConnection->query('SELECT *\nFROM `...', Array, false)
#4 E:\beuas\backendUASmoba\system\Model.php(286): CodeIgniter\Database\BaseBuilder->get()
#5 E:\beuas\backendUASmoba\system\BaseModel.php(677): CodeIgniter\Model->doFindAll(0, 0)
#6 E:\beuas\backendUASmoba\app\Controllers\ResepController.php(18): CodeIgniter\BaseModel->findAll()
#7 E:\beuas\backendUASmoba\system\CodeIgniter.php(933): App\Controllers\ResepController->index()
#8 E:\beuas\backendUASmoba\system\CodeIgniter.php(507): CodeIgniter\CodeIgniter->runController(Object(App\Controllers\ResepController))
#9 E:\beuas\backendUASmoba\system\CodeIgniter.php(354): CodeIgniter\CodeIgniter->handleRequest(NULL, Object(Config\Cache), false)
#10 E:\beuas\backendUASmoba\system\Boot.php(363): CodeIgniter\CodeIgniter->run()
#11 E:\beuas\backendUASmoba\system\Boot.php(68): CodeIgniter\Boot::runCodeIgniter(Object(CodeIgniter\CodeIgniter))
#12 E:\beuas\backendUASmoba\public\index.php(59): CodeIgniter\Boot::bootWeb(Object(Config\Paths))
#13 E:\beuas\backendUASmoba\system\rewrite.php(44): require_once('E:\\beuas\\backen...')
#14 {main}

Next CodeIgniter\Database\Exceptions\DatabaseException: No connection could be made because the target machine actively refused it in E:\beuas\backendUASmoba\system\Database\MySQLi\Connection.php:246
Stack trace:
#0 E:\beuas\backendUASmoba\system\Database\BaseConnection.php(419): CodeIgniter\Database\MySQLi\Connection->connect(false)
#1 E:\beuas\backendUASmoba\system\Database\BaseConnection.php(614): CodeIgniter\Database\BaseConnection->initialize()
#2 E:\beuas\backendUASmoba\system\Database\BaseBuilder.php(1649): CodeIgniter\Database\BaseConnection->query('SELECT *\nFROM `...', Array, false)
#3 E:\beuas\backendUASmoba\system\Model.php(286): CodeIgniter\Database\BaseBuilder->get()
#4 E:\beuas\backendUASmoba\system\BaseModel.php(677): CodeIgniter\Model->doFindAll(0, 0)
#5 E:\beuas\backendUASmoba\app\Controllers\ResepController.php(18): CodeIgniter\BaseModel->findAll()
#6 E:\beuas\backendUASmoba\system\CodeIgniter.php(933): App\Controllers\ResepController->index()
#7 E:\beuas\backendUASmoba\system\CodeIgniter.php(507): CodeIgniter\CodeIgniter->runController(Object(App\Controllers\ResepController))
#8 E:\beuas\backendUASmoba\system\CodeIgniter.php(354): CodeIgniter\CodeIgniter->handleRequest(NULL, Object(Config\Cache), false)
#9 E:\beuas\backendUASmoba\system\Boot.php(363): CodeIgniter\CodeIgniter->run()
#10 E:\beuas\backendUASmoba\system\Boot.php(68): CodeIgniter\Boot::runCodeIgniter(Object(CodeIgniter\CodeIgniter))
#11 E:\beuas\backendUASmoba\public\index.php(59): CodeIgniter\Boot::bootWeb(Object(Config\Paths))
#12 E:\beuas\backendUASmoba\system\rewrite.php(44): require_once('E:\\beuas\\backen...')
#13 {main}
CRITICAL - 2025-12-04 12:27:17 --> CodeIgniter\Database\Exceptions\DatabaseException: Unable to connect to the database.
Main connection [MySQLi]: No connection could be made because the target machine actively refused it
[Method: GET, Route: resep]
in SYSTEMPATH\Database\BaseConnection.php on line 465.
 1 SYSTEMPATH\Database\BaseConnection.php(614): CodeIgniter\Database\BaseConnection->initialize()
 2 SYSTEMPATH\Database\BaseBuilder.php(1649): CodeIgniter\Database\BaseConnection->query('SELECT *
FROM `recipes`', [], false)
 3 SYSTEMPATH\Model.php(286): CodeIgniter\Database\BaseBuilder->get()
 4 SYSTEMPATH\BaseModel.php(677): CodeIgniter\Model->doFindAll(0, 0)
 5 APPPATH\Controllers\ResepController.php(18): CodeIgniter\BaseModel->findAll()
 6 SYSTEMPATH\CodeIgniter.php(933): App\Controllers\ResepController->index()
 7 SYSTEMPATH\CodeIgniter.php(507): CodeIgniter\CodeIgniter->runController(Object(App\Controllers\ResepController))
 8 SYSTEMPATH\CodeIgniter.php(354): CodeIgniter\CodeIgniter->handleRequest(null, Object(Config\Cache), false)
 9 SYSTEMPATH\Boot.php(363): CodeIgniter\CodeIgniter->run()
10 SYSTEMPATH\Boot.php(68): CodeIgniter\Boot::runCodeIgniter(Object(CodeIgniter\CodeIgniter))
11 FCPATH\index.php(59): CodeIgniter\Boot::bootWeb(Object(Config\Paths))
12 SYSTEMPATH\rewrite.php(44): require_once('E:\\beuas\\backendUASmoba\\public\\index.php')
ERROR - 2025-12-04 12:27:22 --> Error connecting to the database: mysqli_sql_exception: No connection could be made because the target machine actively refused it in E:\beuas\backendUASmoba\system\Database\MySQLi\Connection.php:201
Stack trace:
#0 E:\beuas\backendUASmoba\system\Database\MySQLi\Connection.php(201): mysqli->real_connect('127.0.0.1', 'root', Object(SensitiveParameterValue), 'uasmoba1', 3306, '', 0)
#1 E:\beuas\backendUASmoba\system\Database\BaseConnection.php(419): CodeIgniter\Database\MySQLi\Connection->connect(false)
#2 E:\beuas\backendUASmoba\system\Database\BaseConnection.php(614): CodeIgniter\Database\BaseConnection->initialize()
#3 E:\beuas\backendUASmoba\system\Database\BaseBuilder.php(1649): CodeIgniter\Database\BaseConnection->query('SELECT *\nFROM `...', Array, false)
#4 E:\beuas\backendUASmoba\system\Model.php(210): CodeIgniter\Database\BaseBuilder->get()
#5 E:\beuas\backendUASmoba\system\BaseModel.php(611): CodeIgniter\Model->doFind(true, 'user')
#6 E:\beuas\backendUASmoba\app\Controllers\ResepController.php(174): CodeIgniter\BaseModel->find('user')
#7 E:\beuas\backendUASmoba\system\CodeIgniter.php(933): App\Controllers\ResepController->show('user', '2')
#8 E:\beuas\backendUASmoba\system\CodeIgniter.php(507): CodeIgniter\CodeIgniter->runController(Object(App\Controllers\ResepController))
#9 E:\beuas\backendUASmoba\system\CodeIgniter.php(354): CodeIgniter\CodeIgniter->handleRequest(NULL, Object(Config\Cache), false)
#10 E:\beuas\backendUASmoba\system\Boot.php(363): CodeIgniter\CodeIgniter->run()
#11 E:\beuas\backendUASmoba\system\Boot.php(68): CodeIgniter\Boot::runCodeIgniter(Object(CodeIgniter\CodeIgniter))
#12 E:\beuas\backendUASmoba\public\index.php(59): CodeIgniter\Boot::bootWeb(Object(Config\Paths))
#13 E:\beuas\backendUASmoba\system\rewrite.php(44): require_once('E:\\beuas\\backen...')
#14 {main}

Next CodeIgniter\Database\Exceptions\DatabaseException: No connection could be made because the target machine actively refused it in E:\beuas\backendUASmoba\system\Database\MySQLi\Connection.php:246
Stack trace:
#0 E:\beuas\backendUASmoba\system\Database\BaseConnection.php(419): CodeIgniter\Database\MySQLi\Connection->connect(false)
#1 E:\beuas\backendUASmoba\system\Database\BaseConnection.php(614): CodeIgniter\Database\BaseConnection->initialize()
#2 E:\beuas\backendUASmoba\system\Database\BaseBuilder.php(1649): CodeIgniter\Database\BaseConnection->query('SELECT *\nFROM `...', Array, false)
#3 E:\beuas\backendUASmoba\system\Model.php(210): CodeIgniter\Database\BaseBuilder->get()
#4 E:\beuas\backendUASmoba\system\BaseModel.php(611): CodeIgniter\Model->doFind(true, 'user')
#5 E:\beuas\backendUASmoba\app\Controllers\ResepController.php(174): CodeIgniter\BaseModel->find('user')
#6 E:\beuas\backendUASmoba\system\CodeIgniter.php(933): App\Controllers\ResepController->show('user', '2')
#7 E:\beuas\backendUASmoba\system\CodeIgniter.php(507): CodeIgniter\CodeIgniter->runController(Object(App\Controllers\ResepController))
#8 E:\beuas\backendUASmoba\system\CodeIgniter.php(354): CodeIgniter\CodeIgniter->handleRequest(NULL, Object(Config\Cache), false)
#9 E:\beuas\backendUASmoba\system\Boot.php(363): CodeIgniter\CodeIgniter->run()
#10 E:\beuas\backendUASmoba\system\Boot.php(68): CodeIgniter\Boot::runCodeIgniter(Object(CodeIgniter\CodeIgniter))
#11 E:\beuas\backendUASmoba\public\index.php(59): CodeIgniter\Boot::bootWeb(Object(Config\Paths))
#12 E:\beuas\backendUASmoba\system\rewrite.php(44): require_once('E:\\beuas\\backen...')
#13 {main}
CRITICAL - 2025-12-04 12:27:22 --> CodeIgniter\Database\Exceptions\DatabaseException: Unable to connect to the database.
Main connection [MySQLi]: No connection could be made because the target machine actively refused it
[Method: GET, Route: resep/user/2]
in SYSTEMPATH\Database\BaseConnection.php on line 465.
 1 SYSTEMPATH\Database\BaseConnection.php(614): CodeIgniter\Database\BaseConnection->initialize()
 2 SYSTEMPATH\Database\BaseBuilder.php(1649): CodeIgniter\Database\BaseConnection->query('SELECT *
FROM `recipes`
WHERE `recipes`.`id` = :recipes.id:', [...], false)
 3 SYSTEMPATH\Model.php(210): CodeIgniter\Database\BaseBuilder->get()
 4 SYSTEMPATH\BaseModel.php(611): CodeIgniter\Model->doFind(true, 'user')
 5 APPPATH\Controllers\ResepController.php(174): CodeIgniter\BaseModel->find('user')
 6 SYSTEMPATH\CodeIgniter.php(933): App\Controllers\ResepController->show('user', '2')
 7 SYSTEMPATH\CodeIgniter.php(507): CodeIgniter\CodeIgniter->runController(Object(App\Controllers\ResepController))
 8 SYSTEMPATH\CodeIgniter.php(354): CodeIgniter\CodeIgniter->handleRequest(null, Object(Config\Cache), false)
 9 SYSTEMPATH\Boot.php(363): CodeIgniter\CodeIgniter->run()
10 SYSTEMPATH\Boot.php(68): CodeIgniter\Boot::runCodeIgniter(Object(CodeIgniter\CodeIgniter))
11 FCPATH\index.php(59): CodeIgniter\Boot::bootWeb(Object(Config\Paths))
12 SYSTEMPATH\rewrite.php(44): require_once('E:\\beuas\\backendUASmoba\\public\\index.php')
ERROR - 2025-12-04 12:27:26 --> Error connecting to the database: mysqli_sql_exception: No connection could be made because the target machine actively refused it in E:\beuas\backendUASmoba\system\Database\MySQLi\Connection.php:201
Stack trace:
#0 E:\beuas\backendUASmoba\system\Database\MySQLi\Connection.php(201): mysqli->real_connect('127.0.0.1', 'root', Object(SensitiveParameterValue), 'uasmoba1', 3306, '', 0)
#1 E:\beuas\backendUASmoba\system\Database\BaseConnection.php(419): CodeIgniter\Database\MySQLi\Connection->connect(false)
#2 E:\beuas\backendUASmoba\system\Database\BaseConnection.php(614): CodeIgniter\Database\BaseConnection->initialize()
#3 E:\beuas\backendUASmoba\system\Database\BaseBuilder.php(1649): CodeIgniter\Database\BaseConnection->query('SELECT *\nFROM `...', Array, false)
#4 E:\beuas\backendUASmoba\system\Model.php(210): CodeIgniter\Database\BaseBuilder->get()
#5 E:\beuas\backendUASmoba\system\BaseModel.php(611): CodeIgniter\Model->doFind(true, 'user')
#6 E:\beuas\backendUASmoba\app\Controllers\ResepController.php(174): CodeIgniter\BaseModel->find('user')
#7 E:\beuas\backendUASmoba\system\CodeIgniter.php(933): App\Controllers\ResepController->show('user', '2')
#8 E:\beuas\backendUASmoba\system\CodeIgniter.php(507): CodeIgniter\CodeIgniter->runController(Object(App\Controllers\ResepController))
#9 E:\beuas\backendUASmoba\system\CodeIgniter.php(354): CodeIgniter\CodeIgniter->handleRequest(NULL, Object(Config\Cache), false)
#10 E:\beuas\backendUASmoba\system\Boot.php(363): CodeIgniter\CodeIgniter->run()
#11 E:\beuas\backendUASmoba\system\Boot.php(68): CodeIgniter\Boot::runCodeIgniter(Object(CodeIgniter\CodeIgniter))
#12 E:\beuas\backendUASmoba\public\index.php(59): CodeIgniter\Boot::bootWeb(Object(Config\Paths))
#13 E:\beuas\backendUASmoba\system\rewrite.php(44): require_once('E:\\beuas\\backen...')
#14 {main}

Next CodeIgniter\Database\Exceptions\DatabaseException: No connection could be made because the target machine actively refused it in E:\beuas\backendUASmoba\system\Database\MySQLi\Connection.php:246
Stack trace:
#0 E:\beuas\backendUASmoba\system\Database\BaseConnection.php(419): CodeIgniter\Database\MySQLi\Connection->connect(false)
#1 E:\beuas\backendUASmoba\system\Database\BaseConnection.php(614): CodeIgniter\Database\BaseConnection->initialize()
#2 E:\beuas\backendUASmoba\system\Database\BaseBuilder.php(1649): CodeIgniter\Database\BaseConnection->query('SELECT *\nFROM `...', Array, false)
#3 E:\beuas\backendUASmoba\system\Model.php(210): CodeIgniter\Database\BaseBuilder->get()
#4 E:\beuas\backendUASmoba\system\BaseModel.php(611): CodeIgniter\Model->doFind(true, 'user')
#5 E:\beuas\backendUASmoba\app\Controllers\ResepController.php(174): CodeIgniter\BaseModel->find('user')
#6 E:\beuas\backendUASmoba\system\CodeIgniter.php(933): App\Controllers\ResepController->show('user', '2')
#7 E:\beuas\backendUASmoba\system\CodeIgniter.php(507): CodeIgniter\CodeIgniter->runController(Object(App\Controllers\ResepController))
#8 E:\beuas\backendUASmoba\system\CodeIgniter.php(354): CodeIgniter\CodeIgniter->handleRequest(NULL, Object(Config\Cache), false)
#9 E:\beuas\backendUASmoba\system\Boot.php(363): CodeIgniter\CodeIgniter->run()
#10 E:\beuas\backendUASmoba\system\Boot.php(68): CodeIgniter\Boot::runCodeIgniter(Object(CodeIgniter\CodeIgniter))
#11 E:\beuas\backendUASmoba\public\index.php(59): CodeIgniter\Boot::bootWeb(Object(Config\Paths))
#12 E:\beuas\backendUASmoba\system\rewrite.php(44): require_once('E:\\beuas\\backen...')
#13 {main}
CRITICAL - 2025-12-04 12:27:26 --> CodeIgniter\Database\Exceptions\DatabaseException: Unable to connect to the database.
Main connection [MySQLi]: No connection could be made because the target machine actively refused it
[Method: GET, Route: resep/user/2]
in SYSTEMPATH\Database\BaseConnection.php on line 465.
 1 SYSTEMPATH\Database\BaseConnection.php(614): CodeIgniter\Database\BaseConnection->initialize()
 2 SYSTEMPATH\Database\BaseBuilder.php(1649): CodeIgniter\Database\BaseConnection->query('SELECT *
FROM `recipes`
WHERE `recipes`.`id` = :recipes.id:', [...], false)
 3 SYSTEMPATH\Model.php(210): CodeIgniter\Database\BaseBuilder->get()
 4 SYSTEMPATH\BaseModel.php(611): CodeIgniter\Model->doFind(true, 'user')
 5 APPPATH\Controllers\ResepController.php(174): CodeIgniter\BaseModel->find('user')
 6 SYSTEMPATH\CodeIgniter.php(933): App\Controllers\ResepController->show('user', '2')
 7 SYSTEMPATH\CodeIgniter.php(507): CodeIgniter\CodeIgniter->runController(Object(App\Controllers\ResepController))
 8 SYSTEMPATH\CodeIgniter.php(354): CodeIgniter\CodeIgniter->handleRequest(null, Object(Config\Cache), false)
 9 SYSTEMPATH\Boot.php(363): CodeIgniter\CodeIgniter->run()
10 SYSTEMPATH\Boot.php(68): CodeIgniter\Boot::runCodeIgniter(Object(CodeIgniter\CodeIgniter))
11 FCPATH\index.php(59): CodeIgniter\Boot::bootWeb(Object(Config\Paths))
12 SYSTEMPATH\rewrite.php(44): require_once('E:\\beuas\\backendUASmoba\\public\\index.php')
ERROR - 2025-12-04 12:29:38 --> Error connecting to the database: mysqli_sql_exception: No connection could be made because the target machine actively refused it in E:\beuas\backendUASmoba\system\Database\MySQLi\Connection.php:201
Stack trace:
#0 E:\beuas\backendUASmoba\system\Database\MySQLi\Connection.php(201): mysqli->real_connect('127.0.0.1', 'root', Object(SensitiveParameterValue), 'uasmoba1', 3306, '', 0)
#1 E:\beuas\backendUASmoba\system\Database\BaseConnection.php(419): CodeIgniter\Database\MySQLi\Connection->connect(false)
#2 E:\beuas\backendUASmoba\system\Database\BaseConnection.php(614): CodeIgniter\Database\BaseConnection->initialize()
#3 E:\beuas\backendUASmoba\system\Database\BaseBuilder.php(1649): CodeIgniter\Database\BaseConnection->query('SELECT *\nFROM `...', Array, false)
#4 E:\beuas\backendUASmoba\system\Model.php(210): CodeIgniter\Database\BaseBuilder->get()
#5 E:\beuas\backendUASmoba\system\BaseModel.php(611): CodeIgniter\Model->doFind(true, 'terbaru')
#6 E:\beuas\backendUASmoba\app\Controllers\ResepController.php(174): CodeIgniter\BaseModel->find('terbaru')
#7 E:\beuas\backendUASmoba\system\CodeIgniter.php(933): App\Controllers\ResepController->show('terbaru')
#8 E:\beuas\backendUASmoba\system\CodeIgniter.php(507): CodeIgniter\CodeIgniter->runController(Object(App\Controllers\ResepController))
#9 E:\beuas\backendUASmoba\system\CodeIgniter.php(354): CodeIgniter\CodeIgniter->handleRequest(NULL, Object(Config\Cache), false)
#10 E:\beuas\backendUASmoba\system\Boot.php(363): CodeIgniter\CodeIgniter->run()
#11 E:\beuas\backendUASmoba\system\Boot.php(68): CodeIgniter\Boot::runCodeIgniter(Object(CodeIgniter\CodeIgniter))
#12 E:\beuas\backendUASmoba\public\index.php(59): CodeIgniter\Boot::bootWeb(Object(Config\Paths))
#13 E:\beuas\backendUASmoba\system\rewrite.php(44): require_once('E:\\beuas\\backen...')
#14 {main}

Next CodeIgniter\Database\Exceptions\DatabaseException: No connection could be made because the target machine actively refused it in E:\beuas\backendUASmoba\system\Database\MySQLi\Connection.php:246
Stack trace:
#0 E:\beuas\backendUASmoba\system\Database\BaseConnection.php(419): CodeIgniter\Database\MySQLi\Connection->connect(false)
#1 E:\beuas\backendUASmoba\system\Database\BaseConnection.php(614): CodeIgniter\Database\BaseConnection->initialize()
#2 E:\beuas\backendUASmoba\system\Database\BaseBuilder.php(1649): CodeIgniter\Database\BaseConnection->query('SELECT *\nFROM `...', Array, false)
#3 E:\beuas\backendUASmoba\system\Model.php(210): CodeIgniter\Database\BaseBuilder->get()
#4 E:\beuas\backendUASmoba\system\BaseModel.php(611): CodeIgniter\Model->doFind(true, 'terbaru')
#5 E:\beuas\backendUASmoba\app\Controllers\ResepController.php(174): CodeIgniter\BaseModel->find('terbaru')
#6 E:\beuas\backendUASmoba\system\CodeIgniter.php(933): App\Controllers\ResepController->show('terbaru')
#7 E:\beuas\backendUASmoba\system\CodeIgniter.php(507): CodeIgniter\CodeIgniter->runController(Object(App\Controllers\ResepController))
#8 E:\beuas\backendUASmoba\system\CodeIgniter.php(354): CodeIgniter\CodeIgniter->handleRequest(NULL, Object(Config\Cache), false)
#9 E:\beuas\backendUASmoba\system\Boot.php(363): CodeIgniter\CodeIgniter->run()
#10 E:\beuas\backendUASmoba\system\Boot.php(68): CodeIgniter\Boot::runCodeIgniter(Object(CodeIgniter\CodeIgniter))
#11 E:\beuas\backendUASmoba\public\index.php(59): CodeIgniter\Boot::bootWeb(Object(Config\Paths))
#12 E:\beuas\backendUASmoba\system\rewrite.php(44): require_once('E:\\beuas\\backen...')
#13 {main}
CRITICAL - 2025-12-04 12:29:38 --> CodeIgniter\Database\Exceptions\DatabaseException: Unable to connect to the database.
Main connection [MySQLi]: No connection could be made because the target machine actively refused it
[Method: GET, Route: resep/terbaru]
in SYSTEMPATH\Database\BaseConnection.php on line 465.
 1 SYSTEMPATH\Database\BaseConnection.php(614): CodeIgniter\Database\BaseConnection->initialize()
 2 SYSTEMPATH\Database\BaseBuilder.php(1649): CodeIgniter\Database\BaseConnection->query('SELECT *
FROM `recipes`
WHERE `recipes`.`id` = :recipes.id:', [...], false)
 3 SYSTEMPATH\Model.php(210): CodeIgniter\Database\BaseBuilder->get()
 4 SYSTEMPATH\BaseModel.php(611): CodeIgniter\Model->doFind(true, 'terbaru')
 5 APPPATH\Controllers\ResepController.php(174): CodeIgniter\BaseModel->find('terbaru')
 6 SYSTEMPATH\CodeIgniter.php(933): App\Controllers\ResepController->show('terbaru')
 7 SYSTEMPATH\CodeIgniter.php(507): CodeIgniter\CodeIgniter->runController(Object(App\Controllers\ResepController))
 8 SYSTEMPATH\CodeIgniter.php(354): CodeIgniter\CodeIgniter->handleRequest(null, Object(Config\Cache), false)
 9 SYSTEMPATH\Boot.php(363): CodeIgniter\CodeIgniter->run()
10 SYSTEMPATH\Boot.php(68): CodeIgniter\Boot::runCodeIgniter(Object(CodeIgniter\CodeIgniter))
11 FCPATH\index.php(59): CodeIgniter\Boot::bootWeb(Object(Config\Paths))
12 SYSTEMPATH\rewrite.php(44): require_once('E:\\beuas\\backendUASmoba\\public\\index.php')
CRITICAL - 2025-12-04 12:47:37 --> CodeIgniter\Database\Exceptions\DataException: There is no data to update.
[Method: PUT, Route: resep/5]
in SYSTEMPATH\BaseModel.php on line 1008.
 1 SYSTEMPATH\BaseModel.php(1008): CodeIgniter\Database\Exceptions\DataException::forEmptyDataset('update')
 2 SYSTEMPATH\Model.php(860): CodeIgniter\BaseModel->update([...], [])
 3 APPPATH\Controllers\ResepController.php(91): CodeIgniter\Model->update('5', [...])
 4 SYSTEMPATH\CodeIgniter.php(933): App\Controllers\ResepController->update('5')
 5 SYSTEMPATH\CodeIgniter.php(507): CodeIgniter\CodeIgniter->runController(Object(App\Controllers\ResepController))
 6 SYSTEMPATH\CodeIgniter.php(354): CodeIgniter\CodeIgniter->handleRequest(null, Object(Config\Cache), false)
 7 SYSTEMPATH\Boot.php(363): CodeIgniter\CodeIgniter->run()
 8 SYSTEMPATH\Boot.php(68): CodeIgniter\Boot::runCodeIgniter(Object(CodeIgniter\CodeIgniter))
 9 FCPATH\index.php(59): CodeIgniter\Boot::bootWeb(Object(Config\Paths))
10 SYSTEMPATH\rewrite.php(44): require_once('E:\\beuas\\backendUASmoba\\public\\index.php')
CRITICAL - 2025-12-04 12:53:58 --> CodeIgniter\Database\Exceptions\DataException: There is no data to update.
[Method: PUT, Route: resep/5]
in SYSTEMPATH\BaseModel.php on line 1008.
 1 SYSTEMPATH\BaseModel.php(1008): CodeIgniter\Database\Exceptions\DataException::forEmptyDataset('update')
 2 SYSTEMPATH\Model.php(860): CodeIgniter\BaseModel->update([...], [])
 3 APPPATH\Controllers\ResepController.php(91): CodeIgniter\Model->update('5', [...])
 4 SYSTEMPATH\CodeIgniter.php(933): App\Controllers\ResepController->update('5')
 5 SYSTEMPATH\CodeIgniter.php(507): CodeIgniter\CodeIgniter->runController(Object(App\Controllers\ResepController))
 6 SYSTEMPATH\CodeIgniter.php(354): CodeIgniter\CodeIgniter->handleRequest(null, Object(Config\Cache), false)
 7 SYSTEMPATH\Boot.php(363): CodeIgniter\CodeIgniter->run()
 8 SYSTEMPATH\Boot.php(68): CodeIgniter\Boot::runCodeIgniter(Object(CodeIgniter\CodeIgniter))
 9 FCPATH\index.php(59): CodeIgniter\Boot::bootWeb(Object(Config\Paths))
10 SYSTEMPATH\rewrite.php(44): require_once('E:\\beuas\\backendUASmoba\\public\\index.php')
CRITICAL - 2025-12-04 12:54:22 --> CodeIgniter\Database\Exceptions\DataException: There is no data to update.
[Method: PUT, Route: resep/7]
in SYSTEMPATH\BaseModel.php on line 1008.
 1 SYSTEMPATH\BaseModel.php(1008): CodeIgniter\Database\Exceptions\DataException::forEmptyDataset('update')
 2 SYSTEMPATH\Model.php(860): CodeIgniter\BaseModel->update([...], [])
 3 APPPATH\Controllers\ResepController.php(91): CodeIgniter\Model->update('7', [...])
 4 SYSTEMPATH\CodeIgniter.php(933): App\Controllers\ResepController->update('7')
 5 SYSTEMPATH\CodeIgniter.php(507): CodeIgniter\CodeIgniter->runController(Object(App\Controllers\ResepController))
 6 SYSTEMPATH\CodeIgniter.php(354): CodeIgniter\CodeIgniter->handleRequest(null, Object(Config\Cache), false)
 7 SYSTEMPATH\Boot.php(363): CodeIgniter\CodeIgniter->run()
 8 SYSTEMPATH\Boot.php(68): CodeIgniter\Boot::runCodeIgniter(Object(CodeIgniter\CodeIgniter))
 9 FCPATH\index.php(59): CodeIgniter\Boot::bootWeb(Object(Config\Paths))
10 SYSTEMPATH\rewrite.php(44): require_once('E:\\beuas\\backendUASmoba\\public\\index.php')
CRITICAL - 2025-12-04 12:59:13 --> CodeIgniter\Database\Exceptions\DataException: There is no data to update.
[Method: PUT, Route: resep/7]
in SYSTEMPATH\BaseModel.php on line 1008.
 1 SYSTEMPATH\BaseModel.php(1008): CodeIgniter\Database\Exceptions\DataException::forEmptyDataset('update')
 2 SYSTEMPATH\Model.php(860): CodeIgniter\BaseModel->update([...], [])
 3 APPPATH\Controllers\ResepController.php(91): CodeIgniter\Model->update('7', [...])
 4 SYSTEMPATH\CodeIgniter.php(933): App\Controllers\ResepController->update('7')
 5 SYSTEMPATH\CodeIgniter.php(507): CodeIgniter\CodeIgniter->runController(Object(App\Controllers\ResepController))
 6 SYSTEMPATH\CodeIgniter.php(354): CodeIgniter\CodeIgniter->handleRequest(null, Object(Config\Cache), false)
 7 SYSTEMPATH\Boot.php(363): CodeIgniter\CodeIgniter->run()
 8 SYSTEMPATH\Boot.php(68): CodeIgniter\Boot::runCodeIgniter(Object(CodeIgniter\CodeIgniter))
 9 FCPATH\index.php(59): CodeIgniter\Boot::bootWeb(Object(Config\Paths))
10 SYSTEMPATH\rewrite.php(44): require_once('E:\\beuas\\backendUASmoba\\public\\index.php')
CRITICAL - 2025-12-04 12:59:28 --> CodeIgniter\Database\Exceptions\DataException: There is no data to update.
[Method: PUT, Route: resep/7]
in SYSTEMPATH\BaseModel.php on line 1008.
 1 SYSTEMPATH\BaseModel.php(1008): CodeIgniter\Database\Exceptions\DataException::forEmptyDataset('update')
 2 SYSTEMPATH\Model.php(860): CodeIgniter\BaseModel->update([...], [])
 3 APPPATH\Controllers\ResepController.php(91): CodeIgniter\Model->update('7', [...])
 4 SYSTEMPATH\CodeIgniter.php(933): App\Controllers\ResepController->update('7')
 5 SYSTEMPATH\CodeIgniter.php(507): CodeIgniter\CodeIgniter->runController(Object(App\Controllers\ResepController))
 6 SYSTEMPATH\CodeIgniter.php(354): CodeIgniter\CodeIgniter->handleRequest(null, Object(Config\Cache), false)
 7 SYSTEMPATH\Boot.php(363): CodeIgniter\CodeIgniter->run()
 8 SYSTEMPATH\Boot.php(68): CodeIgniter\Boot::runCodeIgniter(Object(CodeIgniter\CodeIgniter))
 9 FCPATH\index.php(59): CodeIgniter\Boot::bootWeb(Object(Config\Paths))
10 SYSTEMPATH\rewrite.php(44): require_once('E:\\beuas\\backendUASmoba\\public\\index.php')
CRITICAL - 2025-12-04 13:05:40 --> CodeIgniter\Database\Exceptions\DataException: There is no data to update.
[Method: PUT, Route: resep/10]
in SYSTEMPATH\BaseModel.php on line 1008.
 1 SYSTEMPATH\BaseModel.php(1008): CodeIgniter\Database\Exceptions\DataException::forEmptyDataset('update')
 2 SYSTEMPATH\Model.php(860): CodeIgniter\BaseModel->update([...], [])
 3 APPPATH\Controllers\ResepController.php(91): CodeIgniter\Model->update('10', [...])
 4 SYSTEMPATH\CodeIgniter.php(933): App\Controllers\ResepController->update('10')
 5 SYSTEMPATH\CodeIgniter.php(507): CodeIgniter\CodeIgniter->runController(Object(App\Controllers\ResepController))
 6 SYSTEMPATH\CodeIgniter.php(354): CodeIgniter\CodeIgniter->handleRequest(null, Object(Config\Cache), false)
 7 SYSTEMPATH\Boot.php(363): CodeIgniter\CodeIgniter->run()
 8 SYSTEMPATH\Boot.php(68): CodeIgniter\Boot::runCodeIgniter(Object(CodeIgniter\CodeIgniter))
 9 FCPATH\index.php(59): CodeIgniter\Boot::bootWeb(Object(Config\Paths))
10 SYSTEMPATH\rewrite.php(44): require_once('E:\\beuas\\backendUASmoba\\public\\index.php')
CRITICAL - 2025-12-04 13:09:40 --> CodeIgniter\Database\Exceptions\DataException: There is no data to update.
[Method: PUT, Route: resep/10]
in SYSTEMPATH\BaseModel.php on line 1008.
 1 SYSTEMPATH\BaseModel.php(1008): CodeIgniter\Database\Exceptions\DataException::forEmptyDataset('update')
 2 SYSTEMPATH\Model.php(860): CodeIgniter\BaseModel->update([...], [])
 3 APPPATH\Controllers\ResepController.php(91): CodeIgniter\Model->update('10', [...])
 4 SYSTEMPATH\CodeIgniter.php(933): App\Controllers\ResepController->update('10')
 5 SYSTEMPATH\CodeIgniter.php(507): CodeIgniter\CodeIgniter->runController(Object(App\Controllers\ResepController))
 6 SYSTEMPATH\CodeIgniter.php(354): CodeIgniter\CodeIgniter->handleRequest(null, Object(Config\Cache), false)
 7 SYSTEMPATH\Boot.php(363): CodeIgniter\CodeIgniter->run()
 8 SYSTEMPATH\Boot.php(68): CodeIgniter\Boot::runCodeIgniter(Object(CodeIgniter\CodeIgniter))
 9 FCPATH\index.php(59): CodeIgniter\Boot::bootWeb(Object(Config\Paths))
10 SYSTEMPATH\rewrite.php(44): require_once('E:\\beuas\\backendUASmoba\\public\\index.php')
CRITICAL - 2025-12-04 13:19:54 --> CodeIgniter\Database\Exceptions\DataException: There is no data to update.
[Method: PUT, Route: resep/9]
in SYSTEMPATH\BaseModel.php on line 1008.
 1 SYSTEMPATH\BaseModel.php(1008): CodeIgniter\Database\Exceptions\DataException::forEmptyDataset('update')
 2 SYSTEMPATH\Model.php(860): CodeIgniter\BaseModel->update([...], [])
 3 APPPATH\Controllers\ResepController.php(91): CodeIgniter\Model->update('9', [...])
 4 SYSTEMPATH\CodeIgniter.php(933): App\Controllers\ResepController->update('9')
 5 SYSTEMPATH\CodeIgniter.php(507): CodeIgniter\CodeIgniter->runController(Object(App\Controllers\ResepController))
 6 SYSTEMPATH\CodeIgniter.php(354): CodeIgniter\CodeIgniter->handleRequest(null, Object(Config\Cache), false)
 7 SYSTEMPATH\Boot.php(363): CodeIgniter\CodeIgniter->run()
 8 SYSTEMPATH\Boot.php(68): CodeIgniter\Boot::runCodeIgniter(Object(CodeIgniter\CodeIgniter))
 9 FCPATH\index.php(59): CodeIgniter\Boot::bootWeb(Object(Config\Paths))
10 SYSTEMPATH\rewrite.php(44): require_once('E:\\beuas\\backendUASmoba\\public\\index.php')
CRITICAL - 2025-12-04 13:29:15 --> CodeIgniter\Database\Exceptions\DataException: There is no data to update.
[Method: PUT, Route: resep/12]
in SYSTEMPATH\BaseModel.php on line 1008.
 1 SYSTEMPATH\BaseModel.php(1008): CodeIgniter\Database\Exceptions\DataException::forEmptyDataset('update')
 2 SYSTEMPATH\Model.php(860): CodeIgniter\BaseModel->update([...], [])
 3 APPPATH\Controllers\ResepController.php(91): CodeIgniter\Model->update('12', [...])
 4 SYSTEMPATH\CodeIgniter.php(933): App\Controllers\ResepController->update('12')
 5 SYSTEMPATH\CodeIgniter.php(507): CodeIgniter\CodeIgniter->runController(Object(App\Controllers\ResepController))
 6 SYSTEMPATH\CodeIgniter.php(354): CodeIgniter\CodeIgniter->handleRequest(null, Object(Config\Cache), false)
 7 SYSTEMPATH\Boot.php(363): CodeIgniter\CodeIgniter->run()
 8 SYSTEMPATH\Boot.php(68): CodeIgniter\Boot::runCodeIgniter(Object(CodeIgniter\CodeIgniter))
 9 FCPATH\index.php(59): CodeIgniter\Boot::bootWeb(Object(Config\Paths))
10 SYSTEMPATH\rewrite.php(44): require_once('E:\\beuas\\backendUASmoba\\public\\index.php')
CRITICAL - 2025-12-04 13:30:14 --> CodeIgniter\Database\Exceptions\DataException: There is no data to update.
[Method: PUT, Route: resep/12]
in SYSTEMPATH\BaseModel.php on line 1008.
 1 SYSTEMPATH\BaseModel.php(1008): CodeIgniter\Database\Exceptions\DataException::forEmptyDataset('update')
 2 SYSTEMPATH\Model.php(860): CodeIgniter\BaseModel->update([...], [])
 3 APPPATH\Controllers\ResepController.php(91): CodeIgniter\Model->update('12', [...])
 4 SYSTEMPATH\CodeIgniter.php(933): App\Controllers\ResepController->update('12')
 5 SYSTEMPATH\CodeIgniter.php(507): CodeIgniter\CodeIgniter->runController(Object(App\Controllers\ResepController))
 6 SYSTEMPATH\CodeIgniter.php(354): CodeIgniter\CodeIgniter->handleRequest(null, Object(Config\Cache), false)
 7 SYSTEMPATH\Boot.php(363): CodeIgniter\CodeIgniter->run()
 8 SYSTEMPATH\Boot.php(68): CodeIgniter\Boot::runCodeIgniter(Object(CodeIgniter\CodeIgniter))
 9 FCPATH\index.php(59): CodeIgniter\Boot::bootWeb(Object(Config\Paths))
10 SYSTEMPATH\rewrite.php(44): require_once('E:\\beuas\\backendUASmoba\\public\\index.php')
CRITICAL - 2025-12-04 13:31:05 --> CodeIgniter\Database\Exceptions\DataException: There is no data to update.
[Method: PUT, Route: resep/12]
in SYSTEMPATH\BaseModel.php on line 1008.
 1 SYSTEMPATH\BaseModel.php(1008): CodeIgniter\Database\Exceptions\DataException::forEmptyDataset('update')
 2 SYSTEMPATH\Model.php(860): CodeIgniter\BaseModel->update([...], [])
 3 APPPATH\Controllers\ResepController.php(91): CodeIgniter\Model->update('12', [...])
 4 SYSTEMPATH\CodeIgniter.php(933): App\Controllers\ResepController->update('12')
 5 SYSTEMPATH\CodeIgniter.php(507): CodeIgniter\CodeIgniter->runController(Object(App\Controllers\ResepController))
 6 SYSTEMPATH\CodeIgniter.php(354): CodeIgniter\CodeIgniter->handleRequest(null, Object(Config\Cache), false)
 7 SYSTEMPATH\Boot.php(363): CodeIgniter\CodeIgniter->run()
 8 SYSTEMPATH\Boot.php(68): CodeIgniter\Boot::runCodeIgniter(Object(CodeIgniter\CodeIgniter))
 9 FCPATH\index.php(59): CodeIgniter\Boot::bootWeb(Object(Config\Paths))
10 SYSTEMPATH\rewrite.php(44): require_once('E:\\beuas\\backendUASmoba\\public\\index.php')
CRITICAL - 2025-12-04 13:38:39 --> CodeIgniter\Database\Exceptions\DataException: There is no data to update.
[Method: PUT, Route: resep/12]
in SYSTEMPATH\BaseModel.php on line 1008.
 1 SYSTEMPATH\BaseModel.php(1008): CodeIgniter\Database\Exceptions\DataException::forEmptyDataset('update')
 2 SYSTEMPATH\Model.php(860): CodeIgniter\BaseModel->update([...], [])
 3 APPPATH\Controllers\ResepController.php(91): CodeIgniter\Model->update('12', [...])
 4 SYSTEMPATH\CodeIgniter.php(933): App\Controllers\ResepController->update('12')
 5 SYSTEMPATH\CodeIgniter.php(507): CodeIgniter\CodeIgniter->runController(Object(App\Controllers\ResepController))
 6 SYSTEMPATH\CodeIgniter.php(354): CodeIgniter\CodeIgniter->handleRequest(null, Object(Config\Cache), false)
 7 SYSTEMPATH\Boot.php(363): CodeIgniter\CodeIgniter->run()
 8 SYSTEMPATH\Boot.php(68): CodeIgniter\Boot::runCodeIgniter(Object(CodeIgniter\CodeIgniter))
 9 FCPATH\index.php(59): CodeIgniter\Boot::bootWeb(Object(Config\Paths))
10 SYSTEMPATH\rewrite.php(44): require_once('E:\\beuas\\backendUASmoba\\public\\index.php')
CRITICAL - 2025-12-04 13:38:45 --> CodeIgniter\Database\Exceptions\DataException: There is no data to update.
[Method: PUT, Route: resep/12]
in SYSTEMPATH\BaseModel.php on line 1008.
 1 SYSTEMPATH\BaseModel.php(1008): CodeIgniter\Database\Exceptions\DataException::forEmptyDataset('update')
 2 SYSTEMPATH\Model.php(860): CodeIgniter\BaseModel->update([...], [])
 3 APPPATH\Controllers\ResepController.php(91): CodeIgniter\Model->update('12', [...])
 4 SYSTEMPATH\CodeIgniter.php(933): App\Controllers\ResepController->update('12')
 5 SYSTEMPATH\CodeIgniter.php(507): CodeIgniter\CodeIgniter->runController(Object(App\Controllers\ResepController))
 6 SYSTEMPATH\CodeIgniter.php(354): CodeIgniter\CodeIgniter->handleRequest(null, Object(Config\Cache), false)
 7 SYSTEMPATH\Boot.php(363): CodeIgniter\CodeIgniter->run()
 8 SYSTEMPATH\Boot.php(68): CodeIgniter\Boot::runCodeIgniter(Object(CodeIgniter\CodeIgniter))
 9 FCPATH\index.php(59): CodeIgniter\Boot::bootWeb(Object(Config\Paths))
10 SYSTEMPATH\rewrite.php(44): require_once('E:\\beuas\\backendUASmoba\\public\\index.php')
CRITICAL - 2025-12-04 13:38:51 --> CodeIgniter\Database\Exceptions\DataException: There is no data to update.
[Method: PUT, Route: resep/12]
in SYSTEMPATH\BaseModel.php on line 1008.
 1 SYSTEMPATH\BaseModel.php(1008): CodeIgniter\Database\Exceptions\DataException::forEmptyDataset('update')
 2 SYSTEMPATH\Model.php(860): CodeIgniter\BaseModel->update([...], [])
 3 APPPATH\Controllers\ResepController.php(91): CodeIgniter\Model->update('12', [...])
 4 SYSTEMPATH\CodeIgniter.php(933): App\Controllers\ResepController->update('12')
 5 SYSTEMPATH\CodeIgniter.php(507): CodeIgniter\CodeIgniter->runController(Object(App\Controllers\ResepController))
 6 SYSTEMPATH\CodeIgniter.php(354): CodeIgniter\CodeIgniter->handleRequest(null, Object(Config\Cache), false)
 7 SYSTEMPATH\Boot.php(363): CodeIgniter\CodeIgniter->run()
 8 SYSTEMPATH\Boot.php(68): CodeIgniter\Boot::runCodeIgniter(Object(CodeIgniter\CodeIgniter))
 9 FCPATH\index.php(59): CodeIgniter\Boot::bootWeb(Object(Config\Paths))
10 SYSTEMPATH\rewrite.php(44): require_once('E:\\beuas\\backendUASmoba\\public\\index.php')
CRITICAL - 2025-12-04 13:38:57 --> CodeIgniter\Database\Exceptions\DataException: There is no data to update.
[Method: PUT, Route: resep/12]
in SYSTEMPATH\BaseModel.php on line 1008.
 1 SYSTEMPATH\BaseModel.php(1008): CodeIgniter\Database\Exceptions\DataException::forEmptyDataset('update')
 2 SYSTEMPATH\Model.php(860): CodeIgniter\BaseModel->update([...], [])
 3 APPPATH\Controllers\ResepController.php(91): CodeIgniter\Model->update('12', [...])
 4 SYSTEMPATH\CodeIgniter.php(933): App\Controllers\ResepController->update('12')
 5 SYSTEMPATH\CodeIgniter.php(507): CodeIgniter\CodeIgniter->runController(Object(App\Controllers\ResepController))
 6 SYSTEMPATH\CodeIgniter.php(354): CodeIgniter\CodeIgniter->handleRequest(null, Object(Config\Cache), false)
 7 SYSTEMPATH\Boot.php(363): CodeIgniter\CodeIgniter->run()
 8 SYSTEMPATH\Boot.php(68): CodeIgniter\Boot::runCodeIgniter(Object(CodeIgniter\CodeIgniter))
 9 FCPATH\index.php(59): CodeIgniter\Boot::bootWeb(Object(Config\Paths))
10 SYSTEMPATH\rewrite.php(44): require_once('E:\\beuas\\backendUASmoba\\public\\index.php')
CRITICAL - 2025-12-04 13:42:48 --> CodeIgniter\Database\Exceptions\DataException: There is no data to update.
[Method: PUT, Route: resep/9]
in SYSTEMPATH\BaseModel.php on line 1008.
 1 SYSTEMPATH\BaseModel.php(1008): CodeIgniter\Database\Exceptions\DataException::forEmptyDataset('update')
 2 SYSTEMPATH\Model.php(860): CodeIgniter\BaseModel->update([...], [])
 3 APPPATH\Controllers\ResepController.php(91): CodeIgniter\Model->update('9', [...])
 4 SYSTEMPATH\CodeIgniter.php(933): App\Controllers\ResepController->update('9')
 5 SYSTEMPATH\CodeIgniter.php(507): CodeIgniter\CodeIgniter->runController(Object(App\Controllers\ResepController))
 6 SYSTEMPATH\CodeIgniter.php(354): CodeIgniter\CodeIgniter->handleRequest(null, Object(Config\Cache), false)
 7 SYSTEMPATH\Boot.php(363): CodeIgniter\CodeIgniter->run()
 8 SYSTEMPATH\Boot.php(68): CodeIgniter\Boot::runCodeIgniter(Object(CodeIgniter\CodeIgniter))
 9 FCPATH\index.php(59): CodeIgniter\Boot::bootWeb(Object(Config\Paths))
10 SYSTEMPATH\rewrite.php(44): require_once('E:\\beuas\\backendUASmoba\\public\\index.php')
CRITICAL - 2025-12-04 13:42:55 --> CodeIgniter\Database\Exceptions\DataException: There is no data to update.
[Method: PUT, Route: resep/9]
in SYSTEMPATH\BaseModel.php on line 1008.
 1 SYSTEMPATH\BaseModel.php(1008): CodeIgniter\Database\Exceptions\DataException::forEmptyDataset('update')
 2 SYSTEMPATH\Model.php(860): CodeIgniter\BaseModel->update([...], [])
 3 APPPATH\Controllers\ResepController.php(91): CodeIgniter\Model->update('9', [...])
 4 SYSTEMPATH\CodeIgniter.php(933): App\Controllers\ResepController->update('9')
 5 SYSTEMPATH\CodeIgniter.php(507): CodeIgniter\CodeIgniter->runController(Object(App\Controllers\ResepController))
 6 SYSTEMPATH\CodeIgniter.php(354): CodeIgniter\CodeIgniter->handleRequest(null, Object(Config\Cache), false)
 7 SYSTEMPATH\Boot.php(363): CodeIgniter\CodeIgniter->run()
 8 SYSTEMPATH\Boot.php(68): CodeIgniter\Boot::runCodeIgniter(Object(CodeIgniter\CodeIgniter))
 9 FCPATH\index.php(59): CodeIgniter\Boot::bootWeb(Object(Config\Paths))
10 SYSTEMPATH\rewrite.php(44): require_once('E:\\beuas\\backendUASmoba\\public\\index.php')
CRITICAL - 2025-12-04 13:43:01 --> CodeIgniter\Database\Exceptions\DataException: There is no data to update.
[Method: PUT, Route: resep/9]
in SYSTEMPATH\BaseModel.php on line 1008.
 1 SYSTEMPATH\BaseModel.php(1008): CodeIgniter\Database\Exceptions\DataException::forEmptyDataset('update')
 2 SYSTEMPATH\Model.php(860): CodeIgniter\BaseModel->update([...], [])
 3 APPPATH\Controllers\ResepController.php(91): CodeIgniter\Model->update('9', [...])
 4 SYSTEMPATH\CodeIgniter.php(933): App\Controllers\ResepController->update('9')
 5 SYSTEMPATH\CodeIgniter.php(507): CodeIgniter\CodeIgniter->runController(Object(App\Controllers\ResepController))
 6 SYSTEMPATH\CodeIgniter.php(354): CodeIgniter\CodeIgniter->handleRequest(null, Object(Config\Cache), false)
 7 SYSTEMPATH\Boot.php(363): CodeIgniter\CodeIgniter->run()
 8 SYSTEMPATH\Boot.php(68): CodeIgniter\Boot::runCodeIgniter(Object(CodeIgniter\CodeIgniter))
 9 FCPATH\index.php(59): CodeIgniter\Boot::bootWeb(Object(Config\Paths))
10 SYSTEMPATH\rewrite.php(44): require_once('E:\\beuas\\backendUASmoba\\public\\index.php')
CRITICAL - 2025-12-04 13:43:26 --> CodeIgniter\Database\Exceptions\DataException: There is no data to update.
[Method: PUT, Route: resep/9]
in SYSTEMPATH\BaseModel.php on line 1008.
 1 SYSTEMPATH\BaseModel.php(1008): CodeIgniter\Database\Exceptions\DataException::forEmptyDataset('update')
 2 SYSTEMPATH\Model.php(860): CodeIgniter\BaseModel->update([...], [])
 3 APPPATH\Controllers\ResepController.php(91): CodeIgniter\Model->update('9', [...])
 4 SYSTEMPATH\CodeIgniter.php(933): App\Controllers\ResepController->update('9')
 5 SYSTEMPATH\CodeIgniter.php(507): CodeIgniter\CodeIgniter->runController(Object(App\Controllers\ResepController))
 6 SYSTEMPATH\CodeIgniter.php(354): CodeIgniter\CodeIgniter->handleRequest(null, Object(Config\Cache), false)
 7 SYSTEMPATH\Boot.php(363): CodeIgniter\CodeIgniter->run()
 8 SYSTEMPATH\Boot.php(68): CodeIgniter\Boot::runCodeIgniter(Object(CodeIgniter\CodeIgniter))
 9 FCPATH\index.php(59): CodeIgniter\Boot::bootWeb(Object(Config\Paths))
10 SYSTEMPATH\rewrite.php(44): require_once('E:\\beuas\\backendUASmoba\\public\\index.php')
CRITICAL - 2025-12-04 13:46:08 --> CodeIgniter\Database\Exceptions\DataException: There is no data to update.
[Method: PUT, Route: resep/12]
in SYSTEMPATH\BaseModel.php on line 1008.
 1 SYSTEMPATH\BaseModel.php(1008): CodeIgniter\Database\Exceptions\DataException::forEmptyDataset('update')
 2 SYSTEMPATH\Model.php(860): CodeIgniter\BaseModel->update([...], [])
 3 APPPATH\Controllers\ResepController.php(114): CodeIgniter\Model->update('12', [...])
 4 SYSTEMPATH\CodeIgniter.php(933): App\Controllers\ResepController->update('12')
 5 SYSTEMPATH\CodeIgniter.php(507): CodeIgniter\CodeIgniter->runController(Object(App\Controllers\ResepController))
 6 SYSTEMPATH\CodeIgniter.php(354): CodeIgniter\CodeIgniter->handleRequest(null, Object(Config\Cache), false)
 7 SYSTEMPATH\Boot.php(363): CodeIgniter\CodeIgniter->run()
 8 SYSTEMPATH\Boot.php(68): CodeIgniter\Boot::runCodeIgniter(Object(CodeIgniter\CodeIgniter))
 9 FCPATH\index.php(59): CodeIgniter\Boot::bootWeb(Object(Config\Paths))
10 SYSTEMPATH\rewrite.php(44): require_once('E:\\beuas\\backendUASmoba\\public\\index.php')
CRITICAL - 2025-12-04 13:46:15 --> CodeIgniter\Database\Exceptions\DataException: There is no data to update.
[Method: PUT, Route: resep/12]
in SYSTEMPATH\BaseModel.php on line 1008.
 1 SYSTEMPATH\BaseModel.php(1008): CodeIgniter\Database\Exceptions\DataException::forEmptyDataset('update')
 2 SYSTEMPATH\Model.php(860): CodeIgniter\BaseModel->update([...], [])
 3 APPPATH\Controllers\ResepController.php(114): CodeIgniter\Model->update('12', [...])
 4 SYSTEMPATH\CodeIgniter.php(933): App\Controllers\ResepController->update('12')
 5 SYSTEMPATH\CodeIgniter.php(507): CodeIgniter\CodeIgniter->runController(Object(App\Controllers\ResepController))
 6 SYSTEMPATH\CodeIgniter.php(354): CodeIgniter\CodeIgniter->handleRequest(null, Object(Config\Cache), false)
 7 SYSTEMPATH\Boot.php(363): CodeIgniter\CodeIgniter->run()
 8 SYSTEMPATH\Boot.php(68): CodeIgniter\Boot::runCodeIgniter(Object(CodeIgniter\CodeIgniter))
 9 FCPATH\index.php(59): CodeIgniter\Boot::bootWeb(Object(Config\Paths))
10 SYSTEMPATH\rewrite.php(44): require_once('E:\\beuas\\backendUASmoba\\public\\index.php')
CRITICAL - 2025-12-04 13:46:20 --> CodeIgniter\Database\Exceptions\DataException: There is no data to update.
[Method: PUT, Route: resep/12]
in SYSTEMPATH\BaseModel.php on line 1008.
 1 SYSTEMPATH\BaseModel.php(1008): CodeIgniter\Database\Exceptions\DataException::forEmptyDataset('update')
 2 SYSTEMPATH\Model.php(860): CodeIgniter\BaseModel->update([...], [])
 3 APPPATH\Controllers\ResepController.php(114): CodeIgniter\Model->update('12', [...])
 4 SYSTEMPATH\CodeIgniter.php(933): App\Controllers\ResepController->update('12')
 5 SYSTEMPATH\CodeIgniter.php(507): CodeIgniter\CodeIgniter->runController(Object(App\Controllers\ResepController))
 6 SYSTEMPATH\CodeIgniter.php(354): CodeIgniter\CodeIgniter->handleRequest(null, Object(Config\Cache), false)
 7 SYSTEMPATH\Boot.php(363): CodeIgniter\CodeIgniter->run()
 8 SYSTEMPATH\Boot.php(68): CodeIgniter\Boot::runCodeIgniter(Object(CodeIgniter\CodeIgniter))
 9 FCPATH\index.php(59): CodeIgniter\Boot::bootWeb(Object(Config\Paths))
10 SYSTEMPATH\rewrite.php(44): require_once('E:\\beuas\\backendUASmoba\\public\\index.php')
CRITICAL - 2025-12-04 13:48:30 --> CodeIgniter\Exceptions\BadMethodCallException: Call to undefined method App\Models\RecipeModel::getAllowedFields
[Method: PUT, Route: resep/12]
in SYSTEMPATH\Model.php on line 927.
 1 APPPATH\Controllers\ResepController.php(110): CodeIgniter\Model->__call('getAllowedFields', [])
 2 SYSTEMPATH\CodeIgniter.php(933): App\Controllers\ResepController->update('12')
 3 SYSTEMPATH\CodeIgniter.php(507): CodeIgniter\CodeIgniter->runController(Object(App\Controllers\ResepController))
 4 SYSTEMPATH\CodeIgniter.php(354): CodeIgniter\CodeIgniter->handleRequest(null, Object(Config\Cache), false)
 5 SYSTEMPATH\Boot.php(363): CodeIgniter\CodeIgniter->run()
 6 SYSTEMPATH\Boot.php(68): CodeIgniter\Boot::runCodeIgniter(Object(CodeIgniter\CodeIgniter))
 7 FCPATH\index.php(59): CodeIgniter\Boot::bootWeb(Object(Config\Paths))
 8 SYSTEMPATH\rewrite.php(44): require_once('E:\\beuas\\backendUASmoba\\public\\index.php')
CRITICAL - 2025-12-04 13:48:36 --> CodeIgniter\Exceptions\BadMethodCallException: Call to undefined method App\Models\RecipeModel::getAllowedFields
[Method: PUT, Route: resep/12]
in SYSTEMPATH\Model.php on line 927.
 1 APPPATH\Controllers\ResepController.php(110): CodeIgniter\Model->__call('getAllowedFields', [])
 2 SYSTEMPATH\CodeIgniter.php(933): App\Controllers\ResepController->update('12')
 3 SYSTEMPATH\CodeIgniter.php(507): CodeIgniter\CodeIgniter->runController(Object(App\Controllers\ResepController))
 4 SYSTEMPATH\CodeIgniter.php(354): CodeIgniter\CodeIgniter->handleRequest(null, Object(Config\Cache), false)
 5 SYSTEMPATH\Boot.php(363): CodeIgniter\CodeIgniter->run()
 6 SYSTEMPATH\Boot.php(68): CodeIgniter\Boot::runCodeIgniter(Object(CodeIgniter\CodeIgniter))
 7 FCPATH\index.php(59): CodeIgniter\Boot::bootWeb(Object(Config\Paths))
 8 SYSTEMPATH\rewrite.php(44): require_once('E:\\beuas\\backendUASmoba\\public\\index.php')
CRITICAL - 2025-12-04 13:48:45 --> CodeIgniter\Exceptions\BadMethodCallException: Call to undefined method App\Models\RecipeModel::getAllowedFields
[Method: PUT, Route: resep/12]
in SYSTEMPATH\Model.php on line 927.
 1 APPPATH\Controllers\ResepController.php(110): CodeIgniter\Model->__call('getAllowedFields', [])
 2 SYSTEMPATH\CodeIgniter.php(933): App\Controllers\ResepController->update('12')
 3 SYSTEMPATH\CodeIgniter.php(507): CodeIgniter\CodeIgniter->runController(Object(App\Controllers\ResepController))
 4 SYSTEMPATH\CodeIgniter.php(354): CodeIgniter\CodeIgniter->handleRequest(null, Object(Config\Cache), false)
 5 SYSTEMPATH\Boot.php(363): CodeIgniter\CodeIgniter->run()
 6 SYSTEMPATH\Boot.php(68): CodeIgniter\Boot::runCodeIgniter(Object(CodeIgniter\CodeIgniter))
 7 FCPATH\index.php(59): CodeIgniter\Boot::bootWeb(Object(Config\Paths))
 8 SYSTEMPATH\rewrite.php(44): require_once('E:\\beuas\\backendUASmoba\\public\\index.php')
